[0.083s] Invoking command in '/home/carson/interbotix_ws/build/interbotix_xs_msgs': CMAKE_PREFIX_PATH=${CMAKE_PREFIX_PATH}:/home/carson/robotics-xylophone-project/interbotix_ws/install/interbotix_xs_modules:/home/carson/robotics-xylophone-project/interbotix_ws/install/interbotix_perception_modules:/home/carson/robotics-xylophone-project/interbotix_ws/install/interbotix_common_modules:/home/carson/interbotix_ws/install/interbotix_xs_modules:/home/carson/interbotix_ws/install/interbotix_perception_modules:/home/carson/interbotix_ws/install/interbotix_common_modules:/opt/ros/galactic /usr/bin/cmake /home/carson/interbotix_ws/src/interbotix_ros_core/interbotix_ros_xseries/interbotix_xs_msgs -DCMAKE_INSTALL_PREFIX=/home/carson/interbotix_ws/install/interbotix_xs_msgs
[0.936s] -- The C compiler identification is GNU 9.4.0
[2.127s] -- The CXX compiler identification is GNU 9.4.0
[2.778s] -- Check for working C compiler: /usr/bin/cc
[3.301s] -- Check for working C compiler: /usr/bin/cc -- works
[3.304s] -- Detecting C compiler ABI info
[3.691s] -- Detecting C compiler ABI info - done
[3.707s] -- Detecting C compile features
[3.708s] -- Detecting C compile features - done
[3.714s] -- Check for working CXX compiler: /usr/bin/c++
[4.058s] -- Check for working CXX compiler: /usr/bin/c++ -- works
[4.060s] -- Detecting CXX compiler ABI info
[4.569s] -- Detecting CXX compiler ABI info - done
[4.608s] -- Detecting CXX compile features
[4.609s] -- Detecting CXX compile features - done
[4.619s] -- Found rosidl_default_generators: 1.1.1 (/opt/ros/galactic/share/rosidl_default_generators/cmake)
[4.626s] -- Found ament_cmake_core: 1.1.6 (/opt/ros/galactic/share/ament_cmake_core/cmake)
[4.701s] -- Found PythonInterp: /usr/bin/python3 (found suitable version "3.8.10", minimum required is "3") 
[4.701s] -- Using PYTHON_EXECUTABLE: /usr/bin/python3
[4.919s] -- Using all available rosidl_typesupport_c: rosidl_typesupport_fastrtps_c;rosidl_typesupport_introspection_c
[4.958s] -- Found rosidl_adapter: 2.2.3 (/opt/ros/galactic/share/rosidl_adapter/cmake)
[7.832s] -- Found OpenSSL: /usr/lib/x86_64-linux-gnu/libcrypto.so (found version "1.1.1f")  
[10.350s] -- Found FastRTPS: /opt/ros/galactic/include  
[19.614s] -- Using all available rosidl_typesupport_cpp: rosidl_typesupport_fastrtps_cpp;rosidl_typesupport_introspection_cpp
[19.756s] -- Found std_msgs: 2.2.4 (/opt/ros/galactic/share/std_msgs/cmake)
[19.927s] -- Found trajectory_msgs: 2.2.4 (/opt/ros/galactic/share/trajectory_msgs/cmake)
[20.268s] -- Found PythonInterp: /usr/bin/python3 (found version "3.8.10") 
[21.010s] -- Found ament_cmake_ros: 0.9.2 (/opt/ros/galactic/share/ament_cmake_ros/cmake)
[40.003s] -- Using all available rosidl_typesupport_c: rosidl_typesupport_fastrtps_c;rosidl_typesupport_introspection_c
[40.279s] -- Using all available rosidl_typesupport_cpp: rosidl_typesupport_fastrtps_cpp;rosidl_typesupport_introspection_cpp
[40.345s] -- Found PythonInterp: /usr/bin/python3 (found suitable version "3.8.10", minimum required is "3.5") 
[40.348s] -- Found python_cmake_module: 0.8.1 (/opt/ros/galactic/share/python_cmake_module/cmake)
[42.182s] -- Found PythonLibs: /usr/lib/x86_64-linux-gnu/libpython3.8.so (found suitable version "3.8.10", minimum required is "3.5") 
[42.182s] -- Using PYTHON_EXECUTABLE: /usr/bin/python3
[42.182s] -- Using PYTHON_INCLUDE_DIRS: /usr/include/python3.8
[42.182s] -- Using PYTHON_LIBRARIES: /usr/lib/x86_64-linux-gnu/libpython3.8.so
[42.211s] -- Found PythonExtra: .so  
[42.484s] -- Found ament_lint_auto: 0.10.7 (/opt/ros/galactic/share/ament_lint_auto/cmake)
[46.717s] -- Configuring done
[46.942s] -- Generating done
[46.949s] -- Build files have been written to: /home/carson/interbotix_ws/build/interbotix_xs_msgs
[46.963s] Invoked command in '/home/carson/interbotix_ws/build/interbotix_xs_msgs' returned '0': CMAKE_PREFIX_PATH=${CMAKE_PREFIX_PATH}:/home/carson/robotics-xylophone-project/interbotix_ws/install/interbotix_xs_modules:/home/carson/robotics-xylophone-project/interbotix_ws/install/interbotix_perception_modules:/home/carson/robotics-xylophone-project/interbotix_ws/install/interbotix_common_modules:/home/carson/interbotix_ws/install/interbotix_xs_modules:/home/carson/interbotix_ws/install/interbotix_perception_modules:/home/carson/interbotix_ws/install/interbotix_common_modules:/opt/ros/galactic /usr/bin/cmake /home/carson/interbotix_ws/src/interbotix_ros_core/interbotix_ros_xseries/interbotix_xs_msgs -DCMAKE_INSTALL_PREFIX=/home/carson/interbotix_ws/install/interbotix_xs_msgs
[46.969s] Invoking command in '/home/carson/interbotix_ws/build/interbotix_xs_msgs': CMAKE_PREFIX_PATH=${CMAKE_PREFIX_PATH}:/home/carson/robotics-xylophone-project/interbotix_ws/install/interbotix_xs_modules:/home/carson/robotics-xylophone-project/interbotix_ws/install/interbotix_perception_modules:/home/carson/robotics-xylophone-project/interbotix_ws/install/interbotix_common_modules:/home/carson/interbotix_ws/install/interbotix_xs_modules:/home/carson/interbotix_ws/install/interbotix_perception_modules:/home/carson/interbotix_ws/install/interbotix_common_modules:/opt/ros/galactic /usr/bin/cmake --build /home/carson/interbotix_ws/build/interbotix_xs_msgs -- -j16 -l16
[47.053s] [  1%] [34m[1mGenerating C code for ROS interfaces[0m
[47.054s] [35m[1mScanning dependencies of target interbotix_xs_msgs__cpp[0m
[47.079s] [  1%] [34m[1mGenerating C++ code for ROS interfaces[0m
[50.515s] [  1%] Built target interbotix_xs_msgs__cpp
[50.537s] [  2%] [34m[1mGenerating C++ type support dispatch for ROS interfaces[0m
[50.551s] [  3%] [34m[1mGenerating C++ type support for eProsima Fast-RTPS[0m
[50.554s] [  3%] [34m[1mGenerating C++ introspection for ROS interfaces[0m
[50.660s] [35m[1mScanning dependencies of target interbotix_xs_msgs__rosidl_generator_c[0m
[50.695s] [  4%] [32mBuilding C object CMakeFiles/interbotix_xs_msgs__rosidl_generator_c.dir/rosidl_generator_c/interbotix_xs_msgs/msg/detail/joint_group_command__functions.c.o[0m
[50.697s] [  5%] [32mBuilding C object CMakeFiles/interbotix_xs_msgs__rosidl_generator_c.dir/rosidl_generator_c/interbotix_xs_msgs/msg/detail/joint_single_command__functions.c.o[0m
[50.697s] [  6%] [32mBuilding C object CMakeFiles/interbotix_xs_msgs__rosidl_generator_c.dir/rosidl_generator_c/interbotix_xs_msgs/msg/detail/joint_temps__functions.c.o[0m
[50.698s] [  6%] [32mBuilding C object CMakeFiles/interbotix_xs_msgs__rosidl_generator_c.dir/rosidl_generator_c/interbotix_xs_msgs/srv/detail/operating_modes__functions.c.o[0m
[50.698s] [  8%] [32mBuilding C object CMakeFiles/interbotix_xs_msgs__rosidl_generator_c.dir/rosidl_generator_c/interbotix_xs_msgs/srv/detail/reboot__functions.c.o[0m
[50.698s] [  8%] [32mBuilding C object CMakeFiles/interbotix_xs_msgs__rosidl_generator_c.dir/rosidl_generator_c/interbotix_xs_msgs/srv/detail/motor_gains__functions.c.o[0m
[50.699s] [  8%] [32mBuilding C object CMakeFiles/interbotix_xs_msgs__rosidl_generator_c.dir/rosidl_generator_c/interbotix_xs_msgs/msg/detail/hex_joy__functions.c.o[0m
[50.701s] [  9%] [32mBuilding C object CMakeFiles/interbotix_xs_msgs__rosidl_generator_c.dir/rosidl_generator_c/interbotix_xs_msgs/msg/detail/turret_joy__functions.c.o[0m
[50.702s] [ 10%] [32mBuilding C object CMakeFiles/interbotix_xs_msgs__rosidl_generator_c.dir/rosidl_generator_c/interbotix_xs_msgs/msg/detail/locobot_joy__functions.c.o[0m
[50.702s] [ 11%] [32mBuilding C object CMakeFiles/interbotix_xs_msgs__rosidl_generator_c.dir/rosidl_generator_c/interbotix_xs_msgs/msg/detail/arm_joy__functions.c.o[0m
[50.711s] [ 11%] [32mBuilding C object CMakeFiles/interbotix_xs_msgs__rosidl_generator_c.dir/rosidl_generator_c/interbotix_xs_msgs/srv/detail/robot_info__functions.c.o[0m
[50.714s] [ 12%] [32mBuilding C object CMakeFiles/interbotix_xs_msgs__rosidl_generator_c.dir/rosidl_generator_c/interbotix_xs_msgs/srv/detail/register_values__functions.c.o[0m
[50.715s] [ 12%] [32mBuilding C object CMakeFiles/interbotix_xs_msgs__rosidl_generator_c.dir/rosidl_generator_c/interbotix_xs_msgs/msg/detail/joint_trajectory_command__functions.c.o[0m
[50.811s] [ 13%] [32mBuilding C object CMakeFiles/interbotix_xs_msgs__rosidl_generator_c.dir/rosidl_generator_c/interbotix_xs_msgs/srv/detail/torque_enable__functions.c.o[0m
[50.888s] [ 14%] [32m[1mLinking C shared library libinterbotix_xs_msgs__rosidl_generator_c.so[0m
[51.247s] [ 14%] Built target interbotix_xs_msgs__rosidl_generator_c
[51.262s] [ 15%] [34m[1mGenerating C introspection for ROS interfaces[0m
[51.263s] [ 16%] [34m[1mGenerating C type support dispatch for ROS interfaces[0m
[53.473s] [35m[1mScanning dependencies of target interbotix_xs_msgs__rosidl_typesupport_cpp[0m
[53.501s] [ 18%] [32mBuilding CXX object CMakeFiles/interbotix_xs_msgs__rosidl_typesupport_cpp.dir/rosidl_typesupport_cpp/interbotix_xs_msgs/msg/arm_joy__type_support.cpp.o[0m
[53.501s] [ 18%] [32mBuilding CXX object CMakeFiles/interbotix_xs_msgs__rosidl_typesupport_cpp.dir/rosidl_typesupport_cpp/interbotix_xs_msgs/msg/hex_joy__type_support.cpp.o[0m
[53.502s] [ 19%] [32mBuilding CXX object CMakeFiles/interbotix_xs_msgs__rosidl_typesupport_cpp.dir/rosidl_typesupport_cpp/interbotix_xs_msgs/msg/joint_single_command__type_support.cpp.o[0m
[53.503s] [ 20%] [32mBuilding CXX object CMakeFiles/interbotix_xs_msgs__rosidl_typesupport_cpp.dir/rosidl_typesupport_cpp/interbotix_xs_msgs/msg/joint_temps__type_support.cpp.o[0m
[53.503s] [ 20%] [32mBuilding CXX object CMakeFiles/interbotix_xs_msgs__rosidl_typesupport_cpp.dir/rosidl_typesupport_cpp/interbotix_xs_msgs/msg/joint_trajectory_command__type_support.cpp.o[0m
[53.503s] [ 20%] [32mBuilding CXX object CMakeFiles/interbotix_xs_msgs__rosidl_typesupport_cpp.dir/rosidl_typesupport_cpp/interbotix_xs_msgs/msg/joint_group_command__type_support.cpp.o[0m
[53.504s] [ 21%] [32mBuilding CXX object CMakeFiles/interbotix_xs_msgs__rosidl_typesupport_cpp.dir/rosidl_typesupport_cpp/interbotix_xs_msgs/msg/turret_joy__type_support.cpp.o[0m
[53.505s] [ 22%] [32mBuilding CXX object CMakeFiles/interbotix_xs_msgs__rosidl_typesupport_cpp.dir/rosidl_typesupport_cpp/interbotix_xs_msgs/srv/motor_gains__type_support.cpp.o[0m
[53.505s] [ 22%] [32mBuilding CXX object CMakeFiles/interbotix_xs_msgs__rosidl_typesupport_cpp.dir/rosidl_typesupport_cpp/interbotix_xs_msgs/srv/operating_modes__type_support.cpp.o[0m
[53.506s] [ 23%] [32mBuilding CXX object CMakeFiles/interbotix_xs_msgs__rosidl_typesupport_cpp.dir/rosidl_typesupport_cpp/interbotix_xs_msgs/srv/reboot__type_support.cpp.o[0m
[53.517s] [ 24%] [32mBuilding CXX object CMakeFiles/interbotix_xs_msgs__rosidl_typesupport_cpp.dir/rosidl_typesupport_cpp/interbotix_xs_msgs/msg/locobot_joy__type_support.cpp.o[0m
[53.520s] [ 25%] [32mBuilding CXX object CMakeFiles/interbotix_xs_msgs__rosidl_typesupport_cpp.dir/rosidl_typesupport_cpp/interbotix_xs_msgs/srv/register_values__type_support.cpp.o[0m
[54.317s] [ 26%] [32mBuilding CXX object CMakeFiles/interbotix_xs_msgs__rosidl_typesupport_cpp.dir/rosidl_typesupport_cpp/interbotix_xs_msgs/srv/robot_info__type_support.cpp.o[0m
[54.330s] [ 26%] [32mBuilding CXX object CMakeFiles/interbotix_xs_msgs__rosidl_typesupport_cpp.dir/rosidl_typesupport_cpp/interbotix_xs_msgs/srv/torque_enable__type_support.cpp.o[0m
[54.454s] [35m[1mScanning dependencies of target interbotix_xs_msgs__rosidl_typesupport_fastrtps_cpp[0m
[54.523s] [ 27%] [32mBuilding CXX object CMakeFiles/interbotix_xs_msgs__rosidl_typesupport_fastrtps_cpp.dir/rosidl_typesupport_fastrtps_cpp/interbotix_xs_msgs/msg/detail/dds_fastrtps/joint_temps__type_support.cpp.o[0m
[54.524s] [ 26%] [32mBuilding CXX object CMakeFiles/interbotix_xs_msgs__rosidl_typesupport_fastrtps_cpp.dir/rosidl_typesupport_fastrtps_cpp/interbotix_xs_msgs/msg/detail/dds_fastrtps/joint_group_command__type_support.cpp.o[0m
[54.524s] [ 28%] [32mBuilding CXX object CMakeFiles/interbotix_xs_msgs__rosidl_typesupport_fastrtps_cpp.dir/rosidl_typesupport_fastrtps_cpp/interbotix_xs_msgs/msg/detail/dds_fastrtps/hex_joy__type_support.cpp.o[0m
[54.524s] [ 29%] [32mBuilding CXX object CMakeFiles/interbotix_xs_msgs__rosidl_typesupport_fastrtps_cpp.dir/rosidl_typesupport_fastrtps_cpp/interbotix_xs_msgs/msg/detail/dds_fastrtps/joint_single_command__type_support.cpp.o[0m
[54.524s] [ 30%] [32mBuilding CXX object CMakeFiles/interbotix_xs_msgs__rosidl_typesupport_fastrtps_cpp.dir/rosidl_typesupport_fastrtps_cpp/interbotix_xs_msgs/msg/detail/dds_fastrtps/arm_joy__type_support.cpp.o[0m
[54.525s] [ 30%] [32mBuilding CXX object CMakeFiles/interbotix_xs_msgs__rosidl_typesupport_fastrtps_cpp.dir/rosidl_typesupport_fastrtps_cpp/interbotix_xs_msgs/msg/detail/dds_fastrtps/locobot_joy__type_support.cpp.o[0m
[54.525s] [ 31%] [32mBuilding CXX object CMakeFiles/interbotix_xs_msgs__rosidl_typesupport_fastrtps_cpp.dir/rosidl_typesupport_fastrtps_cpp/interbotix_xs_msgs/msg/detail/dds_fastrtps/turret_joy__type_support.cpp.o[0m
[54.532s] [ 32%] [32mBuilding CXX object CMakeFiles/interbotix_xs_msgs__rosidl_typesupport_fastrtps_cpp.dir/rosidl_typesupport_fastrtps_cpp/interbotix_xs_msgs/msg/detail/dds_fastrtps/joint_trajectory_command__type_support.cpp.o[0m
[54.533s] [ 33%] [32mBuilding CXX object CMakeFiles/interbotix_xs_msgs__rosidl_typesupport_fastrtps_cpp.dir/rosidl_typesupport_fastrtps_cpp/interbotix_xs_msgs/srv/detail/dds_fastrtps/motor_gains__type_support.cpp.o[0m
[54.544s] [ 34%] [32mBuilding CXX object CMakeFiles/interbotix_xs_msgs__rosidl_typesupport_fastrtps_cpp.dir/rosidl_typesupport_fastrtps_cpp/interbotix_xs_msgs/srv/detail/dds_fastrtps/operating_modes__type_support.cpp.o[0m
[54.568s] [ 34%] [32mBuilding CXX object CMakeFiles/interbotix_xs_msgs__rosidl_typesupport_fastrtps_cpp.dir/rosidl_typesupport_fastrtps_cpp/interbotix_xs_msgs/srv/detail/dds_fastrtps/reboot__type_support.cpp.o[0m
[55.122s] [ 35%] [32mBuilding CXX object CMakeFiles/interbotix_xs_msgs__rosidl_typesupport_fastrtps_cpp.dir/rosidl_typesupport_fastrtps_cpp/interbotix_xs_msgs/srv/detail/dds_fastrtps/register_values__type_support.cpp.o[0m
[55.130s] [35m[1mScanning dependencies of target interbotix_xs_msgs__rosidl_typesupport_c[0m
[55.188s] [ 35%] [32mBuilding CXX object CMakeFiles/interbotix_xs_msgs__rosidl_typesupport_c.dir/rosidl_typesupport_c/interbotix_xs_msgs/msg/arm_joy__type_support.cpp.o[0m
[55.207s] [ 36%] [32m[1mLinking CXX shared library libinterbotix_xs_msgs__rosidl_typesupport_cpp.so[0m
[55.325s] [ 37%] [32mBuilding CXX object CMakeFiles/interbotix_xs_msgs__rosidl_typesupport_c.dir/rosidl_typesupport_c/interbotix_xs_msgs/msg/hex_joy__type_support.cpp.o[0m
[55.417s] [ 38%] [32mBuilding CXX object CMakeFiles/interbotix_xs_msgs__rosidl_typesupport_c.dir/rosidl_typesupport_c/interbotix_xs_msgs/msg/joint_group_command__type_support.cpp.o[0m
[55.514s] [ 39%] [32mBuilding CXX object CMakeFiles/interbotix_xs_msgs__rosidl_typesupport_c.dir/rosidl_typesupport_c/interbotix_xs_msgs/msg/joint_single_command__type_support.cpp.o[0m
[55.611s] [ 39%] [32mBuilding CXX object CMakeFiles/interbotix_xs_msgs__rosidl_typesupport_c.dir/rosidl_typesupport_c/interbotix_xs_msgs/msg/joint_temps__type_support.cpp.o[0m
[55.701s] [ 40%] [32mBuilding CXX object CMakeFiles/interbotix_xs_msgs__rosidl_typesupport_c.dir/rosidl_typesupport_c/interbotix_xs_msgs/msg/joint_trajectory_command__type_support.cpp.o[0m
[55.748s] [ 41%] [32mBuilding CXX object CMakeFiles/interbotix_xs_msgs__rosidl_typesupport_fastrtps_cpp.dir/rosidl_typesupport_fastrtps_cpp/interbotix_xs_msgs/srv/detail/dds_fastrtps/robot_info__type_support.cpp.o[0m
[55.788s] [ 42%] [32mBuilding CXX object CMakeFiles/interbotix_xs_msgs__rosidl_typesupport_c.dir/rosidl_typesupport_c/interbotix_xs_msgs/msg/locobot_joy__type_support.cpp.o[0m
[55.800s] [ 43%] [32mBuilding CXX object CMakeFiles/interbotix_xs_msgs__rosidl_typesupport_fastrtps_cpp.dir/rosidl_typesupport_fastrtps_cpp/interbotix_xs_msgs/srv/detail/dds_fastrtps/torque_enable__type_support.cpp.o[0m
[55.899s] [ 44%] [32mBuilding CXX object CMakeFiles/interbotix_xs_msgs__rosidl_typesupport_c.dir/rosidl_typesupport_c/interbotix_xs_msgs/msg/turret_joy__type_support.cpp.o[0m
[55.951s] [ 44%] Built target interbotix_xs_msgs__rosidl_typesupport_cpp
[55.951s] [ 44%] [32mBuilding CXX object CMakeFiles/interbotix_xs_msgs__rosidl_typesupport_c.dir/rosidl_typesupport_c/interbotix_xs_msgs/srv/motor_gains__type_support.cpp.o[0m
[55.979s] [ 45%] [32mBuilding CXX object CMakeFiles/interbotix_xs_msgs__rosidl_typesupport_c.dir/rosidl_typesupport_c/interbotix_xs_msgs/srv/operating_modes__type_support.cpp.o[0m
[55.980s] [ 45%] [32mBuilding CXX object CMakeFiles/interbotix_xs_msgs__rosidl_typesupport_c.dir/rosidl_typesupport_c/interbotix_xs_msgs/srv/robot_info__type_support.cpp.o[0m
[55.983s] [ 46%] [32mBuilding CXX object CMakeFiles/interbotix_xs_msgs__rosidl_typesupport_c.dir/rosidl_typesupport_c/interbotix_xs_msgs/srv/register_values__type_support.cpp.o[0m
[55.986s] [ 47%] [32mBuilding CXX object CMakeFiles/interbotix_xs_msgs__rosidl_typesupport_c.dir/rosidl_typesupport_c/interbotix_xs_msgs/srv/reboot__type_support.cpp.o[0m
[56.000s] [ 48%] [32mBuilding CXX object CMakeFiles/interbotix_xs_msgs__rosidl_typesupport_c.dir/rosidl_typesupport_c/interbotix_xs_msgs/srv/torque_enable__type_support.cpp.o[0m
[56.013s] [35m[1mScanning dependencies of target interbotix_xs_msgs__rosidl_typesupport_introspection_c[0m
[56.069s] [ 48%] [32mBuilding C object CMakeFiles/interbotix_xs_msgs__rosidl_typesupport_introspection_c.dir/rosidl_typesupport_introspection_c/interbotix_xs_msgs/msg/detail/joint_group_command__type_support.c.o[0m
[56.070s] [ 49%] [32mBuilding C object CMakeFiles/interbotix_xs_msgs__rosidl_typesupport_introspection_c.dir/rosidl_typesupport_introspection_c/interbotix_xs_msgs/msg/detail/arm_joy__type_support.c.o[0m
[56.070s] [ 50%] [32mBuilding C object CMakeFiles/interbotix_xs_msgs__rosidl_typesupport_introspection_c.dir/rosidl_typesupport_introspection_c/interbotix_xs_msgs/msg/detail/joint_temps__type_support.c.o[0m
[56.073s] [ 51%] [32mBuilding C object CMakeFiles/interbotix_xs_msgs__rosidl_typesupport_introspection_c.dir/rosidl_typesupport_introspection_c/interbotix_xs_msgs/msg/detail/hex_joy__type_support.c.o[0m
[56.074s] [ 52%] [32mBuilding C object CMakeFiles/interbotix_xs_msgs__rosidl_typesupport_introspection_c.dir/rosidl_typesupport_introspection_c/interbotix_xs_msgs/msg/detail/joint_trajectory_command__type_support.c.o[0m
[56.083s] [ 53%] [32mBuilding C object CMakeFiles/interbotix_xs_msgs__rosidl_typesupport_introspection_c.dir/rosidl_typesupport_introspection_c/interbotix_xs_msgs/msg/detail/locobot_joy__type_support.c.o[0m
[56.084s] [ 53%] [32mBuilding C object CMakeFiles/interbotix_xs_msgs__rosidl_typesupport_introspection_c.dir/rosidl_typesupport_introspection_c/interbotix_xs_msgs/msg/detail/joint_single_command__type_support.c.o[0m
[56.084s] [ 54%] [32mBuilding C object CMakeFiles/interbotix_xs_msgs__rosidl_typesupport_introspection_c.dir/rosidl_typesupport_introspection_c/interbotix_xs_msgs/msg/detail/turret_joy__type_support.c.o[0m
[56.089s] [ 55%] [32mBuilding C object CMakeFiles/interbotix_xs_msgs__rosidl_typesupport_introspection_c.dir/rosidl_typesupport_introspection_c/interbotix_xs_msgs/srv/detail/motor_gains__type_support.c.o[0m
[56.096s] [ 55%] [32mBuilding C object CMakeFiles/interbotix_xs_msgs__rosidl_typesupport_introspection_c.dir/rosidl_typesupport_introspection_c/interbotix_xs_msgs/srv/detail/operating_modes__type_support.c.o[0m
[56.113s] [ 56%] [32m[1mLinking CXX shared library libinterbotix_xs_msgs__rosidl_typesupport_c.so[0m
[56.168s] [ 57%] [32mBuilding C object CMakeFiles/interbotix_xs_msgs__rosidl_typesupport_introspection_c.dir/rosidl_typesupport_introspection_c/interbotix_xs_msgs/srv/detail/reboot__type_support.c.o[0m
[56.179s] [ 59%] [32mBuilding C object CMakeFiles/interbotix_xs_msgs__rosidl_typesupport_introspection_c.dir/rosidl_typesupport_introspection_c/interbotix_xs_msgs/srv/detail/register_values__type_support.c.o[0m
[56.179s] [ 59%] [32mBuilding C object CMakeFiles/interbotix_xs_msgs__rosidl_typesupport_introspection_c.dir/rosidl_typesupport_introspection_c/interbotix_xs_msgs/srv/detail/robot_info__type_support.c.o[0m
[56.191s] [ 59%] [32mBuilding C object CMakeFiles/interbotix_xs_msgs__rosidl_typesupport_introspection_c.dir/rosidl_typesupport_introspection_c/interbotix_xs_msgs/srv/detail/torque_enable__type_support.c.o[0m
[56.270s] [ 60%] [32m[1mLinking C shared library libinterbotix_xs_msgs__rosidl_typesupport_introspection_c.so[0m
[56.553s] [35m[1mScanning dependencies of target interbotix_xs_msgs__rosidl_typesupport_introspection_cpp[0m
[56.597s] [ 61%] [32mBuilding CXX object CMakeFiles/interbotix_xs_msgs__rosidl_typesupport_introspection_cpp.dir/rosidl_typesupport_introspection_cpp/interbotix_xs_msgs/msg/detail/arm_joy__type_support.cpp.o[0m
[56.597s] [ 62%] [32mBuilding CXX object CMakeFiles/interbotix_xs_msgs__rosidl_typesupport_introspection_cpp.dir/rosidl_typesupport_introspection_cpp/interbotix_xs_msgs/msg/detail/joint_group_command__type_support.cpp.o[0m
[56.598s] [ 63%] [32mBuilding CXX object CMakeFiles/interbotix_xs_msgs__rosidl_typesupport_introspection_cpp.dir/rosidl_typesupport_introspection_cpp/interbotix_xs_msgs/msg/detail/joint_temps__type_support.cpp.o[0m
[56.601s] [ 63%] [32mBuilding CXX object CMakeFiles/interbotix_xs_msgs__rosidl_typesupport_introspection_cpp.dir/rosidl_typesupport_introspection_cpp/interbotix_xs_msgs/msg/detail/turret_joy__type_support.cpp.o[0m
[56.602s] [ 63%] [32mBuilding CXX object CMakeFiles/interbotix_xs_msgs__rosidl_typesupport_introspection_cpp.dir/rosidl_typesupport_introspection_cpp/interbotix_xs_msgs/msg/detail/joint_single_command__type_support.cpp.o[0m
[56.602s] [ 65%] [32mBuilding CXX object CMakeFiles/interbotix_xs_msgs__rosidl_typesupport_introspection_cpp.dir/rosidl_typesupport_introspection_cpp/interbotix_xs_msgs/srv/detail/motor_gains__type_support.cpp.o[0m
[56.603s] [ 65%] [32mBuilding CXX object CMakeFiles/interbotix_xs_msgs__rosidl_typesupport_introspection_cpp.dir/rosidl_typesupport_introspection_cpp/interbotix_xs_msgs/msg/detail/joint_trajectory_command__type_support.cpp.o[0m
[56.603s] [ 66%] [32mBuilding CXX object CMakeFiles/interbotix_xs_msgs__rosidl_typesupport_introspection_cpp.dir/rosidl_typesupport_introspection_cpp/interbotix_xs_msgs/srv/detail/register_values__type_support.cpp.o[0m
[56.603s] [ 66%] [32mBuilding CXX object CMakeFiles/interbotix_xs_msgs__rosidl_typesupport_introspection_cpp.dir/rosidl_typesupport_introspection_cpp/interbotix_xs_msgs/srv/detail/operating_modes__type_support.cpp.o[0m
[56.609s] [ 67%] [32mBuilding CXX object CMakeFiles/interbotix_xs_msgs__rosidl_typesupport_introspection_cpp.dir/rosidl_typesupport_introspection_cpp/interbotix_xs_msgs/msg/detail/locobot_joy__type_support.cpp.o[0m
[56.615s] [ 68%] [32mBuilding CXX object CMakeFiles/interbotix_xs_msgs__rosidl_typesupport_introspection_cpp.dir/rosidl_typesupport_introspection_cpp/interbotix_xs_msgs/srv/detail/reboot__type_support.cpp.o[0m
[56.622s] [ 69%] [32mBuilding CXX object CMakeFiles/interbotix_xs_msgs__rosidl_typesupport_introspection_cpp.dir/rosidl_typesupport_introspection_cpp/interbotix_xs_msgs/msg/detail/hex_joy__type_support.cpp.o[0m
[56.766s] [ 69%] Built target interbotix_xs_msgs__rosidl_typesupport_c
[56.799s] [ 70%] [32mBuilding CXX object CMakeFiles/interbotix_xs_msgs__rosidl_typesupport_introspection_cpp.dir/rosidl_typesupport_introspection_cpp/interbotix_xs_msgs/srv/detail/robot_info__type_support.cpp.o[0m
[56.865s] [ 70%] Built target interbotix_xs_msgs__rosidl_typesupport_introspection_c
[56.928s] [ 71%] [32mBuilding CXX object CMakeFiles/interbotix_xs_msgs__rosidl_typesupport_introspection_cpp.dir/rosidl_typesupport_introspection_cpp/interbotix_xs_msgs/srv/detail/torque_enable__type_support.cpp.o[0m
[57.379s] [ 71%] [32m[1mLinking CXX shared library libinterbotix_xs_msgs__rosidl_typesupport_fastrtps_cpp.so[0m
[57.980s] [ 71%] Built target interbotix_xs_msgs__rosidl_typesupport_fastrtps_cpp
[57.998s] [ 72%] [34m[1mGenerating C type support for eProsima Fast-RTPS[0m
[58.310s] [ 73%] [32m[1mLinking CXX shared library libinterbotix_xs_msgs__rosidl_typesupport_introspection_cpp.so[0m
[58.767s] [ 73%] Built target interbotix_xs_msgs__rosidl_typesupport_introspection_cpp
[60.549s] [35m[1mScanning dependencies of target interbotix_xs_msgs__rosidl_typesupport_fastrtps_c[0m
[60.602s] [ 74%] [32mBuilding CXX object CMakeFiles/interbotix_xs_msgs__rosidl_typesupport_fastrtps_c.dir/rosidl_typesupport_fastrtps_c/interbotix_xs_msgs/msg/detail/joint_single_command__type_support_c.cpp.o[0m
[60.602s] [ 75%] [32mBuilding CXX object CMakeFiles/interbotix_xs_msgs__rosidl_typesupport_fastrtps_c.dir/rosidl_typesupport_fastrtps_c/interbotix_xs_msgs/msg/detail/joint_group_command__type_support_c.cpp.o[0m
[60.603s] [ 76%] [32mBuilding CXX object CMakeFiles/interbotix_xs_msgs__rosidl_typesupport_fastrtps_c.dir/rosidl_typesupport_fastrtps_c/interbotix_xs_msgs/msg/detail/arm_joy__type_support_c.cpp.o[0m
[60.604s] [ 75%] [32mBuilding CXX object CMakeFiles/interbotix_xs_msgs__rosidl_typesupport_fastrtps_c.dir/rosidl_typesupport_fastrtps_c/interbotix_xs_msgs/msg/detail/hex_joy__type_support_c.cpp.o[0m
[60.605s] [ 77%] [32mBuilding CXX object CMakeFiles/interbotix_xs_msgs__rosidl_typesupport_fastrtps_c.dir/rosidl_typesupport_fastrtps_c/interbotix_xs_msgs/msg/detail/joint_temps__type_support_c.cpp.o[0m
[60.607s] [ 78%] [32mBuilding CXX object CMakeFiles/interbotix_xs_msgs__rosidl_typesupport_fastrtps_c.dir/rosidl_typesupport_fastrtps_c/interbotix_xs_msgs/msg/detail/joint_trajectory_command__type_support_c.cpp.o[0m
[60.607s] [ 78%] [32mBuilding CXX object CMakeFiles/interbotix_xs_msgs__rosidl_typesupport_fastrtps_c.dir/rosidl_typesupport_fastrtps_c/interbotix_xs_msgs/msg/detail/locobot_joy__type_support_c.cpp.o[0m
[60.609s] [ 80%] [32mBuilding CXX object CMakeFiles/interbotix_xs_msgs__rosidl_typesupport_fastrtps_c.dir/rosidl_typesupport_fastrtps_c/interbotix_xs_msgs/srv/detail/operating_modes__type_support_c.cpp.o[0m
[60.610s] [ 80%] [32mBuilding CXX object CMakeFiles/interbotix_xs_msgs__rosidl_typesupport_fastrtps_c.dir/rosidl_typesupport_fastrtps_c/interbotix_xs_msgs/msg/detail/turret_joy__type_support_c.cpp.o[0m
[60.610s] [ 80%] [32mBuilding CXX object CMakeFiles/interbotix_xs_msgs__rosidl_typesupport_fastrtps_c.dir/rosidl_typesupport_fastrtps_c/interbotix_xs_msgs/srv/detail/motor_gains__type_support_c.cpp.o[0m
[60.610s] [ 81%] [32mBuilding CXX object CMakeFiles/interbotix_xs_msgs__rosidl_typesupport_fastrtps_c.dir/rosidl_typesupport_fastrtps_c/interbotix_xs_msgs/srv/detail/reboot__type_support_c.cpp.o[0m
[60.610s] [ 82%] [32mBuilding CXX object CMakeFiles/interbotix_xs_msgs__rosidl_typesupport_fastrtps_c.dir/rosidl_typesupport_fastrtps_c/interbotix_xs_msgs/srv/detail/robot_info__type_support_c.cpp.o[0m
[60.613s] [ 82%] [32mBuilding CXX object CMakeFiles/interbotix_xs_msgs__rosidl_typesupport_fastrtps_c.dir/rosidl_typesupport_fastrtps_c/interbotix_xs_msgs/srv/detail/torque_enable__type_support_c.cpp.o[0m
[60.621s] [ 83%] [32mBuilding CXX object CMakeFiles/interbotix_xs_msgs__rosidl_typesupport_fastrtps_c.dir/rosidl_typesupport_fastrtps_c/interbotix_xs_msgs/srv/detail/register_values__type_support_c.cpp.o[0m
[61.710s] [ 84%] [32m[1mLinking CXX shared library libinterbotix_xs_msgs__rosidl_typesupport_fastrtps_c.so[0m
[62.110s] [ 84%] Built target interbotix_xs_msgs__rosidl_typesupport_fastrtps_c
[62.130s] [35m[1mScanning dependencies of target interbotix_xs_msgs[0m
[62.146s] [ 84%] Built target interbotix_xs_msgs
[62.162s] [35m[1mScanning dependencies of target interbotix_xs_msgs__py[0m
[62.178s] [ 85%] [34m[1mGenerating Python code for ROS interfaces[0m
[67.656s] [ 85%] Built target interbotix_xs_msgs__py
[67.671s] [35m[1mScanning dependencies of target interbotix_xs_msgs__python[0m
[67.723s] [ 86%] [32mBuilding C object CMakeFiles/interbotix_xs_msgs__python.dir/rosidl_generator_py/interbotix_xs_msgs/msg/_arm_joy_s.c.o[0m
[67.724s] [ 86%] [32mBuilding C object CMakeFiles/interbotix_xs_msgs__python.dir/rosidl_generator_py/interbotix_xs_msgs/msg/_hex_joy_s.c.o[0m
[67.726s] [ 87%] [32mBuilding C object CMakeFiles/interbotix_xs_msgs__python.dir/rosidl_generator_py/interbotix_xs_msgs/msg/_joint_group_command_s.c.o[0m
[67.726s] [ 88%] [32mBuilding C object CMakeFiles/interbotix_xs_msgs__python.dir/rosidl_generator_py/interbotix_xs_msgs/msg/_joint_temps_s.c.o[0m
[67.726s] [ 89%] [32mBuilding C object CMakeFiles/interbotix_xs_msgs__python.dir/rosidl_generator_py/interbotix_xs_msgs/msg/_joint_single_command_s.c.o[0m
[67.727s] [ 90%] [32mBuilding C object CMakeFiles/interbotix_xs_msgs__python.dir/rosidl_generator_py/interbotix_xs_msgs/srv/_motor_gains_s.c.o[0m
[67.727s] [ 90%] [32mBuilding C object CMakeFiles/interbotix_xs_msgs__python.dir/rosidl_generator_py/interbotix_xs_msgs/msg/_joint_trajectory_command_s.c.o[0m
[67.728s] [ 91%] [32mBuilding C object CMakeFiles/interbotix_xs_msgs__python.dir/rosidl_generator_py/interbotix_xs_msgs/msg/_locobot_joy_s.c.o[0m
[67.728s] [ 92%] [32mBuilding C object CMakeFiles/interbotix_xs_msgs__python.dir/rosidl_generator_py/interbotix_xs_msgs/msg/_turret_joy_s.c.o[0m
[67.731s] [ 93%] [32mBuilding C object CMakeFiles/interbotix_xs_msgs__python.dir/rosidl_generator_py/interbotix_xs_msgs/srv/_reboot_s.c.o[0m
[67.731s] [ 94%] [32mBuilding C object CMakeFiles/interbotix_xs_msgs__python.dir/rosidl_generator_py/interbotix_xs_msgs/srv/_register_values_s.c.o[0m
[67.731s] [ 94%] [32mBuilding C object CMakeFiles/interbotix_xs_msgs__python.dir/rosidl_generator_py/interbotix_xs_msgs/srv/_operating_modes_s.c.o[0m
[67.740s] [ 95%] [32mBuilding C object CMakeFiles/interbotix_xs_msgs__python.dir/rosidl_generator_py/interbotix_xs_msgs/srv/_robot_info_s.c.o[0m
[67.749s] [ 95%] [32mBuilding C object CMakeFiles/interbotix_xs_msgs__python.dir/rosidl_generator_py/interbotix_xs_msgs/srv/_torque_enable_s.c.o[0m
[68.018s] [ 96%] [32m[1mLinking C shared library rosidl_generator_py/interbotix_xs_msgs/libinterbotix_xs_msgs__python.so[0m
[68.375s] [ 96%] Built target interbotix_xs_msgs__python
[68.389s] [35m[1mScanning dependencies of target interbotix_xs_msgs__rosidl_typesupport_c__pyext[0m
[68.389s] [35m[1mScanning dependencies of target interbotix_xs_msgs__rosidl_typesupport_introspection_c__pyext[0m
[68.389s] [35m[1mScanning dependencies of target interbotix_xs_msgs__rosidl_typesupport_fastrtps_c__pyext[0m
[68.415s] [ 97%] [32mBuilding C object CMakeFiles/interbotix_xs_msgs__rosidl_typesupport_introspection_c__pyext.dir/rosidl_generator_py/interbotix_xs_msgs/_interbotix_xs_msgs_s.ep.rosidl_typesupport_introspection_c.c.o[0m
[68.417s] [ 98%] [32mBuilding C object CMakeFiles/interbotix_xs_msgs__rosidl_typesupport_c__pyext.dir/rosidl_generator_py/interbotix_xs_msgs/_interbotix_xs_msgs_s.ep.rosidl_typesupport_c.c.o[0m
[68.421s] [ 99%] [32mBuilding C object CMakeFiles/interbotix_xs_msgs__rosidl_typesupport_fastrtps_c__pyext.dir/rosidl_generator_py/interbotix_xs_msgs/_interbotix_xs_msgs_s.ep.rosidl_typesupport_fastrtps_c.c.o[0m
[68.618s] [100%] [32m[1mLinking C shared library rosidl_generator_py/interbotix_xs_msgs/interbotix_xs_msgs_s__rosidl_typesupport_c.cpython-38-x86_64-linux-gnu.so[0m
[68.619s] [100%] [32m[1mLinking C shared library rosidl_generator_py/interbotix_xs_msgs/interbotix_xs_msgs_s__rosidl_typesupport_introspection_c.cpython-38-x86_64-linux-gnu.so[0m
[68.634s] [100%] [32m[1mLinking CXX shared library rosidl_generator_py/interbotix_xs_msgs/interbotix_xs_msgs_s__rosidl_typesupport_fastrtps_c.cpython-38-x86_64-linux-gnu.so[0m
[68.912s] [100%] Built target interbotix_xs_msgs__rosidl_typesupport_introspection_c__pyext
[68.928s] [100%] Built target interbotix_xs_msgs__rosidl_typesupport_c__pyext
[69.072s] [100%] Built target interbotix_xs_msgs__rosidl_typesupport_fastrtps_c__pyext
[69.088s] Invoked command in '/home/carson/interbotix_ws/build/interbotix_xs_msgs' returned '0': CMAKE_PREFIX_PATH=${CMAKE_PREFIX_PATH}:/home/carson/robotics-xylophone-project/interbotix_ws/install/interbotix_xs_modules:/home/carson/robotics-xylophone-project/interbotix_ws/install/interbotix_perception_modules:/home/carson/robotics-xylophone-project/interbotix_ws/install/interbotix_common_modules:/home/carson/interbotix_ws/install/interbotix_xs_modules:/home/carson/interbotix_ws/install/interbotix_perception_modules:/home/carson/interbotix_ws/install/interbotix_common_modules:/opt/ros/galactic /usr/bin/cmake --build /home/carson/interbotix_ws/build/interbotix_xs_msgs -- -j16 -l16
[69.501s] Invoking command in '/home/carson/interbotix_ws/build/interbotix_xs_msgs': CMAKE_PREFIX_PATH=${CMAKE_PREFIX_PATH}:/home/carson/robotics-xylophone-project/interbotix_ws/install/interbotix_xs_modules:/home/carson/robotics-xylophone-project/interbotix_ws/install/interbotix_perception_modules:/home/carson/robotics-xylophone-project/interbotix_ws/install/interbotix_common_modules:/home/carson/interbotix_ws/install/interbotix_xs_modules:/home/carson/interbotix_ws/install/interbotix_perception_modules:/home/carson/interbotix_ws/install/interbotix_common_modules:/opt/ros/galactic /usr/bin/cmake --install /home/carson/interbotix_ws/build/interbotix_xs_msgs
[69.512s] -- Install configuration: ""
[69.513s] -- Installing: /home/carson/interbotix_ws/install/interbotix_xs_msgs/share/ament_index/resource_index/rosidl_interfaces/interbotix_xs_msgs
[69.513s] -- Installing: /home/carson/interbotix_ws/install/interbotix_xs_msgs/include/interbotix_xs_msgs
[69.514s] -- Installing: /home/carson/interbotix_ws/install/interbotix_xs_msgs/include/interbotix_xs_msgs/srv
[69.514s] -- Installing: /home/carson/interbotix_ws/install/interbotix_xs_msgs/include/interbotix_xs_msgs/srv/motor_gains.h
[69.514s] -- Installing: /home/carson/interbotix_ws/install/interbotix_xs_msgs/include/interbotix_xs_msgs/srv/reboot.h
[69.514s] -- Installing: /home/carson/interbotix_ws/install/interbotix_xs_msgs/include/interbotix_xs_msgs/srv/robot_info.h
[69.515s] -- Installing: /home/carson/interbotix_ws/install/interbotix_xs_msgs/include/interbotix_xs_msgs/srv/register_values.h
[69.515s] -- Installing: /home/carson/interbotix_ws/install/interbotix_xs_msgs/include/interbotix_xs_msgs/srv/torque_enable.h
[69.515s] -- Installing: /home/carson/interbotix_ws/install/interbotix_xs_msgs/include/interbotix_xs_msgs/srv/operating_modes.h
[69.515s] -- Installing: /home/carson/interbotix_ws/install/interbotix_xs_msgs/include/interbotix_xs_msgs/srv/detail
[69.516s] -- Installing: /home/carson/interbotix_ws/install/interbotix_xs_msgs/include/interbotix_xs_msgs/srv/detail/robot_info__functions.c
[69.516s] -- Installing: /home/carson/interbotix_ws/install/interbotix_xs_msgs/include/interbotix_xs_msgs/srv/detail/reboot__functions.h
[69.516s] -- Installing: /home/carson/interbotix_ws/install/interbotix_xs_msgs/include/interbotix_xs_msgs/srv/detail/torque_enable__struct.h
[69.516s] -- Installing: /home/carson/interbotix_ws/install/interbotix_xs_msgs/include/interbotix_xs_msgs/srv/detail/motor_gains__functions.c
[69.517s] -- Installing: /home/carson/interbotix_ws/install/interbotix_xs_msgs/include/interbotix_xs_msgs/srv/detail/robot_info__functions.h
[69.517s] -- Installing: /home/carson/interbotix_ws/install/interbotix_xs_msgs/include/interbotix_xs_msgs/srv/detail/torque_enable__functions.h
[69.517s] -- Installing: /home/carson/interbotix_ws/install/interbotix_xs_msgs/include/interbotix_xs_msgs/srv/detail/reboot__functions.c
[69.517s] -- Installing: /home/carson/interbotix_ws/install/interbotix_xs_msgs/include/interbotix_xs_msgs/srv/detail/torque_enable__type_support.h
[69.517s] -- Installing: /home/carson/interbotix_ws/install/interbotix_xs_msgs/include/interbotix_xs_msgs/srv/detail/motor_gains__type_support.h
[69.518s] -- Installing: /home/carson/interbotix_ws/install/interbotix_xs_msgs/include/interbotix_xs_msgs/srv/detail/reboot__struct.h
[69.518s] -- Installing: /home/carson/interbotix_ws/install/interbotix_xs_msgs/include/interbotix_xs_msgs/srv/detail/operating_modes__type_support.h
[69.518s] -- Installing: /home/carson/interbotix_ws/install/interbotix_xs_msgs/include/interbotix_xs_msgs/srv/detail/motor_gains__functions.h
[69.519s] -- Installing: /home/carson/interbotix_ws/install/interbotix_xs_msgs/include/interbotix_xs_msgs/srv/detail/torque_enable__functions.c
[69.519s] -- Installing: /home/carson/interbotix_ws/install/interbotix_xs_msgs/include/interbotix_xs_msgs/srv/detail/operating_modes__functions.c
[69.519s] -- Installing: /home/carson/interbotix_ws/install/interbotix_xs_msgs/include/interbotix_xs_msgs/srv/detail/operating_modes__struct.h
[69.519s] -- Installing: /home/carson/interbotix_ws/install/interbotix_xs_msgs/include/interbotix_xs_msgs/srv/detail/register_values__functions.h
[69.520s] -- Installing: /home/carson/interbotix_ws/install/interbotix_xs_msgs/include/interbotix_xs_msgs/srv/detail/motor_gains__struct.h
[69.520s] -- Installing: /home/carson/interbotix_ws/install/interbotix_xs_msgs/include/interbotix_xs_msgs/srv/detail/operating_modes__functions.h
[69.521s] -- Installing: /home/carson/interbotix_ws/install/interbotix_xs_msgs/include/interbotix_xs_msgs/srv/detail/register_values__struct.h
[69.521s] -- Installing: /home/carson/interbotix_ws/install/interbotix_xs_msgs/include/interbotix_xs_msgs/srv/detail/register_values__functions.c
[69.521s] -- Installing: /home/carson/interbotix_ws/install/interbotix_xs_msgs/include/interbotix_xs_msgs/srv/detail/robot_info__struct.h
[69.521s] -- Installing: /home/carson/interbotix_ws/install/interbotix_xs_msgs/include/interbotix_xs_msgs/srv/detail/reboot__type_support.h
[69.522s] -- Installing: /home/carson/interbotix_ws/install/interbotix_xs_msgs/include/interbotix_xs_msgs/srv/detail/register_values__type_support.h
[69.522s] -- Installing: /home/carson/interbotix_ws/install/interbotix_xs_msgs/include/interbotix_xs_msgs/srv/detail/robot_info__type_support.h
[69.522s] -- Installing: /home/carson/interbotix_ws/install/interbotix_xs_msgs/include/interbotix_xs_msgs/msg
[69.522s] -- Installing: /home/carson/interbotix_ws/install/interbotix_xs_msgs/include/interbotix_xs_msgs/msg/turret_joy.h
[69.523s] -- Installing: /home/carson/interbotix_ws/install/interbotix_xs_msgs/include/interbotix_xs_msgs/msg/joint_single_command.h
[69.523s] -- Installing: /home/carson/interbotix_ws/install/interbotix_xs_msgs/include/interbotix_xs_msgs/msg/joint_temps.h
[69.523s] -- Installing: /home/carson/interbotix_ws/install/interbotix_xs_msgs/include/interbotix_xs_msgs/msg/joint_group_command.h
[69.523s] -- Installing: /home/carson/interbotix_ws/install/interbotix_xs_msgs/include/interbotix_xs_msgs/msg/hex_joy.h
[69.524s] -- Installing: /home/carson/interbotix_ws/install/interbotix_xs_msgs/include/interbotix_xs_msgs/msg/arm_joy.h
[69.524s] -- Installing: /home/carson/interbotix_ws/install/interbotix_xs_msgs/include/interbotix_xs_msgs/msg/rosidl_generator_c__visibility_control.h
[69.524s] -- Installing: /home/carson/interbotix_ws/install/interbotix_xs_msgs/include/interbotix_xs_msgs/msg/detail
[69.525s] -- Installing: /home/carson/interbotix_ws/install/interbotix_xs_msgs/include/interbotix_xs_msgs/msg/detail/joint_single_command__struct.h
[69.525s] -- Installing: /home/carson/interbotix_ws/install/interbotix_xs_msgs/include/interbotix_xs_msgs/msg/detail/joint_trajectory_command__functions.h
[69.525s] -- Installing: /home/carson/interbotix_ws/install/interbotix_xs_msgs/include/interbotix_xs_msgs/msg/detail/joint_temps__functions.h
[69.526s] -- Installing: /home/carson/interbotix_ws/install/interbotix_xs_msgs/include/interbotix_xs_msgs/msg/detail/joint_single_command__functions.h
[69.526s] -- Installing: /home/carson/interbotix_ws/install/interbotix_xs_msgs/include/interbotix_xs_msgs/msg/detail/joint_temps__functions.c
[69.526s] -- Installing: /home/carson/interbotix_ws/install/interbotix_xs_msgs/include/interbotix_xs_msgs/msg/detail/joint_trajectory_command__functions.c
[69.526s] -- Installing: /home/carson/interbotix_ws/install/interbotix_xs_msgs/include/interbotix_xs_msgs/msg/detail/hex_joy__functions.h
[69.527s] -- Installing: /home/carson/interbotix_ws/install/interbotix_xs_msgs/include/interbotix_xs_msgs/msg/detail/arm_joy__functions.h
[69.527s] -- Installing: /home/carson/interbotix_ws/install/interbotix_xs_msgs/include/interbotix_xs_msgs/msg/detail/arm_joy__struct.h
[69.527s] -- Installing: /home/carson/interbotix_ws/install/interbotix_xs_msgs/include/interbotix_xs_msgs/msg/detail/locobot_joy__functions.c
[69.528s] -- Installing: /home/carson/interbotix_ws/install/interbotix_xs_msgs/include/interbotix_xs_msgs/msg/detail/hex_joy__type_support.h
[69.528s] -- Installing: /home/carson/interbotix_ws/install/interbotix_xs_msgs/include/interbotix_xs_msgs/msg/detail/joint_single_command__functions.c
[69.528s] -- Installing: /home/carson/interbotix_ws/install/interbotix_xs_msgs/include/interbotix_xs_msgs/msg/detail/arm_joy__functions.c
[69.528s] -- Installing: /home/carson/interbotix_ws/install/interbotix_xs_msgs/include/interbotix_xs_msgs/msg/detail/turret_joy__type_support.h
[69.529s] -- Installing: /home/carson/interbotix_ws/install/interbotix_xs_msgs/include/interbotix_xs_msgs/msg/detail/joint_group_command__functions.h
[69.529s] -- Installing: /home/carson/interbotix_ws/install/interbotix_xs_msgs/include/interbotix_xs_msgs/msg/detail/locobot_joy__struct.h
[69.529s] -- Installing: /home/carson/interbotix_ws/install/interbotix_xs_msgs/include/interbotix_xs_msgs/msg/detail/joint_trajectory_command__struct.h
[69.529s] -- Installing: /home/carson/interbotix_ws/install/interbotix_xs_msgs/include/interbotix_xs_msgs/msg/detail/joint_temps__type_support.h
[69.530s] -- Installing: /home/carson/interbotix_ws/install/interbotix_xs_msgs/include/interbotix_xs_msgs/msg/detail/joint_group_command__struct.h
[69.531s] -- Installing: /home/carson/interbotix_ws/install/interbotix_xs_msgs/include/interbotix_xs_msgs/msg/detail/turret_joy__functions.h
[69.531s] -- Installing: /home/carson/interbotix_ws/install/interbotix_xs_msgs/include/interbotix_xs_msgs/msg/detail/hex_joy__struct.h
[69.531s] -- Installing: /home/carson/interbotix_ws/install/interbotix_xs_msgs/include/interbotix_xs_msgs/msg/detail/joint_group_command__type_support.h
[69.531s] -- Installing: /home/carson/interbotix_ws/install/interbotix_xs_msgs/include/interbotix_xs_msgs/msg/detail/arm_joy__type_support.h
[69.532s] -- Installing: /home/carson/interbotix_ws/install/interbotix_xs_msgs/include/interbotix_xs_msgs/msg/detail/locobot_joy__type_support.h
[69.532s] -- Installing: /home/carson/interbotix_ws/install/interbotix_xs_msgs/include/interbotix_xs_msgs/msg/detail/joint_single_command__type_support.h
[69.532s] -- Installing: /home/carson/interbotix_ws/install/interbotix_xs_msgs/include/interbotix_xs_msgs/msg/detail/joint_temps__struct.h
[69.532s] -- Installing: /home/carson/interbotix_ws/install/interbotix_xs_msgs/include/interbotix_xs_msgs/msg/detail/hex_joy__functions.c
[69.532s] -- Installing: /home/carson/interbotix_ws/install/interbotix_xs_msgs/include/interbotix_xs_msgs/msg/detail/turret_joy__functions.c
[69.533s] -- Installing: /home/carson/interbotix_ws/install/interbotix_xs_msgs/include/interbotix_xs_msgs/msg/detail/joint_trajectory_command__type_support.h
[69.533s] -- Installing: /home/carson/interbotix_ws/install/interbotix_xs_msgs/include/interbotix_xs_msgs/msg/detail/turret_joy__struct.h
[69.533s] -- Installing: /home/carson/interbotix_ws/install/interbotix_xs_msgs/include/interbotix_xs_msgs/msg/detail/locobot_joy__functions.h
[69.533s] -- Installing: /home/carson/interbotix_ws/install/interbotix_xs_msgs/include/interbotix_xs_msgs/msg/detail/joint_group_command__functions.c
[69.534s] -- Installing: /home/carson/interbotix_ws/install/interbotix_xs_msgs/include/interbotix_xs_msgs/msg/locobot_joy.h
[69.534s] -- Installing: /home/carson/interbotix_ws/install/interbotix_xs_msgs/include/interbotix_xs_msgs/msg/joint_trajectory_command.h
[69.534s] -- Installing: /home/carson/interbotix_ws/install/interbotix_xs_msgs/share/interbotix_xs_msgs/environment/library_path.sh
[69.534s] -- Installing: /home/carson/interbotix_ws/install/interbotix_xs_msgs/share/interbotix_xs_msgs/environment/library_path.dsv
[69.534s] -- Installing: /home/carson/interbotix_ws/install/interbotix_xs_msgs/lib/libinterbotix_xs_msgs__rosidl_generator_c.so
[69.535s] -- Set runtime path of "/home/carson/interbotix_ws/install/interbotix_xs_msgs/lib/libinterbotix_xs_msgs__rosidl_generator_c.so" to ""
[69.536s] -- Up-to-date: /home/carson/interbotix_ws/install/interbotix_xs_msgs/include/interbotix_xs_msgs
[69.536s] -- Up-to-date: /home/carson/interbotix_ws/install/interbotix_xs_msgs/include/interbotix_xs_msgs/srv
[69.536s] -- Up-to-date: /home/carson/interbotix_ws/install/interbotix_xs_msgs/include/interbotix_xs_msgs/srv/detail
[69.536s] -- Installing: /home/carson/interbotix_ws/install/interbotix_xs_msgs/include/interbotix_xs_msgs/srv/detail/torque_enable__rosidl_typesupport_fastrtps_c.h
[69.537s] -- Installing: /home/carson/interbotix_ws/install/interbotix_xs_msgs/include/interbotix_xs_msgs/srv/detail/register_values__rosidl_typesupport_fastrtps_c.h
[69.537s] -- Installing: /home/carson/interbotix_ws/install/interbotix_xs_msgs/include/interbotix_xs_msgs/srv/detail/motor_gains__rosidl_typesupport_fastrtps_c.h
[69.537s] -- Installing: /home/carson/interbotix_ws/install/interbotix_xs_msgs/include/interbotix_xs_msgs/srv/detail/reboot__rosidl_typesupport_fastrtps_c.h
[69.537s] -- Installing: /home/carson/interbotix_ws/install/interbotix_xs_msgs/include/interbotix_xs_msgs/srv/detail/robot_info__rosidl_typesupport_fastrtps_c.h
[69.538s] -- Installing: /home/carson/interbotix_ws/install/interbotix_xs_msgs/include/interbotix_xs_msgs/srv/detail/operating_modes__rosidl_typesupport_fastrtps_c.h
[69.538s] -- Up-to-date: /home/carson/interbotix_ws/install/interbotix_xs_msgs/include/interbotix_xs_msgs/msg
[69.538s] -- Installing: /home/carson/interbotix_ws/install/interbotix_xs_msgs/include/interbotix_xs_msgs/msg/rosidl_typesupport_fastrtps_c__visibility_control.h
[69.539s] -- Up-to-date: /home/carson/interbotix_ws/install/interbotix_xs_msgs/include/interbotix_xs_msgs/msg/detail
[69.539s] -- Installing: /home/carson/interbotix_ws/install/interbotix_xs_msgs/include/interbotix_xs_msgs/msg/detail/hex_joy__rosidl_typesupport_fastrtps_c.h
[69.539s] -- Installing: /home/carson/interbotix_ws/install/interbotix_xs_msgs/include/interbotix_xs_msgs/msg/detail/joint_group_command__rosidl_typesupport_fastrtps_c.h
[69.539s] -- Installing: /home/carson/interbotix_ws/install/interbotix_xs_msgs/include/interbotix_xs_msgs/msg/detail/locobot_joy__rosidl_typesupport_fastrtps_c.h
[69.540s] -- Installing: /home/carson/interbotix_ws/install/interbotix_xs_msgs/include/interbotix_xs_msgs/msg/detail/turret_joy__rosidl_typesupport_fastrtps_c.h
[69.540s] -- Installing: /home/carson/interbotix_ws/install/interbotix_xs_msgs/include/interbotix_xs_msgs/msg/detail/joint_single_command__rosidl_typesupport_fastrtps_c.h
[69.540s] -- Installing: /home/carson/interbotix_ws/install/interbotix_xs_msgs/include/interbotix_xs_msgs/msg/detail/joint_temps__rosidl_typesupport_fastrtps_c.h
[69.541s] -- Installing: /home/carson/interbotix_ws/install/interbotix_xs_msgs/include/interbotix_xs_msgs/msg/detail/arm_joy__rosidl_typesupport_fastrtps_c.h
[69.541s] -- Installing: /home/carson/interbotix_ws/install/interbotix_xs_msgs/include/interbotix_xs_msgs/msg/detail/joint_trajectory_command__rosidl_typesupport_fastrtps_c.h
[69.542s] -- Installing: /home/carson/interbotix_ws/install/interbotix_xs_msgs/lib/libinterbotix_xs_msgs__rosidl_typesupport_fastrtps_c.so
[69.542s] -- Set runtime path of "/home/carson/interbotix_ws/install/interbotix_xs_msgs/lib/libinterbotix_xs_msgs__rosidl_typesupport_fastrtps_c.so" to ""
[69.542s] -- Up-to-date: /home/carson/interbotix_ws/install/interbotix_xs_msgs/include/interbotix_xs_msgs
[69.543s] -- Up-to-date: /home/carson/interbotix_ws/install/interbotix_xs_msgs/include/interbotix_xs_msgs/srv
[69.543s] -- Up-to-date: /home/carson/interbotix_ws/install/interbotix_xs_msgs/include/interbotix_xs_msgs/srv/detail
[69.543s] -- Installing: /home/carson/interbotix_ws/install/interbotix_xs_msgs/include/interbotix_xs_msgs/srv/detail/robot_info__rosidl_typesupport_fastrtps_cpp.hpp
[69.543s] -- Installing: /home/carson/interbotix_ws/install/interbotix_xs_msgs/include/interbotix_xs_msgs/srv/detail/motor_gains__rosidl_typesupport_fastrtps_cpp.hpp
[69.544s] -- Installing: /home/carson/interbotix_ws/install/interbotix_xs_msgs/include/interbotix_xs_msgs/srv/detail/reboot__rosidl_typesupport_fastrtps_cpp.hpp
[69.544s] -- Installing: /home/carson/interbotix_ws/install/interbotix_xs_msgs/include/interbotix_xs_msgs/srv/detail/torque_enable__rosidl_typesupport_fastrtps_cpp.hpp
[69.544s] -- Installing: /home/carson/interbotix_ws/install/interbotix_xs_msgs/include/interbotix_xs_msgs/srv/detail/dds_fastrtps
[69.544s] -- Installing: /home/carson/interbotix_ws/install/interbotix_xs_msgs/include/interbotix_xs_msgs/srv/detail/operating_modes__rosidl_typesupport_fastrtps_cpp.hpp
[69.545s] -- Installing: /home/carson/interbotix_ws/install/interbotix_xs_msgs/include/interbotix_xs_msgs/srv/detail/register_values__rosidl_typesupport_fastrtps_cpp.hpp
[69.545s] -- Up-to-date: /home/carson/interbotix_ws/install/interbotix_xs_msgs/include/interbotix_xs_msgs/msg
[69.545s] -- Installing: /home/carson/interbotix_ws/install/interbotix_xs_msgs/include/interbotix_xs_msgs/msg/rosidl_typesupport_fastrtps_cpp__visibility_control.h
[69.545s] -- Up-to-date: /home/carson/interbotix_ws/install/interbotix_xs_msgs/include/interbotix_xs_msgs/msg/detail
[69.546s] -- Installing: /home/carson/interbotix_ws/install/interbotix_xs_msgs/include/interbotix_xs_msgs/msg/detail/turret_joy__rosidl_typesupport_fastrtps_cpp.hpp
[69.546s] -- Installing: /home/carson/interbotix_ws/install/interbotix_xs_msgs/include/interbotix_xs_msgs/msg/detail/hex_joy__rosidl_typesupport_fastrtps_cpp.hpp
[69.547s] -- Installing: /home/carson/interbotix_ws/install/interbotix_xs_msgs/include/interbotix_xs_msgs/msg/detail/dds_fastrtps
[69.547s] -- Installing: /home/carson/interbotix_ws/install/interbotix_xs_msgs/include/interbotix_xs_msgs/msg/detail/joint_group_command__rosidl_typesupport_fastrtps_cpp.hpp
[69.547s] -- Installing: /home/carson/interbotix_ws/install/interbotix_xs_msgs/include/interbotix_xs_msgs/msg/detail/joint_trajectory_command__rosidl_typesupport_fastrtps_cpp.hpp
[69.548s] -- Installing: /home/carson/interbotix_ws/install/interbotix_xs_msgs/include/interbotix_xs_msgs/msg/detail/arm_joy__rosidl_typesupport_fastrtps_cpp.hpp
[69.548s] -- Installing: /home/carson/interbotix_ws/install/interbotix_xs_msgs/include/interbotix_xs_msgs/msg/detail/locobot_joy__rosidl_typesupport_fastrtps_cpp.hpp
[69.548s] -- Installing: /home/carson/interbotix_ws/install/interbotix_xs_msgs/include/interbotix_xs_msgs/msg/detail/joint_temps__rosidl_typesupport_fastrtps_cpp.hpp
[69.548s] -- Installing: /home/carson/interbotix_ws/install/interbotix_xs_msgs/include/interbotix_xs_msgs/msg/detail/joint_single_command__rosidl_typesupport_fastrtps_cpp.hpp
[69.549s] -- Installing: /home/carson/interbotix_ws/install/interbotix_xs_msgs/lib/libinterbotix_xs_msgs__rosidl_typesupport_fastrtps_cpp.so
[69.549s] -- Set runtime path of "/home/carson/interbotix_ws/install/interbotix_xs_msgs/lib/libinterbotix_xs_msgs__rosidl_typesupport_fastrtps_cpp.so" to ""
[69.549s] -- Up-to-date: /home/carson/interbotix_ws/install/interbotix_xs_msgs/include/interbotix_xs_msgs
[69.549s] -- Up-to-date: /home/carson/interbotix_ws/install/interbotix_xs_msgs/include/interbotix_xs_msgs/srv
[69.549s] -- Up-to-date: /home/carson/interbotix_ws/install/interbotix_xs_msgs/include/interbotix_xs_msgs/srv/detail
[69.550s] -- Installing: /home/carson/interbotix_ws/install/interbotix_xs_msgs/include/interbotix_xs_msgs/srv/detail/register_values__rosidl_typesupport_introspection_c.h
[69.550s] -- Installing: /home/carson/interbotix_ws/install/interbotix_xs_msgs/include/interbotix_xs_msgs/srv/detail/register_values__type_support.c
[69.550s] -- Installing: /home/carson/interbotix_ws/install/interbotix_xs_msgs/include/interbotix_xs_msgs/srv/detail/operating_modes__type_support.c
[69.550s] -- Installing: /home/carson/interbotix_ws/install/interbotix_xs_msgs/include/interbotix_xs_msgs/srv/detail/torque_enable__rosidl_typesupport_introspection_c.h
[69.551s] -- Installing: /home/carson/interbotix_ws/install/interbotix_xs_msgs/include/interbotix_xs_msgs/srv/detail/reboot__rosidl_typesupport_introspection_c.h
[69.551s] -- Installing: /home/carson/interbotix_ws/install/interbotix_xs_msgs/include/interbotix_xs_msgs/srv/detail/reboot__type_support.c
[69.551s] -- Installing: /home/carson/interbotix_ws/install/interbotix_xs_msgs/include/interbotix_xs_msgs/srv/detail/motor_gains__type_support.c
[69.551s] -- Installing: /home/carson/interbotix_ws/install/interbotix_xs_msgs/include/interbotix_xs_msgs/srv/detail/torque_enable__type_support.c
[69.552s] -- Installing: /home/carson/interbotix_ws/install/interbotix_xs_msgs/include/interbotix_xs_msgs/srv/detail/motor_gains__rosidl_typesupport_introspection_c.h
[69.552s] -- Installing: /home/carson/interbotix_ws/install/interbotix_xs_msgs/include/interbotix_xs_msgs/srv/detail/robot_info__rosidl_typesupport_introspection_c.h
[69.552s] -- Installing: /home/carson/interbotix_ws/install/interbotix_xs_msgs/include/interbotix_xs_msgs/srv/detail/operating_modes__rosidl_typesupport_introspection_c.h
[69.552s] -- Installing: /home/carson/interbotix_ws/install/interbotix_xs_msgs/include/interbotix_xs_msgs/srv/detail/robot_info__type_support.c
[69.553s] -- Up-to-date: /home/carson/interbotix_ws/install/interbotix_xs_msgs/include/interbotix_xs_msgs/msg
[69.553s] -- Installing: /home/carson/interbotix_ws/install/interbotix_xs_msgs/include/interbotix_xs_msgs/msg/rosidl_typesupport_introspection_c__visibility_control.h
[69.553s] -- Up-to-date: /home/carson/interbotix_ws/install/interbotix_xs_msgs/include/interbotix_xs_msgs/msg/detail
[69.554s] -- Installing: /home/carson/interbotix_ws/install/interbotix_xs_msgs/include/interbotix_xs_msgs/msg/detail/joint_temps__type_support.c
[69.554s] -- Installing: /home/carson/interbotix_ws/install/interbotix_xs_msgs/include/interbotix_xs_msgs/msg/detail/joint_trajectory_command__rosidl_typesupport_introspection_c.h
[69.554s] -- Installing: /home/carson/interbotix_ws/install/interbotix_xs_msgs/include/interbotix_xs_msgs/msg/detail/locobot_joy__type_support.c
[69.555s] -- Installing: /home/carson/interbotix_ws/install/interbotix_xs_msgs/include/interbotix_xs_msgs/msg/detail/joint_temps__rosidl_typesupport_introspection_c.h
[69.555s] -- Installing: /home/carson/interbotix_ws/install/interbotix_xs_msgs/include/interbotix_xs_msgs/msg/detail/joint_single_command__rosidl_typesupport_introspection_c.h
[69.555s] -- Installing: /home/carson/interbotix_ws/install/interbotix_xs_msgs/include/interbotix_xs_msgs/msg/detail/joint_group_command__rosidl_typesupport_introspection_c.h
[69.555s] -- Installing: /home/carson/interbotix_ws/install/interbotix_xs_msgs/include/interbotix_xs_msgs/msg/detail/locobot_joy__rosidl_typesupport_introspection_c.h
[69.556s] -- Installing: /home/carson/interbotix_ws/install/interbotix_xs_msgs/include/interbotix_xs_msgs/msg/detail/arm_joy__type_support.c
[69.556s] -- Installing: /home/carson/interbotix_ws/install/interbotix_xs_msgs/include/interbotix_xs_msgs/msg/detail/joint_group_command__type_support.c
[69.556s] -- Installing: /home/carson/interbotix_ws/install/interbotix_xs_msgs/include/interbotix_xs_msgs/msg/detail/arm_joy__rosidl_typesupport_introspection_c.h
[69.556s] -- Installing: /home/carson/interbotix_ws/install/interbotix_xs_msgs/include/interbotix_xs_msgs/msg/detail/joint_trajectory_command__type_support.c
[69.557s] -- Installing: /home/carson/interbotix_ws/install/interbotix_xs_msgs/include/interbotix_xs_msgs/msg/detail/turret_joy__rosidl_typesupport_introspection_c.h
[69.557s] -- Installing: /home/carson/interbotix_ws/install/interbotix_xs_msgs/include/interbotix_xs_msgs/msg/detail/hex_joy__rosidl_typesupport_introspection_c.h
[69.557s] -- Installing: /home/carson/interbotix_ws/install/interbotix_xs_msgs/include/interbotix_xs_msgs/msg/detail/turret_joy__type_support.c
[69.557s] -- Installing: /home/carson/interbotix_ws/install/interbotix_xs_msgs/include/interbotix_xs_msgs/msg/detail/hex_joy__type_support.c
[69.558s] -- Installing: /home/carson/interbotix_ws/install/interbotix_xs_msgs/include/interbotix_xs_msgs/msg/detail/joint_single_command__type_support.c
[69.558s] -- Installing: /home/carson/interbotix_ws/install/interbotix_xs_msgs/lib/libinterbotix_xs_msgs__rosidl_typesupport_introspection_c.so
[69.558s] -- Set runtime path of "/home/carson/interbotix_ws/install/interbotix_xs_msgs/lib/libinterbotix_xs_msgs__rosidl_typesupport_introspection_c.so" to ""
[69.559s] -- Installing: /home/carson/interbotix_ws/install/interbotix_xs_msgs/lib/libinterbotix_xs_msgs__rosidl_typesupport_c.so
[69.559s] -- Set runtime path of "/home/carson/interbotix_ws/install/interbotix_xs_msgs/lib/libinterbotix_xs_msgs__rosidl_typesupport_c.so" to ""
[69.559s] -- Up-to-date: /home/carson/interbotix_ws/install/interbotix_xs_msgs/include/interbotix_xs_msgs
[69.559s] -- Up-to-date: /home/carson/interbotix_ws/install/interbotix_xs_msgs/include/interbotix_xs_msgs/srv
[69.560s] -- Installing: /home/carson/interbotix_ws/install/interbotix_xs_msgs/include/interbotix_xs_msgs/srv/torque_enable.hpp
[69.560s] -- Installing: /home/carson/interbotix_ws/install/interbotix_xs_msgs/include/interbotix_xs_msgs/srv/reboot.hpp
[69.560s] -- Installing: /home/carson/interbotix_ws/install/interbotix_xs_msgs/include/interbotix_xs_msgs/srv/robot_info.hpp
[69.560s] -- Installing: /home/carson/interbotix_ws/install/interbotix_xs_msgs/include/interbotix_xs_msgs/srv/motor_gains.hpp
[69.561s] -- Installing: /home/carson/interbotix_ws/install/interbotix_xs_msgs/include/interbotix_xs_msgs/srv/operating_modes.hpp
[69.561s] -- Up-to-date: /home/carson/interbotix_ws/install/interbotix_xs_msgs/include/interbotix_xs_msgs/srv/detail
[69.561s] -- Installing: /home/carson/interbotix_ws/install/interbotix_xs_msgs/include/interbotix_xs_msgs/srv/detail/robot_info__builder.hpp
[69.562s] -- Installing: /home/carson/interbotix_ws/install/interbotix_xs_msgs/include/interbotix_xs_msgs/srv/detail/motor_gains__traits.hpp
[69.562s] -- Installing: /home/carson/interbotix_ws/install/interbotix_xs_msgs/include/interbotix_xs_msgs/srv/detail/operating_modes__struct.hpp
[69.562s] -- Installing: /home/carson/interbotix_ws/install/interbotix_xs_msgs/include/interbotix_xs_msgs/srv/detail/motor_gains__struct.hpp
[69.562s] -- Installing: /home/carson/interbotix_ws/install/interbotix_xs_msgs/include/interbotix_xs_msgs/srv/detail/torque_enable__struct.hpp
[69.562s] -- Installing: /home/carson/interbotix_ws/install/interbotix_xs_msgs/include/interbotix_xs_msgs/srv/detail/register_values__builder.hpp
[69.562s] -- Installing: /home/carson/interbotix_ws/install/interbotix_xs_msgs/include/interbotix_xs_msgs/srv/detail/motor_gains__builder.hpp
[69.562s] -- Installing: /home/carson/interbotix_ws/install/interbotix_xs_msgs/include/interbotix_xs_msgs/srv/detail/operating_modes__builder.hpp
[69.563s] -- Installing: /home/carson/interbotix_ws/install/interbotix_xs_msgs/include/interbotix_xs_msgs/srv/detail/reboot__traits.hpp
[69.563s] -- Installing: /home/carson/interbotix_ws/install/interbotix_xs_msgs/include/interbotix_xs_msgs/srv/detail/operating_modes__traits.hpp
[69.563s] -- Installing: /home/carson/interbotix_ws/install/interbotix_xs_msgs/include/interbotix_xs_msgs/srv/detail/torque_enable__traits.hpp
[69.563s] -- Installing: /home/carson/interbotix_ws/install/interbotix_xs_msgs/include/interbotix_xs_msgs/srv/detail/register_values__traits.hpp
[69.563s] -- Installing: /home/carson/interbotix_ws/install/interbotix_xs_msgs/include/interbotix_xs_msgs/srv/detail/register_values__struct.hpp
[69.563s] -- Installing: /home/carson/interbotix_ws/install/interbotix_xs_msgs/include/interbotix_xs_msgs/srv/detail/reboot__builder.hpp
[69.563s] -- Installing: /home/carson/interbotix_ws/install/interbotix_xs_msgs/include/interbotix_xs_msgs/srv/detail/robot_info__struct.hpp
[69.564s] -- Installing: /home/carson/interbotix_ws/install/interbotix_xs_msgs/include/interbotix_xs_msgs/srv/detail/robot_info__traits.hpp
[69.564s] -- Installing: /home/carson/interbotix_ws/install/interbotix_xs_msgs/include/interbotix_xs_msgs/srv/detail/torque_enable__builder.hpp
[69.564s] -- Installing: /home/carson/interbotix_ws/install/interbotix_xs_msgs/include/interbotix_xs_msgs/srv/detail/reboot__struct.hpp
[69.564s] -- Installing: /home/carson/interbotix_ws/install/interbotix_xs_msgs/include/interbotix_xs_msgs/srv/register_values.hpp
[69.564s] -- Up-to-date: /home/carson/interbotix_ws/install/interbotix_xs_msgs/include/interbotix_xs_msgs/msg
[69.564s] -- Installing: /home/carson/interbotix_ws/install/interbotix_xs_msgs/include/interbotix_xs_msgs/msg/arm_joy.hpp
[69.564s] -- Installing: /home/carson/interbotix_ws/install/interbotix_xs_msgs/include/interbotix_xs_msgs/msg/turret_joy.hpp
[69.564s] -- Installing: /home/carson/interbotix_ws/install/interbotix_xs_msgs/include/interbotix_xs_msgs/msg/locobot_joy.hpp
[69.564s] -- Installing: /home/carson/interbotix_ws/install/interbotix_xs_msgs/include/interbotix_xs_msgs/msg/joint_temps.hpp
[69.564s] -- Installing: /home/carson/interbotix_ws/install/interbotix_xs_msgs/include/interbotix_xs_msgs/msg/joint_trajectory_command.hpp
[69.564s] -- Installing: /home/carson/interbotix_ws/install/interbotix_xs_msgs/include/interbotix_xs_msgs/msg/hex_joy.hpp
[69.565s] -- Installing: /home/carson/interbotix_ws/install/interbotix_xs_msgs/include/interbotix_xs_msgs/msg/joint_group_command.hpp
[69.565s] -- Installing: /home/carson/interbotix_ws/install/interbotix_xs_msgs/include/interbotix_xs_msgs/msg/joint_single_command.hpp
[69.565s] -- Up-to-date: /home/carson/interbotix_ws/install/interbotix_xs_msgs/include/interbotix_xs_msgs/msg/detail
[69.565s] -- Installing: /home/carson/interbotix_ws/install/interbotix_xs_msgs/include/interbotix_xs_msgs/msg/detail/arm_joy__builder.hpp
[69.565s] -- Installing: /home/carson/interbotix_ws/install/interbotix_xs_msgs/include/interbotix_xs_msgs/msg/detail/turret_joy__traits.hpp
[69.565s] -- Installing: /home/carson/interbotix_ws/install/interbotix_xs_msgs/include/interbotix_xs_msgs/msg/detail/joint_group_command__builder.hpp
[69.565s] -- Installing: /home/carson/interbotix_ws/install/interbotix_xs_msgs/include/interbotix_xs_msgs/msg/detail/joint_temps__struct.hpp
[69.565s] -- Installing: /home/carson/interbotix_ws/install/interbotix_xs_msgs/include/interbotix_xs_msgs/msg/detail/joint_single_command__struct.hpp
[69.565s] -- Installing: /home/carson/interbotix_ws/install/interbotix_xs_msgs/include/interbotix_xs_msgs/msg/detail/joint_temps__builder.hpp
[69.565s] -- Installing: /home/carson/interbotix_ws/install/interbotix_xs_msgs/include/interbotix_xs_msgs/msg/detail/hex_joy__struct.hpp
[69.565s] -- Installing: /home/carson/interbotix_ws/install/interbotix_xs_msgs/include/interbotix_xs_msgs/msg/detail/joint_trajectory_command__builder.hpp
[69.565s] -- Installing: /home/carson/interbotix_ws/install/interbotix_xs_msgs/include/interbotix_xs_msgs/msg/detail/hex_joy__builder.hpp
[69.566s] -- Installing: /home/carson/interbotix_ws/install/interbotix_xs_msgs/include/interbotix_xs_msgs/msg/detail/arm_joy__traits.hpp
[69.566s] -- Installing: /home/carson/interbotix_ws/install/interbotix_xs_msgs/include/interbotix_xs_msgs/msg/detail/turret_joy__struct.hpp
[69.566s] -- Installing: /home/carson/interbotix_ws/install/interbotix_xs_msgs/include/interbotix_xs_msgs/msg/detail/locobot_joy__builder.hpp
[69.566s] -- Installing: /home/carson/interbotix_ws/install/interbotix_xs_msgs/include/interbotix_xs_msgs/msg/detail/locobot_joy__traits.hpp
[69.566s] -- Installing: /home/carson/interbotix_ws/install/interbotix_xs_msgs/include/interbotix_xs_msgs/msg/detail/joint_trajectory_command__struct.hpp
[69.566s] -- Installing: /home/carson/interbotix_ws/install/interbotix_xs_msgs/include/interbotix_xs_msgs/msg/detail/joint_single_command__builder.hpp
[69.566s] -- Installing: /home/carson/interbotix_ws/install/interbotix_xs_msgs/include/interbotix_xs_msgs/msg/detail/joint_temps__traits.hpp
[69.566s] -- Installing: /home/carson/interbotix_ws/install/interbotix_xs_msgs/include/interbotix_xs_msgs/msg/detail/turret_joy__builder.hpp
[69.566s] -- Installing: /home/carson/interbotix_ws/install/interbotix_xs_msgs/include/interbotix_xs_msgs/msg/detail/joint_trajectory_command__traits.hpp
[69.566s] -- Installing: /home/carson/interbotix_ws/install/interbotix_xs_msgs/include/interbotix_xs_msgs/msg/detail/hex_joy__traits.hpp
[69.566s] -- Installing: /home/carson/interbotix_ws/install/interbotix_xs_msgs/include/interbotix_xs_msgs/msg/detail/locobot_joy__struct.hpp
[69.567s] -- Installing: /home/carson/interbotix_ws/install/interbotix_xs_msgs/include/interbotix_xs_msgs/msg/detail/joint_group_command__struct.hpp
[69.567s] -- Installing: /home/carson/interbotix_ws/install/interbotix_xs_msgs/include/interbotix_xs_msgs/msg/detail/joint_single_command__traits.hpp
[69.567s] -- Installing: /home/carson/interbotix_ws/install/interbotix_xs_msgs/include/interbotix_xs_msgs/msg/detail/arm_joy__struct.hpp
[69.567s] -- Installing: /home/carson/interbotix_ws/install/interbotix_xs_msgs/include/interbotix_xs_msgs/msg/detail/joint_group_command__traits.hpp
[69.567s] -- Up-to-date: /home/carson/interbotix_ws/install/interbotix_xs_msgs/include/interbotix_xs_msgs
[69.567s] -- Up-to-date: /home/carson/interbotix_ws/install/interbotix_xs_msgs/include/interbotix_xs_msgs/srv
[69.567s] -- Up-to-date: /home/carson/interbotix_ws/install/interbotix_xs_msgs/include/interbotix_xs_msgs/srv/detail
[69.567s] -- Installing: /home/carson/interbotix_ws/install/interbotix_xs_msgs/include/interbotix_xs_msgs/srv/detail/motor_gains__rosidl_typesupport_introspection_cpp.hpp
[69.567s] -- Installing: /home/carson/interbotix_ws/install/interbotix_xs_msgs/include/interbotix_xs_msgs/srv/detail/operating_modes__rosidl_typesupport_introspection_cpp.hpp
[69.567s] -- Installing: /home/carson/interbotix_ws/install/interbotix_xs_msgs/include/interbotix_xs_msgs/srv/detail/operating_modes__type_support.cpp
[69.567s] -- Installing: /home/carson/interbotix_ws/install/interbotix_xs_msgs/include/interbotix_xs_msgs/srv/detail/torque_enable__type_support.cpp
[69.568s] -- Installing: /home/carson/interbotix_ws/install/interbotix_xs_msgs/include/interbotix_xs_msgs/srv/detail/reboot__rosidl_typesupport_introspection_cpp.hpp
[69.568s] -- Installing: /home/carson/interbotix_ws/install/interbotix_xs_msgs/include/interbotix_xs_msgs/srv/detail/robot_info__type_support.cpp
[69.568s] -- Installing: /home/carson/interbotix_ws/install/interbotix_xs_msgs/include/interbotix_xs_msgs/srv/detail/reboot__type_support.cpp
[69.568s] -- Installing: /home/carson/interbotix_ws/install/interbotix_xs_msgs/include/interbotix_xs_msgs/srv/detail/register_values__rosidl_typesupport_introspection_cpp.hpp
[69.568s] -- Installing: /home/carson/interbotix_ws/install/interbotix_xs_msgs/include/interbotix_xs_msgs/srv/detail/motor_gains__type_support.cpp
[69.568s] -- Installing: /home/carson/interbotix_ws/install/interbotix_xs_msgs/include/interbotix_xs_msgs/srv/detail/robot_info__rosidl_typesupport_introspection_cpp.hpp
[69.568s] -- Installing: /home/carson/interbotix_ws/install/interbotix_xs_msgs/include/interbotix_xs_msgs/srv/detail/torque_enable__rosidl_typesupport_introspection_cpp.hpp
[69.568s] -- Installing: /home/carson/interbotix_ws/install/interbotix_xs_msgs/include/interbotix_xs_msgs/srv/detail/register_values__type_support.cpp
[69.568s] -- Up-to-date: /home/carson/interbotix_ws/install/interbotix_xs_msgs/include/interbotix_xs_msgs/msg
[69.568s] -- Up-to-date: /home/carson/interbotix_ws/install/interbotix_xs_msgs/include/interbotix_xs_msgs/msg/detail
[69.568s] -- Installing: /home/carson/interbotix_ws/install/interbotix_xs_msgs/include/interbotix_xs_msgs/msg/detail/joint_single_command__rosidl_typesupport_introspection_cpp.hpp
[69.569s] -- Installing: /home/carson/interbotix_ws/install/interbotix_xs_msgs/include/interbotix_xs_msgs/msg/detail/joint_temps__rosidl_typesupport_introspection_cpp.hpp
[69.569s] -- Installing: /home/carson/interbotix_ws/install/interbotix_xs_msgs/include/interbotix_xs_msgs/msg/detail/joint_group_command__rosidl_typesupport_introspection_cpp.hpp
[69.569s] -- Installing: /home/carson/interbotix_ws/install/interbotix_xs_msgs/include/interbotix_xs_msgs/msg/detail/arm_joy__type_support.cpp
[69.569s] -- Installing: /home/carson/interbotix_ws/install/interbotix_xs_msgs/include/interbotix_xs_msgs/msg/detail/turret_joy__type_support.cpp
[69.569s] -- Installing: /home/carson/interbotix_ws/install/interbotix_xs_msgs/include/interbotix_xs_msgs/msg/detail/joint_temps__type_support.cpp
[69.569s] -- Installing: /home/carson/interbotix_ws/install/interbotix_xs_msgs/include/interbotix_xs_msgs/msg/detail/joint_group_command__type_support.cpp
[69.569s] -- Installing: /home/carson/interbotix_ws/install/interbotix_xs_msgs/include/interbotix_xs_msgs/msg/detail/turret_joy__rosidl_typesupport_introspection_cpp.hpp
[69.569s] -- Installing: /home/carson/interbotix_ws/install/interbotix_xs_msgs/include/interbotix_xs_msgs/msg/detail/joint_trajectory_command__type_support.cpp
[69.569s] -- Installing: /home/carson/interbotix_ws/install/interbotix_xs_msgs/include/interbotix_xs_msgs/msg/detail/hex_joy__rosidl_typesupport_introspection_cpp.hpp
[69.569s] -- Installing: /home/carson/interbotix_ws/install/interbotix_xs_msgs/include/interbotix_xs_msgs/msg/detail/locobot_joy__rosidl_typesupport_introspection_cpp.hpp
[69.569s] -- Installing: /home/carson/interbotix_ws/install/interbotix_xs_msgs/include/interbotix_xs_msgs/msg/detail/arm_joy__rosidl_typesupport_introspection_cpp.hpp
[69.569s] -- Installing: /home/carson/interbotix_ws/install/interbotix_xs_msgs/include/interbotix_xs_msgs/msg/detail/hex_joy__type_support.cpp
[69.570s] -- Installing: /home/carson/interbotix_ws/install/interbotix_xs_msgs/include/interbotix_xs_msgs/msg/detail/locobot_joy__type_support.cpp
[69.570s] -- Installing: /home/carson/interbotix_ws/install/interbotix_xs_msgs/include/interbotix_xs_msgs/msg/detail/joint_trajectory_command__rosidl_typesupport_introspection_cpp.hpp
[69.570s] -- Installing: /home/carson/interbotix_ws/install/interbotix_xs_msgs/include/interbotix_xs_msgs/msg/detail/joint_single_command__type_support.cpp
[69.570s] -- Installing: /home/carson/interbotix_ws/install/interbotix_xs_msgs/lib/libinterbotix_xs_msgs__rosidl_typesupport_introspection_cpp.so
[69.570s] -- Set runtime path of "/home/carson/interbotix_ws/install/interbotix_xs_msgs/lib/libinterbotix_xs_msgs__rosidl_typesupport_introspection_cpp.so" to ""
[69.570s] -- Installing: /home/carson/interbotix_ws/install/interbotix_xs_msgs/lib/libinterbotix_xs_msgs__rosidl_typesupport_cpp.so
[69.570s] -- Set runtime path of "/home/carson/interbotix_ws/install/interbotix_xs_msgs/lib/libinterbotix_xs_msgs__rosidl_typesupport_cpp.so" to ""
[69.570s] -- Installing: /home/carson/interbotix_ws/install/interbotix_xs_msgs/share/interbotix_xs_msgs/environment/pythonpath.sh
[69.570s] -- Installing: /home/carson/interbotix_ws/install/interbotix_xs_msgs/share/interbotix_xs_msgs/environment/pythonpath.dsv
[69.570s] -- Installing: /home/carson/interbotix_ws/install/interbotix_xs_msgs/lib/python3.8/site-packages/interbotix_xs_msgs/__init__.py
[69.602s] Compiling '/home/carson/interbotix_ws/install/interbotix_xs_msgs/lib/python3.8/site-packages/interbotix_xs_msgs/__init__.py'...
[69.607s] -- Installing: /home/carson/interbotix_ws/install/interbotix_xs_msgs/lib/python3.8/site-packages/interbotix_xs_msgs/msg
[69.607s] -- Installing: /home/carson/interbotix_ws/install/interbotix_xs_msgs/lib/python3.8/site-packages/interbotix_xs_msgs/msg/_locobot_joy_s.c
[69.608s] -- Installing: /home/carson/interbotix_ws/install/interbotix_xs_msgs/lib/python3.8/site-packages/interbotix_xs_msgs/msg/_joint_single_command_s.c
[69.608s] -- Installing: /home/carson/interbotix_ws/install/interbotix_xs_msgs/lib/python3.8/site-packages/interbotix_xs_msgs/msg/_joint_group_command_s.c
[69.608s] -- Installing: /home/carson/interbotix_ws/install/interbotix_xs_msgs/lib/python3.8/site-packages/interbotix_xs_msgs/msg/_joint_trajectory_command.py
[69.608s] -- Installing: /home/carson/interbotix_ws/install/interbotix_xs_msgs/lib/python3.8/site-packages/interbotix_xs_msgs/msg/_locobot_joy.py
[69.609s] -- Installing: /home/carson/interbotix_ws/install/interbotix_xs_msgs/lib/python3.8/site-packages/interbotix_xs_msgs/msg/_joint_temps.py
[69.609s] -- Installing: /home/carson/interbotix_ws/install/interbotix_xs_msgs/lib/python3.8/site-packages/interbotix_xs_msgs/msg/_arm_joy.py
[69.609s] -- Installing: /home/carson/interbotix_ws/install/interbotix_xs_msgs/lib/python3.8/site-packages/interbotix_xs_msgs/msg/_hex_joy.py
[69.609s] -- Installing: /home/carson/interbotix_ws/install/interbotix_xs_msgs/lib/python3.8/site-packages/interbotix_xs_msgs/msg/_turret_joy_s.c
[69.610s] -- Installing: /home/carson/interbotix_ws/install/interbotix_xs_msgs/lib/python3.8/site-packages/interbotix_xs_msgs/msg/_joint_temps_s.c
[69.610s] -- Installing: /home/carson/interbotix_ws/install/interbotix_xs_msgs/lib/python3.8/site-packages/interbotix_xs_msgs/msg/_turret_joy.py
[69.610s] -- Installing: /home/carson/interbotix_ws/install/interbotix_xs_msgs/lib/python3.8/site-packages/interbotix_xs_msgs/msg/_hex_joy_s.c
[69.610s] -- Installing: /home/carson/interbotix_ws/install/interbotix_xs_msgs/lib/python3.8/site-packages/interbotix_xs_msgs/msg/_joint_group_command.py
[69.610s] -- Installing: /home/carson/interbotix_ws/install/interbotix_xs_msgs/lib/python3.8/site-packages/interbotix_xs_msgs/msg/__init__.py
[69.611s] -- Installing: /home/carson/interbotix_ws/install/interbotix_xs_msgs/lib/python3.8/site-packages/interbotix_xs_msgs/msg/_arm_joy_s.c
[69.611s] -- Installing: /home/carson/interbotix_ws/install/interbotix_xs_msgs/lib/python3.8/site-packages/interbotix_xs_msgs/msg/_joint_trajectory_command_s.c
[69.611s] -- Installing: /home/carson/interbotix_ws/install/interbotix_xs_msgs/lib/python3.8/site-packages/interbotix_xs_msgs/msg/_joint_single_command.py
[69.611s] -- Installing: /home/carson/interbotix_ws/install/interbotix_xs_msgs/lib/python3.8/site-packages/interbotix_xs_msgs/srv
[69.611s] -- Installing: /home/carson/interbotix_ws/install/interbotix_xs_msgs/lib/python3.8/site-packages/interbotix_xs_msgs/srv/_torque_enable.py
[69.612s] -- Installing: /home/carson/interbotix_ws/install/interbotix_xs_msgs/lib/python3.8/site-packages/interbotix_xs_msgs/srv/_reboot.py
[69.612s] -- Installing: /home/carson/interbotix_ws/install/interbotix_xs_msgs/lib/python3.8/site-packages/interbotix_xs_msgs/srv/_robot_info_s.c
[69.612s] -- Installing: /home/carson/interbotix_ws/install/interbotix_xs_msgs/lib/python3.8/site-packages/interbotix_xs_msgs/srv/_register_values.py
[69.612s] -- Installing: /home/carson/interbotix_ws/install/interbotix_xs_msgs/lib/python3.8/site-packages/interbotix_xs_msgs/srv/_torque_enable_s.c
[69.612s] -- Installing: /home/carson/interbotix_ws/install/interbotix_xs_msgs/lib/python3.8/site-packages/interbotix_xs_msgs/srv/_motor_gains_s.c
[69.613s] -- Installing: /home/carson/interbotix_ws/install/interbotix_xs_msgs/lib/python3.8/site-packages/interbotix_xs_msgs/srv/_motor_gains.py
[69.613s] -- Installing: /home/carson/interbotix_ws/install/interbotix_xs_msgs/lib/python3.8/site-packages/interbotix_xs_msgs/srv/_operating_modes.py
[69.613s] -- Installing: /home/carson/interbotix_ws/install/interbotix_xs_msgs/lib/python3.8/site-packages/interbotix_xs_msgs/srv/_robot_info.py
[69.614s] -- Installing: /home/carson/interbotix_ws/install/interbotix_xs_msgs/lib/python3.8/site-packages/interbotix_xs_msgs/srv/_reboot_s.c
[69.614s] -- Installing: /home/carson/interbotix_ws/install/interbotix_xs_msgs/lib/python3.8/site-packages/interbotix_xs_msgs/srv/_register_values_s.c
[69.614s] -- Installing: /home/carson/interbotix_ws/install/interbotix_xs_msgs/lib/python3.8/site-packages/interbotix_xs_msgs/srv/__init__.py
[69.614s] -- Installing: /home/carson/interbotix_ws/install/interbotix_xs_msgs/lib/python3.8/site-packages/interbotix_xs_msgs/srv/_operating_modes_s.c
[69.615s] -- Installing: /home/carson/interbotix_ws/install/interbotix_xs_msgs/lib/python3.8/site-packages/interbotix_xs_msgs/interbotix_xs_msgs_s__rosidl_typesupport_fastrtps_c.cpython-38-x86_64-linux-gnu.so
[69.615s] -- Set runtime path of "/home/carson/interbotix_ws/install/interbotix_xs_msgs/lib/python3.8/site-packages/interbotix_xs_msgs/interbotix_xs_msgs_s__rosidl_typesupport_fastrtps_c.cpython-38-x86_64-linux-gnu.so" to ""
[69.615s] -- Installing: /home/carson/interbotix_ws/install/interbotix_xs_msgs/lib/python3.8/site-packages/interbotix_xs_msgs/interbotix_xs_msgs_s__rosidl_typesupport_introspection_c.cpython-38-x86_64-linux-gnu.so
[69.615s] -- Set runtime path of "/home/carson/interbotix_ws/install/interbotix_xs_msgs/lib/python3.8/site-packages/interbotix_xs_msgs/interbotix_xs_msgs_s__rosidl_typesupport_introspection_c.cpython-38-x86_64-linux-gnu.so" to ""
[69.616s] -- Installing: /home/carson/interbotix_ws/install/interbotix_xs_msgs/lib/python3.8/site-packages/interbotix_xs_msgs/interbotix_xs_msgs_s__rosidl_typesupport_c.cpython-38-x86_64-linux-gnu.so
[69.616s] -- Set runtime path of "/home/carson/interbotix_ws/install/interbotix_xs_msgs/lib/python3.8/site-packages/interbotix_xs_msgs/interbotix_xs_msgs_s__rosidl_typesupport_c.cpython-38-x86_64-linux-gnu.so" to ""
[69.616s] -- Installing: /home/carson/interbotix_ws/install/interbotix_xs_msgs/lib/libinterbotix_xs_msgs__python.so
[69.616s] -- Set runtime path of "/home/carson/interbotix_ws/install/interbotix_xs_msgs/lib/libinterbotix_xs_msgs__python.so" to ""
[69.617s] -- Installing: /home/carson/interbotix_ws/install/interbotix_xs_msgs/share/interbotix_xs_msgs/msg/ArmJoy.idl
[69.617s] -- Installing: /home/carson/interbotix_ws/install/interbotix_xs_msgs/share/interbotix_xs_msgs/msg/HexJoy.idl
[69.617s] -- Installing: /home/carson/interbotix_ws/install/interbotix_xs_msgs/share/interbotix_xs_msgs/msg/JointGroupCommand.idl
[69.618s] -- Installing: /home/carson/interbotix_ws/install/interbotix_xs_msgs/share/interbotix_xs_msgs/msg/JointSingleCommand.idl
[69.618s] -- Installing: /home/carson/interbotix_ws/install/interbotix_xs_msgs/share/interbotix_xs_msgs/msg/JointTemps.idl
[69.618s] -- Installing: /home/carson/interbotix_ws/install/interbotix_xs_msgs/share/interbotix_xs_msgs/msg/JointTrajectoryCommand.idl
[69.618s] -- Installing: /home/carson/interbotix_ws/install/interbotix_xs_msgs/share/interbotix_xs_msgs/msg/LocobotJoy.idl
[69.619s] -- Installing: /home/carson/interbotix_ws/install/interbotix_xs_msgs/share/interbotix_xs_msgs/msg/TurretJoy.idl
[69.619s] -- Installing: /home/carson/interbotix_ws/install/interbotix_xs_msgs/share/interbotix_xs_msgs/srv/MotorGains.idl
[69.619s] -- Installing: /home/carson/interbotix_ws/install/interbotix_xs_msgs/share/interbotix_xs_msgs/srv/OperatingModes.idl
[69.619s] -- Installing: /home/carson/interbotix_ws/install/interbotix_xs_msgs/share/interbotix_xs_msgs/srv/Reboot.idl
[69.619s] -- Installing: /home/carson/interbotix_ws/install/interbotix_xs_msgs/share/interbotix_xs_msgs/srv/RegisterValues.idl
[69.620s] -- Installing: /home/carson/interbotix_ws/install/interbotix_xs_msgs/share/interbotix_xs_msgs/srv/RobotInfo.idl
[69.620s] -- Installing: /home/carson/interbotix_ws/install/interbotix_xs_msgs/share/interbotix_xs_msgs/srv/TorqueEnable.idl
[69.620s] -- Installing: /home/carson/interbotix_ws/install/interbotix_xs_msgs/share/interbotix_xs_msgs/msg/ArmJoy.msg
[69.620s] -- Installing: /home/carson/interbotix_ws/install/interbotix_xs_msgs/share/interbotix_xs_msgs/msg/HexJoy.msg
[69.620s] -- Installing: /home/carson/interbotix_ws/install/interbotix_xs_msgs/share/interbotix_xs_msgs/msg/JointGroupCommand.msg
[69.621s] -- Installing: /home/carson/interbotix_ws/install/interbotix_xs_msgs/share/interbotix_xs_msgs/msg/JointSingleCommand.msg
[69.621s] -- Installing: /home/carson/interbotix_ws/install/interbotix_xs_msgs/share/interbotix_xs_msgs/msg/JointTemps.msg
[69.621s] -- Installing: /home/carson/interbotix_ws/install/interbotix_xs_msgs/share/interbotix_xs_msgs/msg/JointTrajectoryCommand.msg
[69.621s] -- Installing: /home/carson/interbotix_ws/install/interbotix_xs_msgs/share/interbotix_xs_msgs/msg/LocobotJoy.msg
[69.622s] -- Installing: /home/carson/interbotix_ws/install/interbotix_xs_msgs/share/interbotix_xs_msgs/msg/TurretJoy.msg
[69.622s] -- Installing: /home/carson/interbotix_ws/install/interbotix_xs_msgs/share/interbotix_xs_msgs/srv/MotorGains.srv
[69.622s] -- Installing: /home/carson/interbotix_ws/install/interbotix_xs_msgs/share/interbotix_xs_msgs/srv/MotorGains_Request.msg
[69.622s] -- Installing: /home/carson/interbotix_ws/install/interbotix_xs_msgs/share/interbotix_xs_msgs/srv/MotorGains_Response.msg
[69.623s] -- Installing: /home/carson/interbotix_ws/install/interbotix_xs_msgs/share/interbotix_xs_msgs/srv/OperatingModes.srv
[69.623s] -- Installing: /home/carson/interbotix_ws/install/interbotix_xs_msgs/share/interbotix_xs_msgs/srv/OperatingModes_Request.msg
[69.623s] -- Installing: /home/carson/interbotix_ws/install/interbotix_xs_msgs/share/interbotix_xs_msgs/srv/OperatingModes_Response.msg
[69.623s] -- Installing: /home/carson/interbotix_ws/install/interbotix_xs_msgs/share/interbotix_xs_msgs/srv/Reboot.srv
[69.624s] -- Installing: /home/carson/interbotix_ws/install/interbotix_xs_msgs/share/interbotix_xs_msgs/srv/Reboot_Request.msg
[69.624s] -- Installing: /home/carson/interbotix_ws/install/interbotix_xs_msgs/share/interbotix_xs_msgs/srv/Reboot_Response.msg
[69.624s] -- Installing: /home/carson/interbotix_ws/install/interbotix_xs_msgs/share/interbotix_xs_msgs/srv/RegisterValues.srv
[69.624s] -- Installing: /home/carson/interbotix_ws/install/interbotix_xs_msgs/share/interbotix_xs_msgs/srv/RegisterValues_Request.msg
[69.625s] -- Installing: /home/carson/interbotix_ws/install/interbotix_xs_msgs/share/interbotix_xs_msgs/srv/RegisterValues_Response.msg
[69.625s] -- Installing: /home/carson/interbotix_ws/install/interbotix_xs_msgs/share/interbotix_xs_msgs/srv/RobotInfo.srv
[69.625s] -- Installing: /home/carson/interbotix_ws/install/interbotix_xs_msgs/share/interbotix_xs_msgs/srv/RobotInfo_Request.msg
[69.625s] -- Installing: /home/carson/interbotix_ws/install/interbotix_xs_msgs/share/interbotix_xs_msgs/srv/RobotInfo_Response.msg
[69.625s] -- Installing: /home/carson/interbotix_ws/install/interbotix_xs_msgs/share/interbotix_xs_msgs/srv/TorqueEnable.srv
[69.626s] -- Installing: /home/carson/interbotix_ws/install/interbotix_xs_msgs/share/interbotix_xs_msgs/srv/TorqueEnable_Request.msg
[69.626s] -- Installing: /home/carson/interbotix_ws/install/interbotix_xs_msgs/share/interbotix_xs_msgs/srv/TorqueEnable_Response.msg
[69.626s] -- Installing: /home/carson/interbotix_ws/install/interbotix_xs_msgs/share/ament_index/resource_index/package_run_dependencies/interbotix_xs_msgs
[69.627s] -- Installing: /home/carson/interbotix_ws/install/interbotix_xs_msgs/share/ament_index/resource_index/parent_prefix_path/interbotix_xs_msgs
[69.627s] -- Installing: /home/carson/interbotix_ws/install/interbotix_xs_msgs/share/interbotix_xs_msgs/environment/ament_prefix_path.sh
[69.627s] -- Installing: /home/carson/interbotix_ws/install/interbotix_xs_msgs/share/interbotix_xs_msgs/environment/ament_prefix_path.dsv
[69.628s] -- Installing: /home/carson/interbotix_ws/install/interbotix_xs_msgs/share/interbotix_xs_msgs/environment/path.sh
[69.628s] -- Installing: /home/carson/interbotix_ws/install/interbotix_xs_msgs/share/interbotix_xs_msgs/environment/path.dsv
[69.628s] -- Installing: /home/carson/interbotix_ws/install/interbotix_xs_msgs/share/interbotix_xs_msgs/local_setup.bash
[69.628s] -- Installing: /home/carson/interbotix_ws/install/interbotix_xs_msgs/share/interbotix_xs_msgs/local_setup.sh
[69.629s] -- Installing: /home/carson/interbotix_ws/install/interbotix_xs_msgs/share/interbotix_xs_msgs/local_setup.zsh
[69.629s] -- Installing: /home/carson/interbotix_ws/install/interbotix_xs_msgs/share/interbotix_xs_msgs/local_setup.dsv
[69.629s] -- Installing: /home/carson/interbotix_ws/install/interbotix_xs_msgs/share/interbotix_xs_msgs/package.dsv
[69.629s] -- Installing: /home/carson/interbotix_ws/install/interbotix_xs_msgs/share/ament_index/resource_index/packages/interbotix_xs_msgs
[69.630s] -- Installing: /home/carson/interbotix_ws/install/interbotix_xs_msgs/share/interbotix_xs_msgs/cmake/interbotix_xs_msgs__rosidl_generator_cExport.cmake
[69.630s] -- Installing: /home/carson/interbotix_ws/install/interbotix_xs_msgs/share/interbotix_xs_msgs/cmake/interbotix_xs_msgs__rosidl_generator_cExport-noconfig.cmake
[69.631s] -- Installing: /home/carson/interbotix_ws/install/interbotix_xs_msgs/share/interbotix_xs_msgs/cmake/interbotix_xs_msgs__rosidl_typesupport_introspection_cExport.cmake
[69.631s] -- Installing: /home/carson/interbotix_ws/install/interbotix_xs_msgs/share/interbotix_xs_msgs/cmake/interbotix_xs_msgs__rosidl_typesupport_introspection_cExport-noconfig.cmake
[69.631s] -- Installing: /home/carson/interbotix_ws/install/interbotix_xs_msgs/share/interbotix_xs_msgs/cmake/interbotix_xs_msgs__rosidl_typesupport_cExport.cmake
[69.631s] -- Installing: /home/carson/interbotix_ws/install/interbotix_xs_msgs/share/interbotix_xs_msgs/cmake/interbotix_xs_msgs__rosidl_typesupport_cExport-noconfig.cmake
[69.632s] -- Installing: /home/carson/interbotix_ws/install/interbotix_xs_msgs/share/interbotix_xs_msgs/cmake/interbotix_xs_msgs__rosidl_generator_cppExport.cmake
[69.632s] -- Installing: /home/carson/interbotix_ws/install/interbotix_xs_msgs/share/interbotix_xs_msgs/cmake/interbotix_xs_msgs__rosidl_typesupport_introspection_cppExport.cmake
[69.632s] -- Installing: /home/carson/interbotix_ws/install/interbotix_xs_msgs/share/interbotix_xs_msgs/cmake/interbotix_xs_msgs__rosidl_typesupport_introspection_cppExport-noconfig.cmake
[69.632s] -- Installing: /home/carson/interbotix_ws/install/interbotix_xs_msgs/share/interbotix_xs_msgs/cmake/interbotix_xs_msgs__rosidl_typesupport_cppExport.cmake
[69.633s] -- Installing: /home/carson/interbotix_ws/install/interbotix_xs_msgs/share/interbotix_xs_msgs/cmake/interbotix_xs_msgs__rosidl_typesupport_cppExport-noconfig.cmake
[69.633s] -- Installing: /home/carson/interbotix_ws/install/interbotix_xs_msgs/share/interbotix_xs_msgs/cmake/rosidl_cmake-extras.cmake
[69.633s] -- Installing: /home/carson/interbotix_ws/install/interbotix_xs_msgs/share/interbotix_xs_msgs/cmake/ament_cmake_export_dependencies-extras.cmake
[69.633s] -- Installing: /home/carson/interbotix_ws/install/interbotix_xs_msgs/share/interbotix_xs_msgs/cmake/ament_cmake_export_libraries-extras.cmake
[69.633s] -- Installing: /home/carson/interbotix_ws/install/interbotix_xs_msgs/share/interbotix_xs_msgs/cmake/ament_cmake_export_targets-extras.cmake
[69.633s] -- Installing: /home/carson/interbotix_ws/install/interbotix_xs_msgs/share/interbotix_xs_msgs/cmake/ament_cmake_export_include_directories-extras.cmake
[69.634s] -- Installing: /home/carson/interbotix_ws/install/interbotix_xs_msgs/share/interbotix_xs_msgs/cmake/rosidl_cmake_export_typesupport_libraries-extras.cmake
[69.634s] -- Installing: /home/carson/interbotix_ws/install/interbotix_xs_msgs/share/interbotix_xs_msgs/cmake/rosidl_cmake_export_typesupport_targets-extras.cmake
[69.634s] -- Installing: /home/carson/interbotix_ws/install/interbotix_xs_msgs/share/interbotix_xs_msgs/cmake/interbotix_xs_msgsConfig.cmake
[69.635s] -- Installing: /home/carson/interbotix_ws/install/interbotix_xs_msgs/share/interbotix_xs_msgs/cmake/interbotix_xs_msgsConfig-version.cmake
[69.635s] -- Installing: /home/carson/interbotix_ws/install/interbotix_xs_msgs/share/interbotix_xs_msgs/package.xml
[69.638s] Invoked command in '/home/carson/interbotix_ws/build/interbotix_xs_msgs' returned '0': CMAKE_PREFIX_PATH=${CMAKE_PREFIX_PATH}:/home/carson/robotics-xylophone-project/interbotix_ws/install/interbotix_xs_modules:/home/carson/robotics-xylophone-project/interbotix_ws/install/interbotix_perception_modules:/home/carson/robotics-xylophone-project/interbotix_ws/install/interbotix_common_modules:/home/carson/interbotix_ws/install/interbotix_xs_modules:/home/carson/interbotix_ws/install/interbotix_perception_modules:/home/carson/interbotix_ws/install/interbotix_common_modules:/opt/ros/galactic /usr/bin/cmake --install /home/carson/interbotix_ws/build/interbotix_xs_msgs
