[0.368s] Invoking command in '/home/carson/interbotix_ws/build/moveit_visual_tools': CMAKE_PREFIX_PATH=${CMAKE_PREFIX_PATH}:/home/carson/robotics-xylophone-project/interbotix_ws/install/interbotix_xs_modules:/home/carson/robotics-xylophone-project/interbotix_ws/install/interbotix_perception_modules:/home/carson/robotics-xylophone-project/interbotix_ws/install/interbotix_common_modules:/home/carson/interbotix_ws/install/interbotix_xs_modules:/home/carson/interbotix_ws/install/interbotix_perception_modules:/home/carson/interbotix_ws/install/interbotix_common_modules:/opt/ros/galactic /usr/bin/cmake /home/carson/interbotix_ws/src/moveit_visual_tools -DCMAKE_INSTALL_PREFIX=/home/carson/interbotix_ws/install/moveit_visual_tools
[0.966s] -- The C compiler identification is GNU 9.4.0
[2.176s] -- The CXX compiler identification is GNU 9.4.0
[3.046s] -- Check for working C compiler: /usr/bin/cc
[3.493s] -- Check for working C compiler: /usr/bin/cc -- works
[3.494s] -- Detecting C compiler ABI info
[3.855s] -- Detecting C compiler ABI info - done
[3.872s] -- Detecting C compile features
[3.872s] -- Detecting C compile features - done
[3.876s] -- Check for working CXX compiler: /usr/bin/c++
[4.190s] -- Check for working CXX compiler: /usr/bin/c++ -- works
[4.191s] -- Detecting CXX compiler ABI info
[4.903s] -- Detecting CXX compiler ABI info - done
[4.933s] -- Detecting CXX compile features
[4.934s] -- Detecting CXX compile features - done
[4.941s] -- Found moveit_common: 2.3.4 (/opt/ros/galactic/share/moveit_common/cmake)
[4.946s] -- Found ament_cmake: 1.1.6 (/opt/ros/galactic/share/ament_cmake/cmake)
[5.003s] -- Found PythonInterp: /usr/bin/python3 (found suitable version "3.8.10", minimum required is "3") 
[5.004s] -- Using PYTHON_EXECUTABLE: /usr/bin/python3
[6.009s] -- Found libdw: /usr/lib/x86_64-linux-gnu/libdw.so  
[6.743s] -- Could NOT find libbfd (missing: LIBBFD_LIBRARY LIBBFD_INCLUDE_DIR) 
[6.743s] -- BACKWARD_HAS_UNWIND=1
[6.743s] -- BACKWARD_HAS_BACKTRACE=0
[6.743s] -- BACKWARD_HAS_BACKTRACE_SYMBOL=0
[6.743s] -- BACKWARD_HAS_DW=1
[6.743s] -- BACKWARD_HAS_BFD=0
[6.744s] -- Found Backward: /opt/ros/galactic/share/backward_ros/cmake  
[6.745s] moveit_visual_tools: You did not request a specific build type: Choosing 'Release' for maximum performance
[6.772s] -- Found Boost: /usr/lib/x86_64-linux-gnu/cmake/Boost-1.71.0/BoostConfig.cmake (found version "1.71.0") found components: system 
[6.783s] -- Found geometry_msgs: 2.2.4 (/opt/ros/galactic/share/geometry_msgs/cmake)
[6.944s] -- Using all available rosidl_typesupport_c: rosidl_typesupport_fastrtps_c;rosidl_typesupport_introspection_c
[6.955s] -- Found rosidl_adapter: 2.2.3 (/opt/ros/galactic/share/rosidl_adapter/cmake)
[10.133s] -- Found OpenSSL: /usr/lib/x86_64-linux-gnu/libcrypto.so (found version "1.1.1f")  
[15.770s] -- Found FastRTPS: /opt/ros/galactic/include  
[20.315s] -- Using all available rosidl_typesupport_cpp: rosidl_typesupport_fastrtps_cpp;rosidl_typesupport_introspection_cpp
[20.439s] -- Found graph_msgs: 0.2.0 (/opt/ros/galactic/share/graph_msgs/cmake)
[20.548s] -- Found moveit_core: 2.3.4 (/opt/ros/galactic/share/moveit_core/cmake)
[24.003s] -- Found Boost: /usr/lib/x86_64-linux-gnu/cmake/Boost-1.71.0/BoostConfig.cmake (found version "1.71.0") found components: chrono date_time filesystem iostreams program_options regex serialization system thread 
[24.042s] -- Found Boost: /usr/lib/x86_64-linux-gnu/cmake/Boost-1.71.0/BoostConfig.cmake (found version "1.71.0") found components: filesystem 
[24.181s] -- Found rmw_implementation_cmake: 3.3.1 (/opt/ros/galactic/share/rmw_implementation_cmake/cmake)
[24.190s] -- Found rmw_cyclonedds_cpp: 0.22.6 (/opt/ros/galactic/share/rmw_cyclonedds_cpp/cmake)
[24.224s] -- Using RMW implementation 'rmw_cyclonedds_cpp' as default
[24.226s] -- Found Threads: TRUE  
[25.334s] -- library: /usr/lib/x86_64-linux-gnu/libcurl.so
[25.622s] -- Found Eigen3: TRUE (found version "3.3.7") 
[40.249s] -- Found moveit_ros_planning: 2.3.4 (/opt/ros/galactic/share/moveit_ros_planning/cmake)
[40.258s] -- Found Boost: /usr/lib/x86_64-linux-gnu/cmake/Boost-1.71.0/BoostConfig.cmake (found version "1.71.0") found components: system filesystem date_time program_options thread chrono 
[40.771s] -- Found Boost: /usr/lib/x86_64-linux-gnu/cmake/Boost-1.71.0/BoostConfig.cmake (found version "1.71.0") found components: thread 
[41.971s] -- Found rviz_visual_tools: 4.1.2 (/opt/ros/galactic/share/rviz_visual_tools/cmake)
[42.237s] -- Setting OGRE_DIR to: '/opt/ros/galactic/share/rviz_ogre_vendor/cmake/../../../opt/rviz_ogre_vendor/lib/OGRE/cmake'
[42.243s] -- Found OGRE
[42.244s] --   static     : OFF
[42.244s] --   components : HLMS;MeshLodGenerator;Overlay;Paging;Property;RTShaderSystem;Terrain;Volume
[42.245s] --   plugins    : Plugin_BSPSceneManager;Plugin_OctreeSceneManager;Plugin_PCZSceneManager;Plugin_ParticleFX;RenderSystem_GL;RenderSystem_GL3Plus;Codec_STBI
[42.245s] --   media      : /opt/ros/galactic/opt/rviz_ogre_vendor/share/OGRE/Media
[42.245s] -- OGRE_LIBRARIES: OgreHLMS;OgreMeshLodGenerator;OgreOverlay;OgrePaging;OgreProperty;OgreRTShaderSystem;OgreTerrain;OgreVolume;OgreMain
[42.245s] -- OGRE_LIBRARY_DIRS: /opt/ros/galactic/opt/rviz_ogre_vendor/lib
[42.245s] -- OGRE_PLUGINS: Plugin_BSPSceneManager;Plugin_OctreeSceneManager;Plugin_PCZSceneManager;Plugin_ParticleFX;RenderSystem_GL;RenderSystem_GL3Plus;Codec_STBI
[42.246s] -- OGRE_PLUGIN_DIR: /opt/ros/galactic/opt/rviz_ogre_vendor/lib/OGRE
[42.246s] -- rviz_ogre_vendor::OgreOverlay for IMPORTED_LOCATION_RELEASE: /opt/ros/galactic/opt/rviz_ogre_vendor/lib/libOgreOverlay.so
[42.246s] -- rviz_ogre_vendor::OgreOverlay for IMPORTED_LOCATION_DEBUG: /opt/ros/galactic/opt/rviz_ogre_vendor/lib/libOgreOverlay.so
[42.247s] -- rviz_ogre_vendor::OgreMain for IMPORTED_LOCATION_RELEASE: /opt/ros/galactic/opt/rviz_ogre_vendor/lib/libOgreMain.so
[42.247s] -- rviz_ogre_vendor::OgreMain for IMPORTED_LOCATION_DEBUG: /opt/ros/galactic/opt/rviz_ogre_vendor/lib/libOgreMain.so
[48.855s] -- Found ZLIB: /usr/lib/x86_64-linux-gnu/libz.so (found version "1.2.11") 
[50.590s] -- Found OpenGL: /usr/lib/x86_64-linux-gnu/libOpenGL.so   
[61.750s] -- Found X11: /usr/include   
[61.752s] -- Looking for XOpenDisplay in /usr/lib/x86_64-linux-gnu/libX11.so;/usr/lib/x86_64-linux-gnu/libXext.so
[62.179s] -- Looking for XOpenDisplay in /usr/lib/x86_64-linux-gnu/libX11.so;/usr/lib/x86_64-linux-gnu/libXext.so - found
[62.179s] -- Looking for gethostbyname
[62.658s] -- Looking for gethostbyname - found
[62.659s] -- Looking for connect
[63.075s] -- Looking for connect - found
[63.075s] -- Looking for remove
[63.481s] -- Looking for remove - found
[63.481s] -- Looking for shmat
[63.867s] -- Looking for shmat - found
[63.868s] -- Looking for IceConnectionNumber in ICE
[64.261s] -- Looking for IceConnectionNumber in ICE - found
[64.452s] -- rviz_ogre_vendor::RenderSystem_GL for IMPORTED_LOCATION_RELEASE: _render_system_gl_static_library_abs-NOTFOUND
[64.452s] -- rviz_ogre_vendor::RenderSystem_GL for IMPORTED_LOCATION_DEBUG: _render_system_gl_static_library_abs-NOTFOUND
[64.465s] -- library: libassimp.so.5
[65.297s] -- Found ament_lint_auto: 0.10.7 (/opt/ros/galactic/share/ament_lint_auto/cmake)
[65.321s] -- Added test 'copyright' to check source files copyright and LICENSE
[65.323s] -- Added test 'flake8' to check Python code syntax and style conventions
[65.325s] -- Added test 'lint_cmake' to check CMake code style
[65.327s] -- Added test 'pep257' to check Python code against some of the style conventions in PEP 257
[65.328s] -- Added test 'xmllint' to check XML markup files
[65.335s] -- Configuring done
[65.648s] -- Generating done
[65.653s] -- Build files have been written to: /home/carson/interbotix_ws/build/moveit_visual_tools
[65.680s] Invoked command in '/home/carson/interbotix_ws/build/moveit_visual_tools' returned '0': CMAKE_PREFIX_PATH=${CMAKE_PREFIX_PATH}:/home/carson/robotics-xylophone-project/interbotix_ws/install/interbotix_xs_modules:/home/carson/robotics-xylophone-project/interbotix_ws/install/interbotix_perception_modules:/home/carson/robotics-xylophone-project/interbotix_ws/install/interbotix_common_modules:/home/carson/interbotix_ws/install/interbotix_xs_modules:/home/carson/interbotix_ws/install/interbotix_perception_modules:/home/carson/interbotix_ws/install/interbotix_common_modules:/opt/ros/galactic /usr/bin/cmake /home/carson/interbotix_ws/src/moveit_visual_tools -DCMAKE_INSTALL_PREFIX=/home/carson/interbotix_ws/install/moveit_visual_tools
[65.681s] Invoking command in '/home/carson/interbotix_ws/build/moveit_visual_tools': CMAKE_PREFIX_PATH=${CMAKE_PREFIX_PATH}:/home/carson/robotics-xylophone-project/interbotix_ws/install/interbotix_xs_modules:/home/carson/robotics-xylophone-project/interbotix_ws/install/interbotix_perception_modules:/home/carson/robotics-xylophone-project/interbotix_ws/install/interbotix_common_modules:/home/carson/interbotix_ws/install/interbotix_xs_modules:/home/carson/interbotix_ws/install/interbotix_perception_modules:/home/carson/interbotix_ws/install/interbotix_common_modules:/opt/ros/galactic /usr/bin/cmake --build /home/carson/interbotix_ws/build/moveit_visual_tools -- -j16 -l16
[65.735s] [35m[1mScanning dependencies of target moveit_visual_tools[0m
[66.293s] [ 16%] [32mBuilding CXX object CMakeFiles/moveit_visual_tools.dir/src/moveit_visual_tools.cpp.o[0m
[66.294s] [ 33%] [32mBuilding CXX object CMakeFiles/moveit_visual_tools.dir/src/imarker_robot_state.cpp.o[0m
[66.295s] [ 50%] [32mBuilding CXX object CMakeFiles/moveit_visual_tools.dir/src/imarker_end_effector.cpp.o[0m
[96.681s] [ 66%] [32m[1mLinking CXX shared library libmoveit_visual_tools.so[0m
[98.035s] [ 66%] Built target moveit_visual_tools
[98.052s] [35m[1mScanning dependencies of target moveit_visual_tools_demo[0m
[98.194s] [ 83%] [32mBuilding CXX object CMakeFiles/moveit_visual_tools_demo.dir/src/moveit_visual_tools_demo.cpp.o[0m
[116.227s] [100%] [32m[1mLinking CXX executable moveit_visual_tools_demo[0m
[117.412s] [100%] Built target moveit_visual_tools_demo
[117.438s] Invoked command in '/home/carson/interbotix_ws/build/moveit_visual_tools' returned '0': CMAKE_PREFIX_PATH=${CMAKE_PREFIX_PATH}:/home/carson/robotics-xylophone-project/interbotix_ws/install/interbotix_xs_modules:/home/carson/robotics-xylophone-project/interbotix_ws/install/interbotix_perception_modules:/home/carson/robotics-xylophone-project/interbotix_ws/install/interbotix_common_modules:/home/carson/interbotix_ws/install/interbotix_xs_modules:/home/carson/interbotix_ws/install/interbotix_perception_modules:/home/carson/interbotix_ws/install/interbotix_common_modules:/opt/ros/galactic /usr/bin/cmake --build /home/carson/interbotix_ws/build/moveit_visual_tools -- -j16 -l16
[117.490s] Invoking command in '/home/carson/interbotix_ws/build/moveit_visual_tools': CMAKE_PREFIX_PATH=${CMAKE_PREFIX_PATH}:/home/carson/robotics-xylophone-project/interbotix_ws/install/interbotix_xs_modules:/home/carson/robotics-xylophone-project/interbotix_ws/install/interbotix_perception_modules:/home/carson/robotics-xylophone-project/interbotix_ws/install/interbotix_common_modules:/home/carson/interbotix_ws/install/interbotix_xs_modules:/home/carson/interbotix_ws/install/interbotix_perception_modules:/home/carson/interbotix_ws/install/interbotix_common_modules:/opt/ros/galactic /usr/bin/cmake --install /home/carson/interbotix_ws/build/moveit_visual_tools
[117.501s] -- Install configuration: "Release"
[117.502s] -- Installing: /home/carson/interbotix_ws/install/moveit_visual_tools/share/moveit_visual_tools/environment/library_path.sh
[117.502s] -- Installing: /home/carson/interbotix_ws/install/moveit_visual_tools/share/moveit_visual_tools/environment/library_path.dsv
[117.503s] -- Installing: /home/carson/interbotix_ws/install/moveit_visual_tools/lib/libmoveit_visual_tools.so
[117.504s] -- Set runtime path of "/home/carson/interbotix_ws/install/moveit_visual_tools/lib/libmoveit_visual_tools.so" to ""
[117.504s] -- Installing: /home/carson/interbotix_ws/install/moveit_visual_tools/lib/moveit_visual_tools/moveit_visual_tools_demo
[117.504s] -- Set runtime path of "/home/carson/interbotix_ws/install/moveit_visual_tools/lib/moveit_visual_tools/moveit_visual_tools_demo" to ""
[117.505s] -- Installing: /home/carson/interbotix_ws/install/moveit_visual_tools/include
[117.505s] -- Installing: /home/carson/interbotix_ws/install/moveit_visual_tools/include/moveit_visual_tools
[117.505s] -- Installing: /home/carson/interbotix_ws/install/moveit_visual_tools/include/moveit_visual_tools/moveit_visual_tools.h
[117.506s] -- Installing: /home/carson/interbotix_ws/install/moveit_visual_tools/include/moveit_visual_tools/imarker_end_effector.h
[117.506s] -- Installing: /home/carson/interbotix_ws/install/moveit_visual_tools/include/moveit_visual_tools/imarker_robot_state.h
[117.507s] -- Installing: /home/carson/interbotix_ws/install/moveit_visual_tools/share/moveit_visual_tools/launch
[117.507s] -- Installing: /home/carson/interbotix_ws/install/moveit_visual_tools/share/moveit_visual_tools/launch/demo_rviz.launch.py
[117.507s] -- Installing: /home/carson/interbotix_ws/install/moveit_visual_tools/share/moveit_visual_tools/launch/demo.rviz
[117.507s] -- Installing: /home/carson/interbotix_ws/install/moveit_visual_tools/share/moveit_visual_tools/resources
[117.507s] -- Installing: /home/carson/interbotix_ws/install/moveit_visual_tools/share/moveit_visual_tools/resources/demo.png
[117.508s] -- Installing: /home/carson/interbotix_ws/install/moveit_visual_tools/share/moveit_visual_tools/resources/screenshot.png
[117.508s] -- Installing: /home/carson/interbotix_ws/install/moveit_visual_tools/share/moveit_visual_tools/resources/rrbot.srdf
[117.508s] -- Installing: /home/carson/interbotix_ws/install/moveit_visual_tools/share/moveit_visual_tools/resources/demo_mesh.stl
[117.508s] -- Installing: /home/carson/interbotix_ws/install/moveit_visual_tools/share/moveit_visual_tools/resources/rrbot.urdf
[117.509s] -- Installing: /home/carson/interbotix_ws/install/moveit_visual_tools/share/ament_index/resource_index/package_run_dependencies/moveit_visual_tools
[117.509s] -- Installing: /home/carson/interbotix_ws/install/moveit_visual_tools/share/ament_index/resource_index/parent_prefix_path/moveit_visual_tools
[117.509s] -- Installing: /home/carson/interbotix_ws/install/moveit_visual_tools/share/moveit_visual_tools/environment/ament_prefix_path.sh
[117.509s] -- Installing: /home/carson/interbotix_ws/install/moveit_visual_tools/share/moveit_visual_tools/environment/ament_prefix_path.dsv
[117.510s] -- Installing: /home/carson/interbotix_ws/install/moveit_visual_tools/share/moveit_visual_tools/environment/path.sh
[117.510s] -- Installing: /home/carson/interbotix_ws/install/moveit_visual_tools/share/moveit_visual_tools/environment/path.dsv
[117.510s] -- Installing: /home/carson/interbotix_ws/install/moveit_visual_tools/share/moveit_visual_tools/local_setup.bash
[117.510s] -- Installing: /home/carson/interbotix_ws/install/moveit_visual_tools/share/moveit_visual_tools/local_setup.sh
[117.510s] -- Installing: /home/carson/interbotix_ws/install/moveit_visual_tools/share/moveit_visual_tools/local_setup.zsh
[117.511s] -- Installing: /home/carson/interbotix_ws/install/moveit_visual_tools/share/moveit_visual_tools/local_setup.dsv
[117.511s] -- Installing: /home/carson/interbotix_ws/install/moveit_visual_tools/share/moveit_visual_tools/package.dsv
[117.511s] -- Installing: /home/carson/interbotix_ws/install/moveit_visual_tools/share/ament_index/resource_index/packages/moveit_visual_tools
[117.511s] -- Installing: /home/carson/interbotix_ws/install/moveit_visual_tools/share/moveit_visual_tools/cmake/export_moveit_visual_toolsExport.cmake
[117.512s] -- Installing: /home/carson/interbotix_ws/install/moveit_visual_tools/share/moveit_visual_tools/cmake/export_moveit_visual_toolsExport-release.cmake
[117.512s] -- Installing: /home/carson/interbotix_ws/install/moveit_visual_tools/share/moveit_visual_tools/cmake/ament_cmake_export_targets-extras.cmake
[117.512s] -- Installing: /home/carson/interbotix_ws/install/moveit_visual_tools/share/moveit_visual_tools/cmake/ament_cmake_export_dependencies-extras.cmake
[117.512s] -- Installing: /home/carson/interbotix_ws/install/moveit_visual_tools/share/moveit_visual_tools/cmake/moveit_visual_toolsConfig.cmake
[117.512s] -- Installing: /home/carson/interbotix_ws/install/moveit_visual_tools/share/moveit_visual_tools/cmake/moveit_visual_toolsConfig-version.cmake
[117.512s] -- Installing: /home/carson/interbotix_ws/install/moveit_visual_tools/share/moveit_visual_tools/package.xml
[117.515s] Invoked command in '/home/carson/interbotix_ws/build/moveit_visual_tools' returned '0': CMAKE_PREFIX_PATH=${CMAKE_PREFIX_PATH}:/home/carson/robotics-xylophone-project/interbotix_ws/install/interbotix_xs_modules:/home/carson/robotics-xylophone-project/interbotix_ws/install/interbotix_perception_modules:/home/carson/robotics-xylophone-project/interbotix_ws/install/interbotix_common_modules:/home/carson/interbotix_ws/install/interbotix_xs_modules:/home/carson/interbotix_ws/install/interbotix_perception_modules:/home/carson/interbotix_ws/install/interbotix_common_modules:/opt/ros/galactic /usr/bin/cmake --install /home/carson/interbotix_ws/build/moveit_visual_tools
