[0.369s] Invoking command in '/home/carson/interbotix_ws/build/interbotix_moveit_interface_msgs': CMAKE_PREFIX_PATH=${CMAKE_PREFIX_PATH}:/home/carson/robotics-xylophone-project/interbotix_ws/install/interbotix_xs_modules:/home/carson/robotics-xylophone-project/interbotix_ws/install/interbotix_perception_modules:/home/carson/robotics-xylophone-project/interbotix_ws/install/interbotix_common_modules:/home/carson/interbotix_ws/install/interbotix_xs_modules:/home/carson/interbotix_ws/install/interbotix_perception_modules:/home/carson/interbotix_ws/install/interbotix_common_modules:/opt/ros/galactic /usr/bin/cmake /home/carson/interbotix_ws/src/interbotix_ros_toolboxes/interbotix_common_toolbox/interbotix_moveit_interface_msgs -DCMAKE_INSTALL_PREFIX=/home/carson/interbotix_ws/install/interbotix_moveit_interface_msgs
[0.951s] -- The C compiler identification is GNU 9.4.0
[2.025s] -- The CXX compiler identification is GNU 9.4.0
[2.726s] -- Check for working C compiler: /usr/bin/cc
[3.254s] -- Check for working C compiler: /usr/bin/cc -- works
[3.255s] -- Detecting C compiler ABI info
[3.750s] -- Detecting C compiler ABI info - done
[3.765s] -- Detecting C compile features
[3.765s] -- Detecting C compile features - done
[3.768s] -- Check for working CXX compiler: /usr/bin/c++
[4.080s] -- Check for working CXX compiler: /usr/bin/c++ -- works
[4.081s] -- Detecting CXX compiler ABI info
[4.514s] -- Detecting CXX compiler ABI info - done
[4.551s] -- Detecting CXX compile features
[4.552s] -- Detecting CXX compile features - done
[4.566s] -- Found rosidl_default_generators: 1.1.1 (/opt/ros/galactic/share/rosidl_default_generators/cmake)
[4.574s] -- Found ament_cmake_core: 1.1.6 (/opt/ros/galactic/share/ament_cmake_core/cmake)
[4.651s] -- Found PythonInterp: /usr/bin/python3 (found suitable version "3.8.10", minimum required is "3") 
[4.651s] -- Using PYTHON_EXECUTABLE: /usr/bin/python3
[4.867s] -- Using all available rosidl_typesupport_c: rosidl_typesupport_fastrtps_c;rosidl_typesupport_introspection_c
[4.906s] -- Found rosidl_adapter: 2.2.3 (/opt/ros/galactic/share/rosidl_adapter/cmake)
[7.777s] -- Found OpenSSL: /usr/lib/x86_64-linux-gnu/libcrypto.so (found version "1.1.1f")  
[13.870s] -- Found FastRTPS: /opt/ros/galactic/include  
[19.861s] -- Using all available rosidl_typesupport_cpp: rosidl_typesupport_fastrtps_cpp;rosidl_typesupport_introspection_cpp
[19.900s] -- Found std_msgs: 2.2.4 (/opt/ros/galactic/share/std_msgs/cmake)
[19.950s] -- Found geometry_msgs: 2.2.4 (/opt/ros/galactic/share/geometry_msgs/cmake)
[20.025s] -- Found PythonInterp: /usr/bin/python3 (found version "3.8.10") 
[20.305s] -- Found ament_cmake_ros: 0.9.2 (/opt/ros/galactic/share/ament_cmake_ros/cmake)
[34.588s] -- Using all available rosidl_typesupport_c: rosidl_typesupport_fastrtps_c;rosidl_typesupport_introspection_c
[34.827s] -- Using all available rosidl_typesupport_cpp: rosidl_typesupport_fastrtps_cpp;rosidl_typesupport_introspection_cpp
[34.882s] -- Found PythonInterp: /usr/bin/python3 (found suitable version "3.8.10", minimum required is "3.5") 
[34.886s] -- Found python_cmake_module: 0.8.1 (/opt/ros/galactic/share/python_cmake_module/cmake)
[36.720s] -- Found PythonLibs: /usr/lib/x86_64-linux-gnu/libpython3.8.so (found suitable version "3.8.10", minimum required is "3.5") 
[36.721s] -- Using PYTHON_EXECUTABLE: /usr/bin/python3
[36.721s] -- Using PYTHON_INCLUDE_DIRS: /usr/include/python3.8
[36.721s] -- Using PYTHON_LIBRARIES: /usr/lib/x86_64-linux-gnu/libpython3.8.so
[36.763s] -- Found PythonExtra: .so  
[37.079s] -- Found ament_lint_auto: 0.10.7 (/opt/ros/galactic/share/ament_lint_auto/cmake)
[39.496s] -- Configuring done
[39.753s] -- Generating done
[39.766s] -- Build files have been written to: /home/carson/interbotix_ws/build/interbotix_moveit_interface_msgs
[39.794s] Invoked command in '/home/carson/interbotix_ws/build/interbotix_moveit_interface_msgs' returned '0': CMAKE_PREFIX_PATH=${CMAKE_PREFIX_PATH}:/home/carson/robotics-xylophone-project/interbotix_ws/install/interbotix_xs_modules:/home/carson/robotics-xylophone-project/interbotix_ws/install/interbotix_perception_modules:/home/carson/robotics-xylophone-project/interbotix_ws/install/interbotix_common_modules:/home/carson/interbotix_ws/install/interbotix_xs_modules:/home/carson/interbotix_ws/install/interbotix_perception_modules:/home/carson/interbotix_ws/install/interbotix_common_modules:/opt/ros/galactic /usr/bin/cmake /home/carson/interbotix_ws/src/interbotix_ros_toolboxes/interbotix_common_toolbox/interbotix_moveit_interface_msgs -DCMAKE_INSTALL_PREFIX=/home/carson/interbotix_ws/install/interbotix_moveit_interface_msgs
[39.795s] Invoking command in '/home/carson/interbotix_ws/build/interbotix_moveit_interface_msgs': CMAKE_PREFIX_PATH=${CMAKE_PREFIX_PATH}:/home/carson/robotics-xylophone-project/interbotix_ws/install/interbotix_xs_modules:/home/carson/robotics-xylophone-project/interbotix_ws/install/interbotix_perception_modules:/home/carson/robotics-xylophone-project/interbotix_ws/install/interbotix_common_modules:/home/carson/interbotix_ws/install/interbotix_xs_modules:/home/carson/interbotix_ws/install/interbotix_perception_modules:/home/carson/interbotix_ws/install/interbotix_common_modules:/opt/ros/galactic /usr/bin/cmake --build /home/carson/interbotix_ws/build/interbotix_moveit_interface_msgs -- -j16 -l16
[39.850s] [  3%] [34m[1mGenerating C code for ROS interfaces[0m
[39.853s] [35m[1mScanning dependencies of target interbotix_moveit_interface_msgs__cpp[0m
[39.871s] [  6%] [34m[1mGenerating C++ code for ROS interfaces[0m
[40.409s] [  6%] Built target interbotix_moveit_interface_msgs__cpp
[40.409s] [35m[1mScanning dependencies of target interbotix_moveit_interface_msgs__rosidl_generator_c[0m
[40.426s] [  9%] [34m[1mGenerating C++ type support for eProsima Fast-RTPS[0m
[40.427s] [ 12%] [34m[1mGenerating C++ introspection for ROS interfaces[0m
[40.428s] [ 16%] [34m[1mGenerating C++ type support dispatch for ROS interfaces[0m
[40.438s] [ 19%] [32mBuilding C object CMakeFiles/interbotix_moveit_interface_msgs__rosidl_generator_c.dir/rosidl_generator_c/interbotix_moveit_interface_msgs/srv/detail/move_it_plan__functions.c.o[0m
[40.534s] [ 22%] [32m[1mLinking C shared library libinterbotix_moveit_interface_msgs__rosidl_generator_c.so[0m
[40.870s] [35m[1mScanning dependencies of target interbotix_moveit_interface_msgs__rosidl_typesupport_cpp[0m
[40.900s] [ 25%] [32mBuilding CXX object CMakeFiles/interbotix_moveit_interface_msgs__rosidl_typesupport_cpp.dir/rosidl_typesupport_cpp/interbotix_moveit_interface_msgs/srv/move_it_plan__type_support.cpp.o[0m
[40.935s] [35m[1mScanning dependencies of target interbotix_moveit_interface_msgs__rosidl_typesupport_introspection_cpp[0m
[40.954s] [35m[1mScanning dependencies of target interbotix_moveit_interface_msgs__rosidl_typesupport_fastrtps_cpp[0m
[40.965s] [ 29%] [32mBuilding CXX object CMakeFiles/interbotix_moveit_interface_msgs__rosidl_typesupport_introspection_cpp.dir/rosidl_typesupport_introspection_cpp/interbotix_moveit_interface_msgs/srv/detail/move_it_plan__type_support.cpp.o[0m
[40.965s] [ 29%] Built target interbotix_moveit_interface_msgs__rosidl_generator_c
[40.985s] [ 35%] [34m[1mGenerating C type support dispatch for ROS interfaces[0m
[40.985s] [ 35%] [34m[1mGenerating C introspection for ROS interfaces[0m
[40.998s] [ 38%] [32mBuilding CXX object CMakeFiles/interbotix_moveit_interface_msgs__rosidl_typesupport_fastrtps_cpp.dir/rosidl_typesupport_fastrtps_cpp/interbotix_moveit_interface_msgs/srv/detail/dds_fastrtps/move_it_plan__type_support.cpp.o[0m
[41.425s] [ 41%] [32m[1mLinking CXX shared library libinterbotix_moveit_interface_msgs__rosidl_typesupport_cpp.so[0m
[41.534s] [35m[1mScanning dependencies of target interbotix_moveit_interface_msgs__rosidl_typesupport_c[0m
[41.565s] [ 45%] [32mBuilding CXX object CMakeFiles/interbotix_moveit_interface_msgs__rosidl_typesupport_c.dir/rosidl_typesupport_c/interbotix_moveit_interface_msgs/srv/move_it_plan__type_support.cpp.o[0m
[41.577s] [ 48%] [32m[1mLinking CXX shared library libinterbotix_moveit_interface_msgs__rosidl_typesupport_introspection_cpp.so[0m
[41.578s] [35m[1mScanning dependencies of target interbotix_moveit_interface_msgs__rosidl_typesupport_introspection_c[0m
[41.611s] [ 51%] [32mBuilding C object CMakeFiles/interbotix_moveit_interface_msgs__rosidl_typesupport_introspection_c.dir/rosidl_typesupport_introspection_c/interbotix_moveit_interface_msgs/srv/detail/move_it_plan__type_support.c.o[0m
[41.625s] [ 54%] [32m[1mLinking CXX shared library libinterbotix_moveit_interface_msgs__rosidl_typesupport_c.so[0m
[41.675s] [ 58%] [32m[1mLinking C shared library libinterbotix_moveit_interface_msgs__rosidl_typesupport_introspection_c.so[0m
[41.898s] [ 58%] Built target interbotix_moveit_interface_msgs__rosidl_typesupport_cpp
[41.988s] [ 58%] Built target interbotix_moveit_interface_msgs__rosidl_typesupport_introspection_c
[42.012s] [ 58%] Built target interbotix_moveit_interface_msgs__rosidl_typesupport_c
[42.035s] [ 58%] Built target interbotix_moveit_interface_msgs__rosidl_typesupport_introspection_cpp
[43.420s] [ 61%] [32m[1mLinking CXX shared library libinterbotix_moveit_interface_msgs__rosidl_typesupport_fastrtps_cpp.so[0m
[43.939s] [ 61%] Built target interbotix_moveit_interface_msgs__rosidl_typesupport_fastrtps_cpp
[43.958s] [ 64%] [34m[1mGenerating C type support for eProsima Fast-RTPS[0m
[44.443s] [35m[1mScanning dependencies of target interbotix_moveit_interface_msgs__rosidl_typesupport_fastrtps_c[0m
[44.474s] [ 67%] [32mBuilding CXX object CMakeFiles/interbotix_moveit_interface_msgs__rosidl_typesupport_fastrtps_c.dir/rosidl_typesupport_fastrtps_c/interbotix_moveit_interface_msgs/srv/detail/move_it_plan__type_support_c.cpp.o[0m
[45.046s] [ 70%] [32m[1mLinking CXX shared library libinterbotix_moveit_interface_msgs__rosidl_typesupport_fastrtps_c.so[0m
[45.504s] [ 70%] Built target interbotix_moveit_interface_msgs__rosidl_typesupport_fastrtps_c
[45.520s] [35m[1mScanning dependencies of target interbotix_moveit_interface_msgs[0m
[45.539s] [ 70%] Built target interbotix_moveit_interface_msgs
[45.558s] [35m[1mScanning dependencies of target interbotix_moveit_interface_msgs__py[0m
[45.576s] [ 74%] [34m[1mGenerating Python code for ROS interfaces[0m
[46.801s] [ 74%] Built target interbotix_moveit_interface_msgs__py
[46.839s] [35m[1mScanning dependencies of target interbotix_moveit_interface_msgs__python[0m
[46.918s] [ 77%] [32mBuilding C object CMakeFiles/interbotix_moveit_interface_msgs__python.dir/rosidl_generator_py/interbotix_moveit_interface_msgs/srv/_move_it_plan_s.c.o[0m
[47.105s] [ 80%] [32m[1mLinking C shared library rosidl_generator_py/interbotix_moveit_interface_msgs/libinterbotix_moveit_interface_msgs__python.so[0m
[47.592s] [ 80%] Built target interbotix_moveit_interface_msgs__python
[47.611s] [35m[1mScanning dependencies of target interbotix_moveit_interface_msgs__rosidl_typesupport_fastrtps_c__pyext[0m
[47.612s] [35m[1mScanning dependencies of target interbotix_moveit_interface_msgs__rosidl_typesupport_introspection_c__pyext[0m
[47.613s] [35m[1mScanning dependencies of target interbotix_moveit_interface_msgs__rosidl_typesupport_c__pyext[0m
[47.644s] [ 90%] [32mBuilding C object CMakeFiles/interbotix_moveit_interface_msgs__rosidl_typesupport_c__pyext.dir/rosidl_generator_py/interbotix_moveit_interface_msgs/_interbotix_moveit_interface_msgs_s.ep.rosidl_typesupport_c.c.o[0m
[47.644s] [ 90%] [32mBuilding C object CMakeFiles/interbotix_moveit_interface_msgs__rosidl_typesupport_fastrtps_c__pyext.dir/rosidl_generator_py/interbotix_moveit_interface_msgs/_interbotix_moveit_interface_msgs_s.ep.rosidl_typesupport_fastrtps_c.c.o[0m
[47.644s] [ 90%] [32mBuilding C object CMakeFiles/interbotix_moveit_interface_msgs__rosidl_typesupport_introspection_c__pyext.dir/rosidl_generator_py/interbotix_moveit_interface_msgs/_interbotix_moveit_interface_msgs_s.ep.rosidl_typesupport_introspection_c.c.o[0m
[47.783s] [ 93%] [32m[1mLinking CXX shared library rosidl_generator_py/interbotix_moveit_interface_msgs/interbotix_moveit_interface_msgs_s__rosidl_typesupport_fastrtps_c.cpython-38-x86_64-linux-gnu.so[0m
[47.790s] [ 96%] [32m[1mLinking C shared library rosidl_generator_py/interbotix_moveit_interface_msgs/interbotix_moveit_interface_msgs_s__rosidl_typesupport_c.cpython-38-x86_64-linux-gnu.so[0m
[47.967s] [100%] [32m[1mLinking C shared library rosidl_generator_py/interbotix_moveit_interface_msgs/interbotix_moveit_interface_msgs_s__rosidl_typesupport_introspection_c.cpython-38-x86_64-linux-gnu.so[0m
[48.101s] [100%] Built target interbotix_moveit_interface_msgs__rosidl_typesupport_fastrtps_c__pyext
[48.197s] [100%] Built target interbotix_moveit_interface_msgs__rosidl_typesupport_c__pyext
[48.338s] [100%] Built target interbotix_moveit_interface_msgs__rosidl_typesupport_introspection_c__pyext
[48.358s] Invoked command in '/home/carson/interbotix_ws/build/interbotix_moveit_interface_msgs' returned '0': CMAKE_PREFIX_PATH=${CMAKE_PREFIX_PATH}:/home/carson/robotics-xylophone-project/interbotix_ws/install/interbotix_xs_modules:/home/carson/robotics-xylophone-project/interbotix_ws/install/interbotix_perception_modules:/home/carson/robotics-xylophone-project/interbotix_ws/install/interbotix_common_modules:/home/carson/interbotix_ws/install/interbotix_xs_modules:/home/carson/interbotix_ws/install/interbotix_perception_modules:/home/carson/interbotix_ws/install/interbotix_common_modules:/opt/ros/galactic /usr/bin/cmake --build /home/carson/interbotix_ws/build/interbotix_moveit_interface_msgs -- -j16 -l16
[48.433s] Invoking command in '/home/carson/interbotix_ws/build/interbotix_moveit_interface_msgs': CMAKE_PREFIX_PATH=${CMAKE_PREFIX_PATH}:/home/carson/robotics-xylophone-project/interbotix_ws/install/interbotix_xs_modules:/home/carson/robotics-xylophone-project/interbotix_ws/install/interbotix_perception_modules:/home/carson/robotics-xylophone-project/interbotix_ws/install/interbotix_common_modules:/home/carson/interbotix_ws/install/interbotix_xs_modules:/home/carson/interbotix_ws/install/interbotix_perception_modules:/home/carson/interbotix_ws/install/interbotix_common_modules:/opt/ros/galactic /usr/bin/cmake --install /home/carson/interbotix_ws/build/interbotix_moveit_interface_msgs
[48.443s] -- Install configuration: ""
[48.444s] -- Installing: /home/carson/interbotix_ws/install/interbotix_moveit_interface_msgs/share/ament_index/resource_index/rosidl_interfaces/interbotix_moveit_interface_msgs
[48.444s] -- Installing: /home/carson/interbotix_ws/install/interbotix_moveit_interface_msgs/include/interbotix_moveit_interface_msgs
[48.445s] -- Installing: /home/carson/interbotix_ws/install/interbotix_moveit_interface_msgs/include/interbotix_moveit_interface_msgs/srv
[48.445s] -- Installing: /home/carson/interbotix_ws/install/interbotix_moveit_interface_msgs/include/interbotix_moveit_interface_msgs/srv/move_it_plan.h
[48.445s] -- Installing: /home/carson/interbotix_ws/install/interbotix_moveit_interface_msgs/include/interbotix_moveit_interface_msgs/srv/detail
[48.445s] -- Installing: /home/carson/interbotix_ws/install/interbotix_moveit_interface_msgs/include/interbotix_moveit_interface_msgs/srv/detail/move_it_plan__type_support.h
[48.446s] -- Installing: /home/carson/interbotix_ws/install/interbotix_moveit_interface_msgs/include/interbotix_moveit_interface_msgs/srv/detail/move_it_plan__struct.h
[48.446s] -- Installing: /home/carson/interbotix_ws/install/interbotix_moveit_interface_msgs/include/interbotix_moveit_interface_msgs/srv/detail/move_it_plan__functions.c
[48.446s] -- Installing: /home/carson/interbotix_ws/install/interbotix_moveit_interface_msgs/include/interbotix_moveit_interface_msgs/srv/detail/move_it_plan__functions.h
[48.446s] -- Installing: /home/carson/interbotix_ws/install/interbotix_moveit_interface_msgs/include/interbotix_moveit_interface_msgs/msg
[48.447s] -- Installing: /home/carson/interbotix_ws/install/interbotix_moveit_interface_msgs/include/interbotix_moveit_interface_msgs/msg/rosidl_generator_c__visibility_control.h
[48.447s] -- Installing: /home/carson/interbotix_ws/install/interbotix_moveit_interface_msgs/share/interbotix_moveit_interface_msgs/environment/library_path.sh
[48.447s] -- Installing: /home/carson/interbotix_ws/install/interbotix_moveit_interface_msgs/share/interbotix_moveit_interface_msgs/environment/library_path.dsv
[48.447s] -- Installing: /home/carson/interbotix_ws/install/interbotix_moveit_interface_msgs/lib/libinterbotix_moveit_interface_msgs__rosidl_generator_c.so
[48.448s] -- Set runtime path of "/home/carson/interbotix_ws/install/interbotix_moveit_interface_msgs/lib/libinterbotix_moveit_interface_msgs__rosidl_generator_c.so" to ""
[48.448s] -- Up-to-date: /home/carson/interbotix_ws/install/interbotix_moveit_interface_msgs/include/interbotix_moveit_interface_msgs
[48.448s] -- Up-to-date: /home/carson/interbotix_ws/install/interbotix_moveit_interface_msgs/include/interbotix_moveit_interface_msgs/srv
[48.448s] -- Up-to-date: /home/carson/interbotix_ws/install/interbotix_moveit_interface_msgs/include/interbotix_moveit_interface_msgs/srv/detail
[48.448s] -- Installing: /home/carson/interbotix_ws/install/interbotix_moveit_interface_msgs/include/interbotix_moveit_interface_msgs/srv/detail/move_it_plan__rosidl_typesupport_fastrtps_c.h
[48.449s] -- Up-to-date: /home/carson/interbotix_ws/install/interbotix_moveit_interface_msgs/include/interbotix_moveit_interface_msgs/msg
[48.449s] -- Installing: /home/carson/interbotix_ws/install/interbotix_moveit_interface_msgs/include/interbotix_moveit_interface_msgs/msg/rosidl_typesupport_fastrtps_c__visibility_control.h
[48.449s] -- Installing: /home/carson/interbotix_ws/install/interbotix_moveit_interface_msgs/lib/libinterbotix_moveit_interface_msgs__rosidl_typesupport_fastrtps_c.so
[48.450s] -- Set runtime path of "/home/carson/interbotix_ws/install/interbotix_moveit_interface_msgs/lib/libinterbotix_moveit_interface_msgs__rosidl_typesupport_fastrtps_c.so" to ""
[48.450s] -- Up-to-date: /home/carson/interbotix_ws/install/interbotix_moveit_interface_msgs/include/interbotix_moveit_interface_msgs
[48.450s] -- Up-to-date: /home/carson/interbotix_ws/install/interbotix_moveit_interface_msgs/include/interbotix_moveit_interface_msgs/srv
[48.450s] -- Up-to-date: /home/carson/interbotix_ws/install/interbotix_moveit_interface_msgs/include/interbotix_moveit_interface_msgs/srv/detail
[48.451s] -- Installing: /home/carson/interbotix_ws/install/interbotix_moveit_interface_msgs/include/interbotix_moveit_interface_msgs/srv/detail/dds_fastrtps
[48.451s] -- Installing: /home/carson/interbotix_ws/install/interbotix_moveit_interface_msgs/include/interbotix_moveit_interface_msgs/srv/detail/move_it_plan__rosidl_typesupport_fastrtps_cpp.hpp
[48.451s] -- Up-to-date: /home/carson/interbotix_ws/install/interbotix_moveit_interface_msgs/include/interbotix_moveit_interface_msgs/msg
[48.451s] -- Installing: /home/carson/interbotix_ws/install/interbotix_moveit_interface_msgs/include/interbotix_moveit_interface_msgs/msg/rosidl_typesupport_fastrtps_cpp__visibility_control.h
[48.452s] -- Installing: /home/carson/interbotix_ws/install/interbotix_moveit_interface_msgs/lib/libinterbotix_moveit_interface_msgs__rosidl_typesupport_fastrtps_cpp.so
[48.452s] -- Set runtime path of "/home/carson/interbotix_ws/install/interbotix_moveit_interface_msgs/lib/libinterbotix_moveit_interface_msgs__rosidl_typesupport_fastrtps_cpp.so" to ""
[48.452s] -- Up-to-date: /home/carson/interbotix_ws/install/interbotix_moveit_interface_msgs/include/interbotix_moveit_interface_msgs
[48.452s] -- Up-to-date: /home/carson/interbotix_ws/install/interbotix_moveit_interface_msgs/include/interbotix_moveit_interface_msgs/srv
[48.453s] -- Up-to-date: /home/carson/interbotix_ws/install/interbotix_moveit_interface_msgs/include/interbotix_moveit_interface_msgs/srv/detail
[48.453s] -- Installing: /home/carson/interbotix_ws/install/interbotix_moveit_interface_msgs/include/interbotix_moveit_interface_msgs/srv/detail/move_it_plan__rosidl_typesupport_introspection_c.h
[48.453s] -- Installing: /home/carson/interbotix_ws/install/interbotix_moveit_interface_msgs/include/interbotix_moveit_interface_msgs/srv/detail/move_it_plan__type_support.c
[48.453s] -- Up-to-date: /home/carson/interbotix_ws/install/interbotix_moveit_interface_msgs/include/interbotix_moveit_interface_msgs/msg
[48.454s] -- Installing: /home/carson/interbotix_ws/install/interbotix_moveit_interface_msgs/include/interbotix_moveit_interface_msgs/msg/rosidl_typesupport_introspection_c__visibility_control.h
[48.454s] -- Installing: /home/carson/interbotix_ws/install/interbotix_moveit_interface_msgs/lib/libinterbotix_moveit_interface_msgs__rosidl_typesupport_introspection_c.so
[48.454s] -- Set runtime path of "/home/carson/interbotix_ws/install/interbotix_moveit_interface_msgs/lib/libinterbotix_moveit_interface_msgs__rosidl_typesupport_introspection_c.so" to ""
[48.454s] -- Installing: /home/carson/interbotix_ws/install/interbotix_moveit_interface_msgs/lib/libinterbotix_moveit_interface_msgs__rosidl_typesupport_c.so
[48.454s] -- Set runtime path of "/home/carson/interbotix_ws/install/interbotix_moveit_interface_msgs/lib/libinterbotix_moveit_interface_msgs__rosidl_typesupport_c.so" to ""
[48.454s] -- Up-to-date: /home/carson/interbotix_ws/install/interbotix_moveit_interface_msgs/include/interbotix_moveit_interface_msgs
[48.454s] -- Up-to-date: /home/carson/interbotix_ws/install/interbotix_moveit_interface_msgs/include/interbotix_moveit_interface_msgs/srv
[48.454s] -- Installing: /home/carson/interbotix_ws/install/interbotix_moveit_interface_msgs/include/interbotix_moveit_interface_msgs/srv/move_it_plan.hpp
[48.455s] -- Up-to-date: /home/carson/interbotix_ws/install/interbotix_moveit_interface_msgs/include/interbotix_moveit_interface_msgs/srv/detail
[48.455s] -- Installing: /home/carson/interbotix_ws/install/interbotix_moveit_interface_msgs/include/interbotix_moveit_interface_msgs/srv/detail/move_it_plan__struct.hpp
[48.455s] -- Installing: /home/carson/interbotix_ws/install/interbotix_moveit_interface_msgs/include/interbotix_moveit_interface_msgs/srv/detail/move_it_plan__traits.hpp
[48.455s] -- Installing: /home/carson/interbotix_ws/install/interbotix_moveit_interface_msgs/include/interbotix_moveit_interface_msgs/srv/detail/move_it_plan__builder.hpp
[48.455s] -- Up-to-date: /home/carson/interbotix_ws/install/interbotix_moveit_interface_msgs/include/interbotix_moveit_interface_msgs
[48.456s] -- Up-to-date: /home/carson/interbotix_ws/install/interbotix_moveit_interface_msgs/include/interbotix_moveit_interface_msgs/srv
[48.456s] -- Up-to-date: /home/carson/interbotix_ws/install/interbotix_moveit_interface_msgs/include/interbotix_moveit_interface_msgs/srv/detail
[48.456s] -- Installing: /home/carson/interbotix_ws/install/interbotix_moveit_interface_msgs/include/interbotix_moveit_interface_msgs/srv/detail/move_it_plan__type_support.cpp
[48.456s] -- Installing: /home/carson/interbotix_ws/install/interbotix_moveit_interface_msgs/include/interbotix_moveit_interface_msgs/srv/detail/move_it_plan__rosidl_typesupport_introspection_cpp.hpp
[48.456s] -- Installing: /home/carson/interbotix_ws/install/interbotix_moveit_interface_msgs/lib/libinterbotix_moveit_interface_msgs__rosidl_typesupport_introspection_cpp.so
[48.457s] -- Set runtime path of "/home/carson/interbotix_ws/install/interbotix_moveit_interface_msgs/lib/libinterbotix_moveit_interface_msgs__rosidl_typesupport_introspection_cpp.so" to ""
[48.457s] -- Installing: /home/carson/interbotix_ws/install/interbotix_moveit_interface_msgs/lib/libinterbotix_moveit_interface_msgs__rosidl_typesupport_cpp.so
[48.457s] -- Set runtime path of "/home/carson/interbotix_ws/install/interbotix_moveit_interface_msgs/lib/libinterbotix_moveit_interface_msgs__rosidl_typesupport_cpp.so" to ""
[48.457s] -- Installing: /home/carson/interbotix_ws/install/interbotix_moveit_interface_msgs/share/interbotix_moveit_interface_msgs/environment/pythonpath.sh
[48.457s] -- Installing: /home/carson/interbotix_ws/install/interbotix_moveit_interface_msgs/share/interbotix_moveit_interface_msgs/environment/pythonpath.dsv
[48.458s] -- Installing: /home/carson/interbotix_ws/install/interbotix_moveit_interface_msgs/lib/python3.8/site-packages/interbotix_moveit_interface_msgs/__init__.py
[48.511s] Compiling '/home/carson/interbotix_ws/install/interbotix_moveit_interface_msgs/lib/python3.8/site-packages/interbotix_moveit_interface_msgs/__init__.py'...
[48.519s] -- Installing: /home/carson/interbotix_ws/install/interbotix_moveit_interface_msgs/lib/python3.8/site-packages/interbotix_moveit_interface_msgs/srv
[48.519s] -- Installing: /home/carson/interbotix_ws/install/interbotix_moveit_interface_msgs/lib/python3.8/site-packages/interbotix_moveit_interface_msgs/srv/_move_it_plan.py
[48.520s] -- Installing: /home/carson/interbotix_ws/install/interbotix_moveit_interface_msgs/lib/python3.8/site-packages/interbotix_moveit_interface_msgs/srv/__init__.py
[48.520s] -- Installing: /home/carson/interbotix_ws/install/interbotix_moveit_interface_msgs/lib/python3.8/site-packages/interbotix_moveit_interface_msgs/srv/_move_it_plan_s.c
[48.521s] -- Installing: /home/carson/interbotix_ws/install/interbotix_moveit_interface_msgs/lib/python3.8/site-packages/interbotix_moveit_interface_msgs/interbotix_moveit_interface_msgs_s__rosidl_typesupport_fastrtps_c.cpython-38-x86_64-linux-gnu.so
[48.523s] -- Set runtime path of "/home/carson/interbotix_ws/install/interbotix_moveit_interface_msgs/lib/python3.8/site-packages/interbotix_moveit_interface_msgs/interbotix_moveit_interface_msgs_s__rosidl_typesupport_fastrtps_c.cpython-38-x86_64-linux-gnu.so" to ""
[48.524s] -- Installing: /home/carson/interbotix_ws/install/interbotix_moveit_interface_msgs/lib/python3.8/site-packages/interbotix_moveit_interface_msgs/interbotix_moveit_interface_msgs_s__rosidl_typesupport_introspection_c.cpython-38-x86_64-linux-gnu.so
[48.526s] -- Set runtime path of "/home/carson/interbotix_ws/install/interbotix_moveit_interface_msgs/lib/python3.8/site-packages/interbotix_moveit_interface_msgs/interbotix_moveit_interface_msgs_s__rosidl_typesupport_introspection_c.cpython-38-x86_64-linux-gnu.so" to ""
[48.527s] -- Installing: /home/carson/interbotix_ws/install/interbotix_moveit_interface_msgs/lib/python3.8/site-packages/interbotix_moveit_interface_msgs/interbotix_moveit_interface_msgs_s__rosidl_typesupport_c.cpython-38-x86_64-linux-gnu.so
[48.529s] -- Set runtime path of "/home/carson/interbotix_ws/install/interbotix_moveit_interface_msgs/lib/python3.8/site-packages/interbotix_moveit_interface_msgs/interbotix_moveit_interface_msgs_s__rosidl_typesupport_c.cpython-38-x86_64-linux-gnu.so" to ""
[48.529s] -- Installing: /home/carson/interbotix_ws/install/interbotix_moveit_interface_msgs/lib/libinterbotix_moveit_interface_msgs__python.so
[48.530s] -- Set runtime path of "/home/carson/interbotix_ws/install/interbotix_moveit_interface_msgs/lib/libinterbotix_moveit_interface_msgs__python.so" to ""
[48.531s] -- Installing: /home/carson/interbotix_ws/install/interbotix_moveit_interface_msgs/share/interbotix_moveit_interface_msgs/srv/MoveItPlan.idl
[48.531s] -- Installing: /home/carson/interbotix_ws/install/interbotix_moveit_interface_msgs/share/interbotix_moveit_interface_msgs/srv/MoveItPlan.srv
[48.531s] -- Installing: /home/carson/interbotix_ws/install/interbotix_moveit_interface_msgs/share/interbotix_moveit_interface_msgs/srv/MoveItPlan_Request.msg
[48.532s] -- Installing: /home/carson/interbotix_ws/install/interbotix_moveit_interface_msgs/share/interbotix_moveit_interface_msgs/srv/MoveItPlan_Response.msg
[48.533s] -- Installing: /home/carson/interbotix_ws/install/interbotix_moveit_interface_msgs/share/ament_index/resource_index/package_run_dependencies/interbotix_moveit_interface_msgs
[48.533s] -- Installing: /home/carson/interbotix_ws/install/interbotix_moveit_interface_msgs/share/ament_index/resource_index/parent_prefix_path/interbotix_moveit_interface_msgs
[48.534s] -- Installing: /home/carson/interbotix_ws/install/interbotix_moveit_interface_msgs/share/interbotix_moveit_interface_msgs/environment/ament_prefix_path.sh
[48.535s] -- Installing: /home/carson/interbotix_ws/install/interbotix_moveit_interface_msgs/share/interbotix_moveit_interface_msgs/environment/ament_prefix_path.dsv
[48.535s] -- Installing: /home/carson/interbotix_ws/install/interbotix_moveit_interface_msgs/share/interbotix_moveit_interface_msgs/environment/path.sh
[48.535s] -- Installing: /home/carson/interbotix_ws/install/interbotix_moveit_interface_msgs/share/interbotix_moveit_interface_msgs/environment/path.dsv
[48.536s] -- Installing: /home/carson/interbotix_ws/install/interbotix_moveit_interface_msgs/share/interbotix_moveit_interface_msgs/local_setup.bash
[48.536s] -- Installing: /home/carson/interbotix_ws/install/interbotix_moveit_interface_msgs/share/interbotix_moveit_interface_msgs/local_setup.sh
[48.537s] -- Installing: /home/carson/interbotix_ws/install/interbotix_moveit_interface_msgs/share/interbotix_moveit_interface_msgs/local_setup.zsh
[48.538s] -- Installing: /home/carson/interbotix_ws/install/interbotix_moveit_interface_msgs/share/interbotix_moveit_interface_msgs/local_setup.dsv
[48.538s] -- Installing: /home/carson/interbotix_ws/install/interbotix_moveit_interface_msgs/share/interbotix_moveit_interface_msgs/package.dsv
[48.539s] -- Installing: /home/carson/interbotix_ws/install/interbotix_moveit_interface_msgs/share/ament_index/resource_index/packages/interbotix_moveit_interface_msgs
[48.541s] -- Installing: /home/carson/interbotix_ws/install/interbotix_moveit_interface_msgs/share/interbotix_moveit_interface_msgs/cmake/interbotix_moveit_interface_msgs__rosidl_generator_cExport.cmake
[48.541s] -- Installing: /home/carson/interbotix_ws/install/interbotix_moveit_interface_msgs/share/interbotix_moveit_interface_msgs/cmake/interbotix_moveit_interface_msgs__rosidl_generator_cExport-noconfig.cmake
[48.542s] -- Installing: /home/carson/interbotix_ws/install/interbotix_moveit_interface_msgs/share/interbotix_moveit_interface_msgs/cmake/interbotix_moveit_interface_msgs__rosidl_typesupport_introspection_cExport.cmake
[48.542s] -- Installing: /home/carson/interbotix_ws/install/interbotix_moveit_interface_msgs/share/interbotix_moveit_interface_msgs/cmake/interbotix_moveit_interface_msgs__rosidl_typesupport_introspection_cExport-noconfig.cmake
[48.543s] -- Installing: /home/carson/interbotix_ws/install/interbotix_moveit_interface_msgs/share/interbotix_moveit_interface_msgs/cmake/interbotix_moveit_interface_msgs__rosidl_typesupport_cExport.cmake
[48.543s] -- Installing: /home/carson/interbotix_ws/install/interbotix_moveit_interface_msgs/share/interbotix_moveit_interface_msgs/cmake/interbotix_moveit_interface_msgs__rosidl_typesupport_cExport-noconfig.cmake
[48.544s] -- Installing: /home/carson/interbotix_ws/install/interbotix_moveit_interface_msgs/share/interbotix_moveit_interface_msgs/cmake/interbotix_moveit_interface_msgs__rosidl_generator_cppExport.cmake
[48.544s] -- Installing: /home/carson/interbotix_ws/install/interbotix_moveit_interface_msgs/share/interbotix_moveit_interface_msgs/cmake/interbotix_moveit_interface_msgs__rosidl_typesupport_introspection_cppExport.cmake
[48.545s] -- Installing: /home/carson/interbotix_ws/install/interbotix_moveit_interface_msgs/share/interbotix_moveit_interface_msgs/cmake/interbotix_moveit_interface_msgs__rosidl_typesupport_introspection_cppExport-noconfig.cmake
[48.546s] -- Installing: /home/carson/interbotix_ws/install/interbotix_moveit_interface_msgs/share/interbotix_moveit_interface_msgs/cmake/interbotix_moveit_interface_msgs__rosidl_typesupport_cppExport.cmake
[48.546s] -- Installing: /home/carson/interbotix_ws/install/interbotix_moveit_interface_msgs/share/interbotix_moveit_interface_msgs/cmake/interbotix_moveit_interface_msgs__rosidl_typesupport_cppExport-noconfig.cmake
[48.547s] -- Installing: /home/carson/interbotix_ws/install/interbotix_moveit_interface_msgs/share/interbotix_moveit_interface_msgs/cmake/rosidl_cmake-extras.cmake
[48.547s] -- Installing: /home/carson/interbotix_ws/install/interbotix_moveit_interface_msgs/share/interbotix_moveit_interface_msgs/cmake/ament_cmake_export_dependencies-extras.cmake
[48.547s] -- Installing: /home/carson/interbotix_ws/install/interbotix_moveit_interface_msgs/share/interbotix_moveit_interface_msgs/cmake/ament_cmake_export_libraries-extras.cmake
[48.548s] -- Installing: /home/carson/interbotix_ws/install/interbotix_moveit_interface_msgs/share/interbotix_moveit_interface_msgs/cmake/ament_cmake_export_targets-extras.cmake
[48.548s] -- Installing: /home/carson/interbotix_ws/install/interbotix_moveit_interface_msgs/share/interbotix_moveit_interface_msgs/cmake/ament_cmake_export_include_directories-extras.cmake
[48.549s] -- Installing: /home/carson/interbotix_ws/install/interbotix_moveit_interface_msgs/share/interbotix_moveit_interface_msgs/cmake/rosidl_cmake_export_typesupport_libraries-extras.cmake
[48.549s] -- Installing: /home/carson/interbotix_ws/install/interbotix_moveit_interface_msgs/share/interbotix_moveit_interface_msgs/cmake/rosidl_cmake_export_typesupport_targets-extras.cmake
[48.550s] -- Installing: /home/carson/interbotix_ws/install/interbotix_moveit_interface_msgs/share/interbotix_moveit_interface_msgs/cmake/interbotix_moveit_interface_msgsConfig.cmake
[48.550s] -- Installing: /home/carson/interbotix_ws/install/interbotix_moveit_interface_msgs/share/interbotix_moveit_interface_msgs/cmake/interbotix_moveit_interface_msgsConfig-version.cmake
[48.550s] -- Installing: /home/carson/interbotix_ws/install/interbotix_moveit_interface_msgs/share/interbotix_moveit_interface_msgs/package.xml
[48.557s] Invoked command in '/home/carson/interbotix_ws/build/interbotix_moveit_interface_msgs' returned '0': CMAKE_PREFIX_PATH=${CMAKE_PREFIX_PATH}:/home/carson/robotics-xylophone-project/interbotix_ws/install/interbotix_xs_modules:/home/carson/robotics-xylophone-project/interbotix_ws/install/interbotix_perception_modules:/home/carson/robotics-xylophone-project/interbotix_ws/install/interbotix_common_modules:/home/carson/interbotix_ws/install/interbotix_xs_modules:/home/carson/interbotix_ws/install/interbotix_perception_modules:/home/carson/interbotix_ws/install/interbotix_common_modules:/opt/ros/galactic /usr/bin/cmake --install /home/carson/interbotix_ws/build/interbotix_moveit_interface_msgs
