[1.113s] Invoking command in '/home/carson/interbotix_ws/src/interbotix_ros_toolboxes/interbotix_common_toolbox/interbotix_common_modules': PYTHONPATH=/home/carson/interbotix_ws/build/interbotix_common_modules/prefix_override:/home/carson/interbotix_ws/install/interbotix_common_modules/lib/python3.8/site-packages:${PYTHONPATH} /usr/bin/python3 -W ignore:setup.py install is deprecated setup.py egg_info --egg-base ../../../../build/interbotix_common_modules build --build-base /home/carson/interbotix_ws/build/interbotix_common_modules/build install --record /home/carson/interbotix_ws/build/interbotix_common_modules/install.log --single-version-externally-managed install_data
[1.399s] running egg_info
[1.400s] creating ../../../../build/interbotix_common_modules/interbotix_common_modules.egg-info
[1.401s] writing ../../../../build/interbotix_common_modules/interbotix_common_modules.egg-info/PKG-INFO
[1.401s] writing dependency_links to ../../../../build/interbotix_common_modules/interbotix_common_modules.egg-info/dependency_links.txt
[1.401s] writing entry points to ../../../../build/interbotix_common_modules/interbotix_common_modules.egg-info/entry_points.txt
[1.401s] writing requirements to ../../../../build/interbotix_common_modules/interbotix_common_modules.egg-info/requires.txt
[1.402s] writing top-level names to ../../../../build/interbotix_common_modules/interbotix_common_modules.egg-info/top_level.txt
[1.408s] writing manifest file '../../../../build/interbotix_common_modules/interbotix_common_modules.egg-info/SOURCES.txt'
[1.452s] reading manifest file '../../../../build/interbotix_common_modules/interbotix_common_modules.egg-info/SOURCES.txt'
[1.453s] writing manifest file '../../../../build/interbotix_common_modules/interbotix_common_modules.egg-info/SOURCES.txt'
[1.453s] running build
[1.453s] running build_py
[1.454s] creating /home/carson/interbotix_ws/build/interbotix_common_modules/build
[1.454s] creating /home/carson/interbotix_ws/build/interbotix_common_modules/build/lib
[1.454s] creating /home/carson/interbotix_ws/build/interbotix_common_modules/build/lib/interbotix_common_modules
[1.454s] copying interbotix_common_modules/__init__.py -> /home/carson/interbotix_ws/build/interbotix_common_modules/build/lib/interbotix_common_modules
[1.454s] creating /home/carson/interbotix_ws/build/interbotix_common_modules/build/lib/interbotix_common_modules/py_common
[1.455s] copying interbotix_common_modules/py_common/params.py -> /home/carson/interbotix_ws/build/interbotix_common_modules/build/lib/interbotix_common_modules/py_common
[1.455s] copying interbotix_common_modules/py_common/__init__.py -> /home/carson/interbotix_ws/build/interbotix_common_modules/build/lib/interbotix_common_modules/py_common
[1.455s] creating /home/carson/interbotix_ws/build/interbotix_common_modules/build/lib/interbotix_common_modules/launch
[1.456s] copying interbotix_common_modules/launch/and_condition.py -> /home/carson/interbotix_ws/build/interbotix_common_modules/build/lib/interbotix_common_modules/launch
[1.456s] copying interbotix_common_modules/launch/or_condition.py -> /home/carson/interbotix_ws/build/interbotix_common_modules/build/lib/interbotix_common_modules/launch
[1.457s] copying interbotix_common_modules/launch/__init__.py -> /home/carson/interbotix_ws/build/interbotix_common_modules/build/lib/interbotix_common_modules/launch
[1.457s] creating /home/carson/interbotix_ws/build/interbotix_common_modules/build/lib/interbotix_common_modules/angle_manipulation
[1.457s] copying interbotix_common_modules/angle_manipulation/__init__.py -> /home/carson/interbotix_ws/build/interbotix_common_modules/build/lib/interbotix_common_modules/angle_manipulation
[1.457s] copying interbotix_common_modules/angle_manipulation/angle_manipulation.py -> /home/carson/interbotix_ws/build/interbotix_common_modules/build/lib/interbotix_common_modules/angle_manipulation
[1.457s] running install
[1.458s] running install_lib
[1.460s] creating /home/carson/interbotix_ws/install/interbotix_common_modules/lib/python3.8/site-packages/interbotix_common_modules
[1.461s] creating /home/carson/interbotix_ws/install/interbotix_common_modules/lib/python3.8/site-packages/interbotix_common_modules/py_common
[1.461s] copying /home/carson/interbotix_ws/build/interbotix_common_modules/build/lib/interbotix_common_modules/py_common/params.py -> /home/carson/interbotix_ws/install/interbotix_common_modules/lib/python3.8/site-packages/interbotix_common_modules/py_common
[1.461s] copying /home/carson/interbotix_ws/build/interbotix_common_modules/build/lib/interbotix_common_modules/py_common/__init__.py -> /home/carson/interbotix_ws/install/interbotix_common_modules/lib/python3.8/site-packages/interbotix_common_modules/py_common
[1.462s] creating /home/carson/interbotix_ws/install/interbotix_common_modules/lib/python3.8/site-packages/interbotix_common_modules/launch
[1.462s] copying /home/carson/interbotix_ws/build/interbotix_common_modules/build/lib/interbotix_common_modules/launch/and_condition.py -> /home/carson/interbotix_ws/install/interbotix_common_modules/lib/python3.8/site-packages/interbotix_common_modules/launch
[1.463s] copying /home/carson/interbotix_ws/build/interbotix_common_modules/build/lib/interbotix_common_modules/launch/or_condition.py -> /home/carson/interbotix_ws/install/interbotix_common_modules/lib/python3.8/site-packages/interbotix_common_modules/launch
[1.463s] copying /home/carson/interbotix_ws/build/interbotix_common_modules/build/lib/interbotix_common_modules/launch/__init__.py -> /home/carson/interbotix_ws/install/interbotix_common_modules/lib/python3.8/site-packages/interbotix_common_modules/launch
[1.463s] creating /home/carson/interbotix_ws/install/interbotix_common_modules/lib/python3.8/site-packages/interbotix_common_modules/angle_manipulation
[1.463s] copying /home/carson/interbotix_ws/build/interbotix_common_modules/build/lib/interbotix_common_modules/angle_manipulation/__init__.py -> /home/carson/interbotix_ws/install/interbotix_common_modules/lib/python3.8/site-packages/interbotix_common_modules/angle_manipulation
[1.463s] copying /home/carson/interbotix_ws/build/interbotix_common_modules/build/lib/interbotix_common_modules/angle_manipulation/angle_manipulation.py -> /home/carson/interbotix_ws/install/interbotix_common_modules/lib/python3.8/site-packages/interbotix_common_modules/angle_manipulation
[1.463s] copying /home/carson/interbotix_ws/build/interbotix_common_modules/build/lib/interbotix_common_modules/__init__.py -> /home/carson/interbotix_ws/install/interbotix_common_modules/lib/python3.8/site-packages/interbotix_common_modules
[1.463s] byte-compiling /home/carson/interbotix_ws/install/interbotix_common_modules/lib/python3.8/site-packages/interbotix_common_modules/py_common/params.py to params.cpython-38.pyc
[1.465s] byte-compiling /home/carson/interbotix_ws/install/interbotix_common_modules/lib/python3.8/site-packages/interbotix_common_modules/py_common/__init__.py to __init__.cpython-38.pyc
[1.465s] byte-compiling /home/carson/interbotix_ws/install/interbotix_common_modules/lib/python3.8/site-packages/interbotix_common_modules/launch/and_condition.py to and_condition.cpython-38.pyc
[1.466s] byte-compiling /home/carson/interbotix_ws/install/interbotix_common_modules/lib/python3.8/site-packages/interbotix_common_modules/launch/or_condition.py to or_condition.cpython-38.pyc
[1.466s] byte-compiling /home/carson/interbotix_ws/install/interbotix_common_modules/lib/python3.8/site-packages/interbotix_common_modules/launch/__init__.py to __init__.cpython-38.pyc
[1.467s] byte-compiling /home/carson/interbotix_ws/install/interbotix_common_modules/lib/python3.8/site-packages/interbotix_common_modules/angle_manipulation/__init__.py to __init__.cpython-38.pyc
[1.467s] byte-compiling /home/carson/interbotix_ws/install/interbotix_common_modules/lib/python3.8/site-packages/interbotix_common_modules/angle_manipulation/angle_manipulation.py to angle_manipulation.cpython-38.pyc
[1.468s] byte-compiling /home/carson/interbotix_ws/install/interbotix_common_modules/lib/python3.8/site-packages/interbotix_common_modules/__init__.py to __init__.cpython-38.pyc
[1.469s] running install_data
[1.469s] creating /home/carson/interbotix_ws/install/interbotix_common_modules/share/ament_index
[1.469s] creating /home/carson/interbotix_ws/install/interbotix_common_modules/share/ament_index/resource_index
[1.470s] creating /home/carson/interbotix_ws/install/interbotix_common_modules/share/ament_index/resource_index/packages
[1.470s] copying resource/interbotix_common_modules -> /home/carson/interbotix_ws/install/interbotix_common_modules/share/ament_index/resource_index/packages
[1.470s] copying package.xml -> /home/carson/interbotix_ws/install/interbotix_common_modules/share/interbotix_common_modules
[1.470s] running install_egg_info
[1.472s] Copying ../../../../build/interbotix_common_modules/interbotix_common_modules.egg-info to /home/carson/interbotix_ws/install/interbotix_common_modules/lib/python3.8/site-packages/interbotix_common_modules-0.0.0-py3.8.egg-info
[1.473s] running install_scripts
[1.500s] writing list of installed files to '/home/carson/interbotix_ws/build/interbotix_common_modules/install.log'
[1.527s] Invoked command in '/home/carson/interbotix_ws/src/interbotix_ros_toolboxes/interbotix_common_toolbox/interbotix_common_modules' returned '0': PYTHONPATH=/home/carson/interbotix_ws/build/interbotix_common_modules/prefix_override:/home/carson/interbotix_ws/install/interbotix_common_modules/lib/python3.8/site-packages:${PYTHONPATH} /usr/bin/python3 -W ignore:setup.py install is deprecated setup.py egg_info --egg-base ../../../../build/interbotix_common_modules build --build-base /home/carson/interbotix_ws/build/interbotix_common_modules/build install --record /home/carson/interbotix_ws/build/interbotix_common_modules/install.log --single-version-externally-managed install_data
