[0.988s] Invoking command in '/home/carson/interbotix_ws/build/interbotix_perception_pipelines': AMENT_PREFIX_PATH=/home/carson/interbotix_ws/install/interbotix_common_modules:/home/carson/robotics-xylophone-project/interbotix_ws/install/interbotix_ros_xsarms_examples:/home/carson/robotics-xylophone-project/interbotix_ws/install/interbotix_xsarm_moveit_interface:/home/carson/robotics-xylophone-project/interbotix_ws/install/interbotix_moveit_interface:/home/carson/robotics-xylophone-project/interbotix_ws/install/moveit_visual_tools:/home/carson/robotics-xylophone-project/interbotix_ws/install/interbotix_ros_xsarms:/home/carson/robotics-xylophone-project/interbotix_ws/install/interbotix_xsarm_moveit:/home/carson/robotics-xylophone-project/interbotix_ws/install/interbotix_xsarm_sim:/home/carson/robotics-xylophone-project/interbotix_ws/install/interbotix_xsarm_ros_control:/home/carson/robotics-xylophone-project/interbotix_ws/install/interbotix_xsarm_perception:/home/carson/robotics-xylophone-project/interbotix_ws/install/interbotix_xsarm_joy:/home/carson/robotics-xylophone-project/interbotix_ws/install/interbotix_xsarm_control:/home/carson/robotics-xylophone-project/interbotix_ws/install/interbotix_xsarm_descriptions:/home/carson/robotics-xylophone-project/interbotix_ws/install/interbotix_xs_toolbox:/home/carson/robotics-xylophone-project/interbotix_ws/install/interbotix_xs_rviz:/home/carson/robotics-xylophone-project/interbotix_ws/install/interbotix_ros_xseries:/home/carson/robotics-xylophone-project/interbotix_ws/install/interbotix_xs_sdk:/home/carson/robotics-xylophone-project/interbotix_ws/install/interbotix_xs_ros_control:/home/carson/robotics-xylophone-project/interbotix_ws/install/interbotix_xs_modules:/home/carson/robotics-xylophone-project/interbotix_ws/install/interbotix_perception_toolbox:/home/carson/robotics-xylophone-project/interbotix_ws/install/interbotix_perception_modules:/home/carson/robotics-xylophone-project/interbotix_ws/install/interbotix_perception_pipelines:/home/carson/robotics-xylophone-project/interbotix_ws/install/interbotix_xs_msgs:/home/carson/robotics-xylophone-project/interbotix_ws/install/interbotix_xs_driver:/home/carson/robotics-xylophone-project/interbotix_ws/install/interbotix_tf_tools:/home/carson/robotics-xylophone-project/interbotix_ws/install/interbotix_perception_msgs:/home/carson/robotics-xylophone-project/interbotix_ws/install/interbotix_moveit_interface_msgs:/home/carson/robotics-xylophone-project/interbotix_ws/install/interbotix_common_toolbox:/home/carson/robotics-xylophone-project/interbotix_ws/install/interbotix_common_sim:/home/carson/robotics-xylophone-project/interbotix_ws/install/interbotix_common_modules:/home/carson/robotics-xylophone-project/interbotix_ws/install/dynamixel_workbench_toolbox:/home/carson/interbotix_ws/install/interbotix_ros_xsarms_examples:/home/carson/interbotix_ws/install/interbotix_xsarm_moveit_interface:/home/carson/interbotix_ws/install/interbotix_moveit_interface:/home/carson/interbotix_ws/install/moveit_visual_tools:/home/carson/interbotix_ws/install/interbotix_ros_xsarms:/home/carson/interbotix_ws/install/interbotix_xsarm_moveit:/home/carson/interbotix_ws/install/interbotix_xsarm_sim:/home/carson/interbotix_ws/install/interbotix_xsarm_ros_control:/home/carson/interbotix_ws/install/interbotix_xsarm_perception:/home/carson/interbotix_ws/install/interbotix_xsarm_joy:/home/carson/interbotix_ws/install/interbotix_xsarm_control:/home/carson/interbotix_ws/install/interbotix_xsarm_descriptions:/home/carson/interbotix_ws/install/interbotix_xs_toolbox:/home/carson/interbotix_ws/install/interbotix_xs_rviz:/home/carson/interbotix_ws/install/interbotix_ros_xseries:/home/carson/interbotix_ws/install/interbotix_xs_sdk:/home/carson/interbotix_ws/install/interbotix_xs_ros_control:/home/carson/interbotix_ws/install/interbotix_xs_modules:/home/carson/interbotix_ws/install/interbotix_perception_toolbox:/home/carson/interbotix_ws/install/interbotix_perception_modules:/home/carson/interbotix_ws/install/interbotix_perception_pipelines:/home/carson/interbotix_ws/install/interbotix_xs_msgs:/home/carson/interbotix_ws/install/interbotix_xs_driver:/home/carson/interbotix_ws/install/interbotix_tf_tools:/home/carson/interbotix_ws/install/interbotix_perception_msgs:/home/carson/interbotix_ws/install/interbotix_moveit_interface_msgs:/home/carson/interbotix_ws/install/interbotix_common_toolbox:/home/carson/interbotix_ws/install/interbotix_common_sim:/home/carson/interbotix_ws/install/dynamixel_workbench_toolbox:/home/carson/apriltag_ws/install/apriltag_ros:/opt/ros/galactic CMAKE_PREFIX_PATH=/home/carson/interbotix_ws/install/interbotix_xs_msgs:/home/carson/interbotix_ws/install/interbotix_perception_msgs:/home/carson/robotics-xylophone-project/interbotix_ws/install/interbotix_ros_xsarms_examples:/home/carson/robotics-xylophone-project/interbotix_ws/install/interbotix_xsarm_moveit_interface:/home/carson/robotics-xylophone-project/interbotix_ws/install/interbotix_moveit_interface:/home/carson/robotics-xylophone-project/interbotix_ws/install/moveit_visual_tools:/home/carson/robotics-xylophone-project/interbotix_ws/install/interbotix_ros_xsarms:/home/carson/robotics-xylophone-project/interbotix_ws/install/interbotix_xsarm_moveit:/home/carson/robotics-xylophone-project/interbotix_ws/install/interbotix_xsarm_sim:/home/carson/robotics-xylophone-project/interbotix_ws/install/interbotix_xsarm_ros_control:/home/carson/robotics-xylophone-project/interbotix_ws/install/interbotix_xsarm_perception:/home/carson/robotics-xylophone-project/interbotix_ws/install/interbotix_xsarm_joy:/home/carson/robotics-xylophone-project/interbotix_ws/install/interbotix_xsarm_control:/home/carson/robotics-xylophone-project/interbotix_ws/install/interbotix_xsarm_descriptions:/home/carson/robotics-xylophone-project/interbotix_ws/install/interbotix_xs_toolbox:/home/carson/robotics-xylophone-project/interbotix_ws/install/interbotix_xs_rviz:/home/carson/robotics-xylophone-project/interbotix_ws/install/interbotix_ros_xseries:/home/carson/robotics-xylophone-project/interbotix_ws/install/interbotix_xs_sdk:/home/carson/robotics-xylophone-project/interbotix_ws/install/interbotix_xs_ros_control:/home/carson/robotics-xylophone-project/interbotix_ws/install/interbotix_perception_toolbox:/home/carson/robotics-xylophone-project/interbotix_ws/install/interbotix_perception_pipelines:/home/carson/robotics-xylophone-project/interbotix_ws/install/interbotix_xs_msgs:/home/carson/robotics-xylophone-project/interbotix_ws/install/interbotix_xs_driver:/home/carson/robotics-xylophone-project/interbotix_ws/install/interbotix_tf_tools:/home/carson/robotics-xylophone-project/interbotix_ws/install/interbotix_perception_msgs:/home/carson/robotics-xylophone-project/interbotix_ws/install/interbotix_moveit_interface_msgs:/home/carson/robotics-xylophone-project/interbotix_ws/install/interbotix_common_toolbox:/home/carson/robotics-xylophone-project/interbotix_ws/install/interbotix_common_sim:/home/carson/robotics-xylophone-project/interbotix_ws/install/dynamixel_workbench_toolbox:/home/carson/interbotix_ws/install/interbotix_ros_xsarms_examples:/home/carson/interbotix_ws/install/interbotix_xsarm_moveit_interface:/home/carson/interbotix_ws/install/interbotix_moveit_interface:/home/carson/interbotix_ws/install/moveit_visual_tools:/home/carson/interbotix_ws/install/interbotix_ros_xsarms:/home/carson/interbotix_ws/install/interbotix_xsarm_moveit:/home/carson/interbotix_ws/install/interbotix_xsarm_sim:/home/carson/interbotix_ws/install/interbotix_xsarm_ros_control:/home/carson/interbotix_ws/install/interbotix_xsarm_perception:/home/carson/interbotix_ws/install/interbotix_xsarm_joy:/home/carson/interbotix_ws/install/interbotix_xsarm_control:/home/carson/interbotix_ws/install/interbotix_xsarm_descriptions:/home/carson/interbotix_ws/install/interbotix_xs_toolbox:/home/carson/interbotix_ws/install/interbotix_xs_rviz:/home/carson/interbotix_ws/install/interbotix_ros_xseries:/home/carson/interbotix_ws/install/interbotix_xs_sdk:/home/carson/interbotix_ws/install/interbotix_xs_ros_control:/home/carson/interbotix_ws/install/interbotix_perception_toolbox:/home/carson/interbotix_ws/install/interbotix_perception_pipelines:/home/carson/interbotix_ws/install/interbotix_xs_driver:/home/carson/interbotix_ws/install/interbotix_tf_tools:/home/carson/interbotix_ws/install/interbotix_moveit_interface_msgs:/home/carson/interbotix_ws/install/interbotix_common_toolbox:/home/carson/interbotix_ws/install/interbotix_common_sim:/home/carson/interbotix_ws/install/dynamixel_workbench_toolbox:/home/carson/apriltag_ws/install/apriltag_ros:/home/carson/robotics-xylophone-project/interbotix_ws/install/interbotix_xs_modules:/home/carson/robotics-xylophone-project/interbotix_ws/install/interbotix_perception_modules:/home/carson/robotics-xylophone-project/interbotix_ws/install/interbotix_common_modules:/home/carson/interbotix_ws/install/interbotix_xs_modules:/home/carson/interbotix_ws/install/interbotix_perception_modules:/home/carson/interbotix_ws/install/interbotix_common_modules:/opt/ros/galactic LD_LIBRARY_PATH=/home/carson/interbotix_ws/install/interbotix_xs_msgs/lib:/home/carson/interbotix_ws/install/interbotix_perception_msgs/lib:/home/carson/robotics-xylophone-project/interbotix_ws/install/moveit_visual_tools/lib:/home/carson/robotics-xylophone-project/interbotix_ws/install/interbotix_xs_rviz/lib:/home/carson/robotics-xylophone-project/interbotix_ws/install/interbotix_xs_ros_control/lib:/home/carson/robotics-xylophone-project/interbotix_ws/install/interbotix_xs_msgs/lib:/home/carson/robotics-xylophone-project/interbotix_ws/install/interbotix_xs_driver/lib:/home/carson/robotics-xylophone-project/interbotix_ws/install/interbotix_tf_tools/lib:/home/carson/robotics-xylophone-project/interbotix_ws/install/interbotix_perception_msgs/lib:/home/carson/robotics-xylophone-project/interbotix_ws/install/interbotix_moveit_interface_msgs/lib:/home/carson/robotics-xylophone-project/interbotix_ws/install/dynamixel_workbench_toolbox/lib:/home/carson/interbotix_ws/install/moveit_visual_tools/lib:/home/carson/interbotix_ws/install/interbotix_xs_rviz/lib:/home/carson/interbotix_ws/install/interbotix_xs_ros_control/lib:/home/carson/interbotix_ws/install/interbotix_xs_driver/lib:/home/carson/interbotix_ws/install/interbotix_tf_tools/lib:/home/carson/interbotix_ws/install/interbotix_moveit_interface_msgs/lib:/home/carson/interbotix_ws/install/dynamixel_workbench_toolbox/lib:/home/carson/apriltag_ws/install/apriltag_ros/lib:/opt/ros/galactic/opt/yaml_cpp_vendor/lib:/opt/ros/galactic/opt/rviz_ogre_vendor/lib:/opt/ros/galactic/lib/x86_64-linux-gnu:/opt/ros/galactic/lib PYTHONPATH=/home/carson/interbotix_ws/install/interbotix_xs_msgs/lib/python3.8/site-packages:/home/carson/interbotix_ws/install/interbotix_perception_msgs/lib/python3.8/site-packages:/home/carson/interbotix_ws/install/interbotix_common_modules/lib/python3.8/site-packages:/home/carson/robotics-xylophone-project/interbotix_ws/install/interbotix_xs_modules/lib/python3.8/site-packages:/home/carson/robotics-xylophone-project/interbotix_ws/install/interbotix_perception_modules/lib/python3.8/site-packages:/home/carson/robotics-xylophone-project/interbotix_ws/install/interbotix_xs_msgs/lib/python3.8/site-packages:/home/carson/robotics-xylophone-project/interbotix_ws/install/interbotix_perception_msgs/lib/python3.8/site-packages:/home/carson/robotics-xylophone-project/interbotix_ws/install/interbotix_moveit_interface_msgs/lib/python3.8/site-packages:/home/carson/robotics-xylophone-project/interbotix_ws/install/interbotix_common_modules/lib/python3.8/site-packages:/home/carson/interbotix_ws/install/interbotix_xs_modules/lib/python3.8/site-packages:/home/carson/interbotix_ws/install/interbotix_perception_modules/lib/python3.8/site-packages:/home/carson/interbotix_ws/install/interbotix_moveit_interface_msgs/lib/python3.8/site-packages:/home/carson/apriltag_ws/install/apriltag_ros/lib/python3.8/site-packages:/opt/ros/galactic/lib/python3.8/site-packages /usr/bin/cmake /home/carson/interbotix_ws/src/interbotix_ros_toolboxes/interbotix_perception_toolbox/interbotix_perception_pipelines -DCMAKE_INSTALL_PREFIX=/home/carson/interbotix_ws/install/interbotix_perception_pipelines
[1.350s] -- The C compiler identification is GNU 9.4.0
[2.119s] -- The CXX compiler identification is GNU 9.4.0
[2.447s] -- Check for working C compiler: /usr/bin/cc
[2.835s] -- Check for working C compiler: /usr/bin/cc -- works
[2.836s] -- Detecting C compiler ABI info
[3.271s] -- Detecting C compiler ABI info - done
[3.287s] -- Detecting C compile features
[3.288s] -- Detecting C compile features - done
[3.293s] -- Check for working CXX compiler: /usr/bin/c++
[3.698s] -- Check for working CXX compiler: /usr/bin/c++ -- works
[3.699s] -- Detecting CXX compiler ABI info
[4.209s] -- Detecting CXX compiler ABI info - done
[4.225s] -- Detecting CXX compile features
[4.225s] -- Detecting CXX compile features - done
[4.229s] -- Found ament_cmake: 1.1.6 (/opt/ros/galactic/share/ament_cmake/cmake)
[4.267s] -- Found PythonInterp: /usr/bin/python3 (found suitable version "3.8.10", minimum required is "3") 
[4.267s] -- Using PYTHON_EXECUTABLE: /usr/bin/python3
[4.403s] -- Found ament_index_cpp: 1.2.0 (/opt/ros/galactic/share/ament_index_cpp/cmake)
[4.409s] -- Found rclcpp: 9.2.2 (/opt/ros/galactic/share/rclcpp/cmake)
[5.211s] -- Using all available rosidl_typesupport_c: rosidl_typesupport_fastrtps_c;rosidl_typesupport_introspection_c
[5.244s] -- Found rosidl_adapter: 2.2.3 (/opt/ros/galactic/share/rosidl_adapter/cmake)
[7.464s] -- Found OpenSSL: /usr/lib/x86_64-linux-gnu/libcrypto.so (found version "1.1.1f")  
[9.539s] -- Found FastRTPS: /opt/ros/galactic/include  
[13.308s] -- Using all available rosidl_typesupport_cpp: rosidl_typesupport_fastrtps_cpp;rosidl_typesupport_introspection_cpp
[13.403s] -- Found rmw_implementation_cmake: 3.3.1 (/opt/ros/galactic/share/rmw_implementation_cmake/cmake)
[13.412s] -- Found rmw_cyclonedds_cpp: 0.22.6 (/opt/ros/galactic/share/rmw_cyclonedds_cpp/cmake)
[13.445s] -- Using RMW implementation 'rmw_cyclonedds_cpp' as default
[13.447s] -- Looking for pthread.h
[13.882s] -- Looking for pthread.h - found
[13.883s] -- Performing Test CMAKE_HAVE_LIBC_PTHREAD
[14.317s] -- Performing Test CMAKE_HAVE_LIBC_PTHREAD - Failed
[14.317s] -- Looking for pthread_create in pthreads
[14.767s] -- Looking for pthread_create in pthreads - not found
[14.768s] -- Looking for pthread_create in pthread
[15.067s] -- Looking for pthread_create in pthread - found
[15.068s] -- Found Threads: TRUE  
[15.315s] -- Found sensor_msgs: 2.2.4 (/opt/ros/galactic/share/sensor_msgs/cmake)
[15.512s] -- Found interbotix_xs_msgs: 0.0.0 (/home/carson/interbotix_ws/install/interbotix_xs_msgs/share/interbotix_xs_msgs/cmake)
[15.859s] -- Found interbotix_perception_msgs: 0.0.0 (/home/carson/interbotix_ws/install/interbotix_perception_msgs/share/interbotix_perception_msgs/cmake)
[16.047s] -- Found visualization_msgs: 2.2.4 (/opt/ros/galactic/share/visualization_msgs/cmake)
[16.154s] -- Found pcl_conversions: 2.3.2 (/opt/ros/galactic/share/pcl_conversions/cmake)
[16.454s] -- Found pcl_ros: 2.3.2 (/opt/ros/galactic/share/pcl_ros/cmake)
[16.700s] -- Found eigen3_cmake_module: 0.1.1 (/opt/ros/galactic/share/eigen3_cmake_module/cmake)
[16.705s] -- Found Eigen3: TRUE (found version "3.3.7") 
[17.319s] -- Checking for module 'eigen3'
[17.343s] --   Found eigen3, version 3.3.7
[17.391s] -- Found Eigen: /usr/include/eigen3 (Required is at least version "3.1") 
[17.391s] -- Eigen found (include: /usr/include/eigen3, version: 3.3.7)
[21.928s] -- Checking for module 'flann'
[21.967s] --   Found flann, version 1.9.1
[22.552s] -- Found FLANN: /usr/lib/x86_64-linux-gnu/libflann_cpp.so  
[22.643s] -- The imported target "vtkParseOGLExt" references the file
[22.644s]    "/usr/bin/vtkParseOGLExt-7.1"
[22.644s] but this file does not exist.  Possible reasons include:
[22.644s] * The file was deleted, renamed, or moved to another location.
[22.644s] * An install or uninstall procedure did not complete successfully.
[22.644s] * The installation package was faulty and contained
[22.644s]    "/usr/lib/cmake/vtk-7.1/VTKTargets.cmake"
[22.644s] but not all the files it references.
[22.644s] 
[22.645s] -- The imported target "vtkRenderingPythonTkWidgets" references the file
[22.645s]    "/usr/lib/x86_64-linux-gnu/libvtkRenderingPythonTkWidgets.so"
[22.645s] but this file does not exist.  Possible reasons include:
[22.645s] * The file was deleted, renamed, or moved to another location.
[22.645s] * An install or uninstall procedure did not complete successfully.
[22.645s] * The installation package was faulty and contained
[22.645s]    "/usr/lib/cmake/vtk-7.1/VTKTargets.cmake"
[22.646s] but not all the files it references.
[22.646s] 
[22.646s] -- The imported target "vtk" references the file
[22.646s]    "/usr/bin/vtk"
[22.647s] but this file does not exist.  Possible reasons include:
[22.647s] * The file was deleted, renamed, or moved to another location.
[22.647s] * An install or uninstall procedure did not complete successfully.
[22.647s] * The installation package was faulty and contained
[22.647s]    "/usr/lib/cmake/vtk-7.1/VTKTargets.cmake"
[22.647s] but not all the files it references.
[22.647s] 
[22.647s] -- The imported target "pvtk" references the file
[22.647s]    "/usr/bin/pvtk"
[22.648s] but this file does not exist.  Possible reasons include:
[22.648s] * The file was deleted, renamed, or moved to another location.
[22.648s] * An install or uninstall procedure did not complete successfully.
[22.648s] * The installation package was faulty and contained
[22.648s]    "/usr/lib/cmake/vtk-7.1/VTKTargets.cmake"
[22.648s] but not all the files it references.
[22.648s] 
[22.701s] -- Checking for module 'libusb-1.0'
[22.736s] --   Found libusb-1.0, version 1.0.23
[23.012s] -- Found USB_10: /usr/lib/x86_64-linux-gnu/libusb-1.0.so  
[23.327s] -- OpenNI found (include: /usr/include/ni, lib: /usr/lib/libOpenNI.so)
[24.150s] -- OpenNI2 found (include: /usr/include/openni2, lib: /usr/lib/libOpenNI2.so)
[24.650s] -- Found libusb-1.0: /usr/include  
[24.662s] -- OpenNI found (include: /usr/include/ni, lib: /usr/lib/libOpenNI.so)
[24.674s] -- OpenNI2 found (include: /usr/include/openni2, lib: /usr/lib/libOpenNI2.so)
[35.022s] -- Found Qhull: optimized;/usr/lib/x86_64-linux-gnu/libqhull.so;debug;/usr/lib/x86_64-linux-gnu/libqhull.so  
[35.022s] -- QHULL found (include: /usr/include, lib: optimized;/usr/lib/x86_64-linux-gnu/libqhull.so;debug;/usr/lib/x86_64-linux-gnu/libqhull.so)
[35.033s] -- OpenNI found (include: /usr/include/ni, lib: /usr/lib/libOpenNI.so)
[35.052s] -- Found PCL_COMMON: /usr/lib/x86_64-linux-gnu/libpcl_common.so  
[35.054s] -- Found PCL_KDTREE: /usr/lib/x86_64-linux-gnu/libpcl_kdtree.so  
[35.055s] -- Found PCL_OCTREE: /usr/lib/x86_64-linux-gnu/libpcl_octree.so  
[35.057s] -- Found PCL_SEARCH: /usr/lib/x86_64-linux-gnu/libpcl_search.so  
[35.059s] -- Found PCL_SAMPLE_CONSENSUS: /usr/lib/x86_64-linux-gnu/libpcl_sample_consensus.so  
[35.061s] -- Found PCL_FILTERS: /usr/lib/x86_64-linux-gnu/libpcl_filters.so  
[35.061s] -- Found PCL_2D: /usr/include/pcl-1.10  
[35.062s] -- Found PCL_GEOMETRY: /usr/include/pcl-1.10  
[35.064s] -- Found PCL_IO: /usr/lib/x86_64-linux-gnu/libpcl_io.so  
[35.066s] -- Found PCL_FEATURES: /usr/lib/x86_64-linux-gnu/libpcl_features.so  
[35.068s] -- Found PCL_ML: /usr/lib/x86_64-linux-gnu/libpcl_ml.so  
[35.070s] -- Found PCL_SEGMENTATION: /usr/lib/x86_64-linux-gnu/libpcl_segmentation.so  
[35.072s] -- Found PCL_VISUALIZATION: /usr/lib/x86_64-linux-gnu/libpcl_visualization.so  
[35.074s] -- Found PCL_SURFACE: /usr/lib/x86_64-linux-gnu/libpcl_surface.so  
[35.076s] -- Found PCL_REGISTRATION: /usr/lib/x86_64-linux-gnu/libpcl_registration.so  
[35.078s] -- Found PCL_KEYPOINTS: /usr/lib/x86_64-linux-gnu/libpcl_keypoints.so  
[35.080s] -- Found PCL_TRACKING: /usr/lib/x86_64-linux-gnu/libpcl_tracking.so  
[35.082s] -- Found PCL_RECOGNITION: /usr/lib/x86_64-linux-gnu/libpcl_recognition.so  
[35.084s] -- Found PCL_STEREO: /usr/lib/x86_64-linux-gnu/libpcl_stereo.so  
[35.085s] -- Found PCL_APPS: /usr/lib/x86_64-linux-gnu/libpcl_apps.so  
[35.087s] -- Found PCL_IN_HAND_SCANNER: /usr/include/pcl-1.10  
[35.092s] -- Found PCL_POINT_CLOUD_EDITOR: /usr/include/pcl-1.10  
[35.094s] -- Found PCL_OUTOFCORE: /usr/lib/x86_64-linux-gnu/libpcl_outofcore.so  
[35.096s] -- Found PCL_PEOPLE: /usr/lib/x86_64-linux-gnu/libpcl_people.so  
[35.417s] -- Found std_srvs: 2.2.4 (/opt/ros/galactic/share/std_srvs/cmake)
[35.471s] -- Found ament_lint_auto: 0.10.7 (/opt/ros/galactic/share/ament_lint_auto/cmake)
[35.598s] -- Added test 'copyright' to check source files copyright and LICENSE
[35.600s] -- Added test 'cppcheck' to perform static code analysis on C / C++ code
[35.601s] -- Configured cppcheck include dirs: 
[35.601s] -- Configured cppcheck exclude dirs and/or files: 
[35.603s] -- Added test 'cpplint' to check C / C++ code against the Google style
[35.603s] -- Configured cpplint exclude dirs and/or files: 
[35.604s] -- Added test 'lint_cmake' to check CMake code style
[35.606s] -- Added test 'uncrustify' to check C / C++ code style
[35.606s] -- Configured uncrustify additional arguments: 
[35.608s] -- Added test 'xmllint' to check XML markup files
[35.618s] -- Configuring done
[35.716s] -- Generating done
[35.719s] -- Build files have been written to: /home/carson/interbotix_ws/build/interbotix_perception_pipelines
[35.738s] Invoked command in '/home/carson/interbotix_ws/build/interbotix_perception_pipelines' returned '0': AMENT_PREFIX_PATH=/home/carson/interbotix_ws/install/interbotix_common_modules:/home/carson/robotics-xylophone-project/interbotix_ws/install/interbotix_ros_xsarms_examples:/home/carson/robotics-xylophone-project/interbotix_ws/install/interbotix_xsarm_moveit_interface:/home/carson/robotics-xylophone-project/interbotix_ws/install/interbotix_moveit_interface:/home/carson/robotics-xylophone-project/interbotix_ws/install/moveit_visual_tools:/home/carson/robotics-xylophone-project/interbotix_ws/install/interbotix_ros_xsarms:/home/carson/robotics-xylophone-project/interbotix_ws/install/interbotix_xsarm_moveit:/home/carson/robotics-xylophone-project/interbotix_ws/install/interbotix_xsarm_sim:/home/carson/robotics-xylophone-project/interbotix_ws/install/interbotix_xsarm_ros_control:/home/carson/robotics-xylophone-project/interbotix_ws/install/interbotix_xsarm_perception:/home/carson/robotics-xylophone-project/interbotix_ws/install/interbotix_xsarm_joy:/home/carson/robotics-xylophone-project/interbotix_ws/install/interbotix_xsarm_control:/home/carson/robotics-xylophone-project/interbotix_ws/install/interbotix_xsarm_descriptions:/home/carson/robotics-xylophone-project/interbotix_ws/install/interbotix_xs_toolbox:/home/carson/robotics-xylophone-project/interbotix_ws/install/interbotix_xs_rviz:/home/carson/robotics-xylophone-project/interbotix_ws/install/interbotix_ros_xseries:/home/carson/robotics-xylophone-project/interbotix_ws/install/interbotix_xs_sdk:/home/carson/robotics-xylophone-project/interbotix_ws/install/interbotix_xs_ros_control:/home/carson/robotics-xylophone-project/interbotix_ws/install/interbotix_xs_modules:/home/carson/robotics-xylophone-project/interbotix_ws/install/interbotix_perception_toolbox:/home/carson/robotics-xylophone-project/interbotix_ws/install/interbotix_perception_modules:/home/carson/robotics-xylophone-project/interbotix_ws/install/interbotix_perception_pipelines:/home/carson/robotics-xylophone-project/interbotix_ws/install/interbotix_xs_msgs:/home/carson/robotics-xylophone-project/interbotix_ws/install/interbotix_xs_driver:/home/carson/robotics-xylophone-project/interbotix_ws/install/interbotix_tf_tools:/home/carson/robotics-xylophone-project/interbotix_ws/install/interbotix_perception_msgs:/home/carson/robotics-xylophone-project/interbotix_ws/install/interbotix_moveit_interface_msgs:/home/carson/robotics-xylophone-project/interbotix_ws/install/interbotix_common_toolbox:/home/carson/robotics-xylophone-project/interbotix_ws/install/interbotix_common_sim:/home/carson/robotics-xylophone-project/interbotix_ws/install/interbotix_common_modules:/home/carson/robotics-xylophone-project/interbotix_ws/install/dynamixel_workbench_toolbox:/home/carson/interbotix_ws/install/interbotix_ros_xsarms_examples:/home/carson/interbotix_ws/install/interbotix_xsarm_moveit_interface:/home/carson/interbotix_ws/install/interbotix_moveit_interface:/home/carson/interbotix_ws/install/moveit_visual_tools:/home/carson/interbotix_ws/install/interbotix_ros_xsarms:/home/carson/interbotix_ws/install/interbotix_xsarm_moveit:/home/carson/interbotix_ws/install/interbotix_xsarm_sim:/home/carson/interbotix_ws/install/interbotix_xsarm_ros_control:/home/carson/interbotix_ws/install/interbotix_xsarm_perception:/home/carson/interbotix_ws/install/interbotix_xsarm_joy:/home/carson/interbotix_ws/install/interbotix_xsarm_control:/home/carson/interbotix_ws/install/interbotix_xsarm_descriptions:/home/carson/interbotix_ws/install/interbotix_xs_toolbox:/home/carson/interbotix_ws/install/interbotix_xs_rviz:/home/carson/interbotix_ws/install/interbotix_ros_xseries:/home/carson/interbotix_ws/install/interbotix_xs_sdk:/home/carson/interbotix_ws/install/interbotix_xs_ros_control:/home/carson/interbotix_ws/install/interbotix_xs_modules:/home/carson/interbotix_ws/install/interbotix_perception_toolbox:/home/carson/interbotix_ws/install/interbotix_perception_modules:/home/carson/interbotix_ws/install/interbotix_perception_pipelines:/home/carson/interbotix_ws/install/interbotix_xs_msgs:/home/carson/interbotix_ws/install/interbotix_xs_driver:/home/carson/interbotix_ws/install/interbotix_tf_tools:/home/carson/interbotix_ws/install/interbotix_perception_msgs:/home/carson/interbotix_ws/install/interbotix_moveit_interface_msgs:/home/carson/interbotix_ws/install/interbotix_common_toolbox:/home/carson/interbotix_ws/install/interbotix_common_sim:/home/carson/interbotix_ws/install/dynamixel_workbench_toolbox:/home/carson/apriltag_ws/install/apriltag_ros:/opt/ros/galactic CMAKE_PREFIX_PATH=/home/carson/interbotix_ws/install/interbotix_xs_msgs:/home/carson/interbotix_ws/install/interbotix_perception_msgs:/home/carson/robotics-xylophone-project/interbotix_ws/install/interbotix_ros_xsarms_examples:/home/carson/robotics-xylophone-project/interbotix_ws/install/interbotix_xsarm_moveit_interface:/home/carson/robotics-xylophone-project/interbotix_ws/install/interbotix_moveit_interface:/home/carson/robotics-xylophone-project/interbotix_ws/install/moveit_visual_tools:/home/carson/robotics-xylophone-project/interbotix_ws/install/interbotix_ros_xsarms:/home/carson/robotics-xylophone-project/interbotix_ws/install/interbotix_xsarm_moveit:/home/carson/robotics-xylophone-project/interbotix_ws/install/interbotix_xsarm_sim:/home/carson/robotics-xylophone-project/interbotix_ws/install/interbotix_xsarm_ros_control:/home/carson/robotics-xylophone-project/interbotix_ws/install/interbotix_xsarm_perception:/home/carson/robotics-xylophone-project/interbotix_ws/install/interbotix_xsarm_joy:/home/carson/robotics-xylophone-project/interbotix_ws/install/interbotix_xsarm_control:/home/carson/robotics-xylophone-project/interbotix_ws/install/interbotix_xsarm_descriptions:/home/carson/robotics-xylophone-project/interbotix_ws/install/interbotix_xs_toolbox:/home/carson/robotics-xylophone-project/interbotix_ws/install/interbotix_xs_rviz:/home/carson/robotics-xylophone-project/interbotix_ws/install/interbotix_ros_xseries:/home/carson/robotics-xylophone-project/interbotix_ws/install/interbotix_xs_sdk:/home/carson/robotics-xylophone-project/interbotix_ws/install/interbotix_xs_ros_control:/home/carson/robotics-xylophone-project/interbotix_ws/install/interbotix_perception_toolbox:/home/carson/robotics-xylophone-project/interbotix_ws/install/interbotix_perception_pipelines:/home/carson/robotics-xylophone-project/interbotix_ws/install/interbotix_xs_msgs:/home/carson/robotics-xylophone-project/interbotix_ws/install/interbotix_xs_driver:/home/carson/robotics-xylophone-project/interbotix_ws/install/interbotix_tf_tools:/home/carson/robotics-xylophone-project/interbotix_ws/install/interbotix_perception_msgs:/home/carson/robotics-xylophone-project/interbotix_ws/install/interbotix_moveit_interface_msgs:/home/carson/robotics-xylophone-project/interbotix_ws/install/interbotix_common_toolbox:/home/carson/robotics-xylophone-project/interbotix_ws/install/interbotix_common_sim:/home/carson/robotics-xylophone-project/interbotix_ws/install/dynamixel_workbench_toolbox:/home/carson/interbotix_ws/install/interbotix_ros_xsarms_examples:/home/carson/interbotix_ws/install/interbotix_xsarm_moveit_interface:/home/carson/interbotix_ws/install/interbotix_moveit_interface:/home/carson/interbotix_ws/install/moveit_visual_tools:/home/carson/interbotix_ws/install/interbotix_ros_xsarms:/home/carson/interbotix_ws/install/interbotix_xsarm_moveit:/home/carson/interbotix_ws/install/interbotix_xsarm_sim:/home/carson/interbotix_ws/install/interbotix_xsarm_ros_control:/home/carson/interbotix_ws/install/interbotix_xsarm_perception:/home/carson/interbotix_ws/install/interbotix_xsarm_joy:/home/carson/interbotix_ws/install/interbotix_xsarm_control:/home/carson/interbotix_ws/install/interbotix_xsarm_descriptions:/home/carson/interbotix_ws/install/interbotix_xs_toolbox:/home/carson/interbotix_ws/install/interbotix_xs_rviz:/home/carson/interbotix_ws/install/interbotix_ros_xseries:/home/carson/interbotix_ws/install/interbotix_xs_sdk:/home/carson/interbotix_ws/install/interbotix_xs_ros_control:/home/carson/interbotix_ws/install/interbotix_perception_toolbox:/home/carson/interbotix_ws/install/interbotix_perception_pipelines:/home/carson/interbotix_ws/install/interbotix_xs_driver:/home/carson/interbotix_ws/install/interbotix_tf_tools:/home/carson/interbotix_ws/install/interbotix_moveit_interface_msgs:/home/carson/interbotix_ws/install/interbotix_common_toolbox:/home/carson/interbotix_ws/install/interbotix_common_sim:/home/carson/interbotix_ws/install/dynamixel_workbench_toolbox:/home/carson/apriltag_ws/install/apriltag_ros:/home/carson/robotics-xylophone-project/interbotix_ws/install/interbotix_xs_modules:/home/carson/robotics-xylophone-project/interbotix_ws/install/interbotix_perception_modules:/home/carson/robotics-xylophone-project/interbotix_ws/install/interbotix_common_modules:/home/carson/interbotix_ws/install/interbotix_xs_modules:/home/carson/interbotix_ws/install/interbotix_perception_modules:/home/carson/interbotix_ws/install/interbotix_common_modules:/opt/ros/galactic LD_LIBRARY_PATH=/home/carson/interbotix_ws/install/interbotix_xs_msgs/lib:/home/carson/interbotix_ws/install/interbotix_perception_msgs/lib:/home/carson/robotics-xylophone-project/interbotix_ws/install/moveit_visual_tools/lib:/home/carson/robotics-xylophone-project/interbotix_ws/install/interbotix_xs_rviz/lib:/home/carson/robotics-xylophone-project/interbotix_ws/install/interbotix_xs_ros_control/lib:/home/carson/robotics-xylophone-project/interbotix_ws/install/interbotix_xs_msgs/lib:/home/carson/robotics-xylophone-project/interbotix_ws/install/interbotix_xs_driver/lib:/home/carson/robotics-xylophone-project/interbotix_ws/install/interbotix_tf_tools/lib:/home/carson/robotics-xylophone-project/interbotix_ws/install/interbotix_perception_msgs/lib:/home/carson/robotics-xylophone-project/interbotix_ws/install/interbotix_moveit_interface_msgs/lib:/home/carson/robotics-xylophone-project/interbotix_ws/install/dynamixel_workbench_toolbox/lib:/home/carson/interbotix_ws/install/moveit_visual_tools/lib:/home/carson/interbotix_ws/install/interbotix_xs_rviz/lib:/home/carson/interbotix_ws/install/interbotix_xs_ros_control/lib:/home/carson/interbotix_ws/install/interbotix_xs_driver/lib:/home/carson/interbotix_ws/install/interbotix_tf_tools/lib:/home/carson/interbotix_ws/install/interbotix_moveit_interface_msgs/lib:/home/carson/interbotix_ws/install/dynamixel_workbench_toolbox/lib:/home/carson/apriltag_ws/install/apriltag_ros/lib:/opt/ros/galactic/opt/yaml_cpp_vendor/lib:/opt/ros/galactic/opt/rviz_ogre_vendor/lib:/opt/ros/galactic/lib/x86_64-linux-gnu:/opt/ros/galactic/lib PYTHONPATH=/home/carson/interbotix_ws/install/interbotix_xs_msgs/lib/python3.8/site-packages:/home/carson/interbotix_ws/install/interbotix_perception_msgs/lib/python3.8/site-packages:/home/carson/interbotix_ws/install/interbotix_common_modules/lib/python3.8/site-packages:/home/carson/robotics-xylophone-project/interbotix_ws/install/interbotix_xs_modules/lib/python3.8/site-packages:/home/carson/robotics-xylophone-project/interbotix_ws/install/interbotix_perception_modules/lib/python3.8/site-packages:/home/carson/robotics-xylophone-project/interbotix_ws/install/interbotix_xs_msgs/lib/python3.8/site-packages:/home/carson/robotics-xylophone-project/interbotix_ws/install/interbotix_perception_msgs/lib/python3.8/site-packages:/home/carson/robotics-xylophone-project/interbotix_ws/install/interbotix_moveit_interface_msgs/lib/python3.8/site-packages:/home/carson/robotics-xylophone-project/interbotix_ws/install/interbotix_common_modules/lib/python3.8/site-packages:/home/carson/interbotix_ws/install/interbotix_xs_modules/lib/python3.8/site-packages:/home/carson/interbotix_ws/install/interbotix_perception_modules/lib/python3.8/site-packages:/home/carson/interbotix_ws/install/interbotix_moveit_interface_msgs/lib/python3.8/site-packages:/home/carson/apriltag_ws/install/apriltag_ros/lib/python3.8/site-packages:/opt/ros/galactic/lib/python3.8/site-packages /usr/bin/cmake /home/carson/interbotix_ws/src/interbotix_ros_toolboxes/interbotix_perception_toolbox/interbotix_perception_pipelines -DCMAKE_INSTALL_PREFIX=/home/carson/interbotix_ws/install/interbotix_perception_pipelines
[35.743s] Invoking command in '/home/carson/interbotix_ws/build/interbotix_perception_pipelines': AMENT_PREFIX_PATH=/home/carson/interbotix_ws/install/interbotix_common_modules:/home/carson/robotics-xylophone-project/interbotix_ws/install/interbotix_ros_xsarms_examples:/home/carson/robotics-xylophone-project/interbotix_ws/install/interbotix_xsarm_moveit_interface:/home/carson/robotics-xylophone-project/interbotix_ws/install/interbotix_moveit_interface:/home/carson/robotics-xylophone-project/interbotix_ws/install/moveit_visual_tools:/home/carson/robotics-xylophone-project/interbotix_ws/install/interbotix_ros_xsarms:/home/carson/robotics-xylophone-project/interbotix_ws/install/interbotix_xsarm_moveit:/home/carson/robotics-xylophone-project/interbotix_ws/install/interbotix_xsarm_sim:/home/carson/robotics-xylophone-project/interbotix_ws/install/interbotix_xsarm_ros_control:/home/carson/robotics-xylophone-project/interbotix_ws/install/interbotix_xsarm_perception:/home/carson/robotics-xylophone-project/interbotix_ws/install/interbotix_xsarm_joy:/home/carson/robotics-xylophone-project/interbotix_ws/install/interbotix_xsarm_control:/home/carson/robotics-xylophone-project/interbotix_ws/install/interbotix_xsarm_descriptions:/home/carson/robotics-xylophone-project/interbotix_ws/install/interbotix_xs_toolbox:/home/carson/robotics-xylophone-project/interbotix_ws/install/interbotix_xs_rviz:/home/carson/robotics-xylophone-project/interbotix_ws/install/interbotix_ros_xseries:/home/carson/robotics-xylophone-project/interbotix_ws/install/interbotix_xs_sdk:/home/carson/robotics-xylophone-project/interbotix_ws/install/interbotix_xs_ros_control:/home/carson/robotics-xylophone-project/interbotix_ws/install/interbotix_xs_modules:/home/carson/robotics-xylophone-project/interbotix_ws/install/interbotix_perception_toolbox:/home/carson/robotics-xylophone-project/interbotix_ws/install/interbotix_perception_modules:/home/carson/robotics-xylophone-project/interbotix_ws/install/interbotix_perception_pipelines:/home/carson/robotics-xylophone-project/interbotix_ws/install/interbotix_xs_msgs:/home/carson/robotics-xylophone-project/interbotix_ws/install/interbotix_xs_driver:/home/carson/robotics-xylophone-project/interbotix_ws/install/interbotix_tf_tools:/home/carson/robotics-xylophone-project/interbotix_ws/install/interbotix_perception_msgs:/home/carson/robotics-xylophone-project/interbotix_ws/install/interbotix_moveit_interface_msgs:/home/carson/robotics-xylophone-project/interbotix_ws/install/interbotix_common_toolbox:/home/carson/robotics-xylophone-project/interbotix_ws/install/interbotix_common_sim:/home/carson/robotics-xylophone-project/interbotix_ws/install/interbotix_common_modules:/home/carson/robotics-xylophone-project/interbotix_ws/install/dynamixel_workbench_toolbox:/home/carson/interbotix_ws/install/interbotix_ros_xsarms_examples:/home/carson/interbotix_ws/install/interbotix_xsarm_moveit_interface:/home/carson/interbotix_ws/install/interbotix_moveit_interface:/home/carson/interbotix_ws/install/moveit_visual_tools:/home/carson/interbotix_ws/install/interbotix_ros_xsarms:/home/carson/interbotix_ws/install/interbotix_xsarm_moveit:/home/carson/interbotix_ws/install/interbotix_xsarm_sim:/home/carson/interbotix_ws/install/interbotix_xsarm_ros_control:/home/carson/interbotix_ws/install/interbotix_xsarm_perception:/home/carson/interbotix_ws/install/interbotix_xsarm_joy:/home/carson/interbotix_ws/install/interbotix_xsarm_control:/home/carson/interbotix_ws/install/interbotix_xsarm_descriptions:/home/carson/interbotix_ws/install/interbotix_xs_toolbox:/home/carson/interbotix_ws/install/interbotix_xs_rviz:/home/carson/interbotix_ws/install/interbotix_ros_xseries:/home/carson/interbotix_ws/install/interbotix_xs_sdk:/home/carson/interbotix_ws/install/interbotix_xs_ros_control:/home/carson/interbotix_ws/install/interbotix_xs_modules:/home/carson/interbotix_ws/install/interbotix_perception_toolbox:/home/carson/interbotix_ws/install/interbotix_perception_modules:/home/carson/interbotix_ws/install/interbotix_perception_pipelines:/home/carson/interbotix_ws/install/interbotix_xs_msgs:/home/carson/interbotix_ws/install/interbotix_xs_driver:/home/carson/interbotix_ws/install/interbotix_tf_tools:/home/carson/interbotix_ws/install/interbotix_perception_msgs:/home/carson/interbotix_ws/install/interbotix_moveit_interface_msgs:/home/carson/interbotix_ws/install/interbotix_common_toolbox:/home/carson/interbotix_ws/install/interbotix_common_sim:/home/carson/interbotix_ws/install/dynamixel_workbench_toolbox:/home/carson/apriltag_ws/install/apriltag_ros:/opt/ros/galactic CMAKE_PREFIX_PATH=/home/carson/interbotix_ws/install/interbotix_xs_msgs:/home/carson/interbotix_ws/install/interbotix_perception_msgs:/home/carson/robotics-xylophone-project/interbotix_ws/install/interbotix_ros_xsarms_examples:/home/carson/robotics-xylophone-project/interbotix_ws/install/interbotix_xsarm_moveit_interface:/home/carson/robotics-xylophone-project/interbotix_ws/install/interbotix_moveit_interface:/home/carson/robotics-xylophone-project/interbotix_ws/install/moveit_visual_tools:/home/carson/robotics-xylophone-project/interbotix_ws/install/interbotix_ros_xsarms:/home/carson/robotics-xylophone-project/interbotix_ws/install/interbotix_xsarm_moveit:/home/carson/robotics-xylophone-project/interbotix_ws/install/interbotix_xsarm_sim:/home/carson/robotics-xylophone-project/interbotix_ws/install/interbotix_xsarm_ros_control:/home/carson/robotics-xylophone-project/interbotix_ws/install/interbotix_xsarm_perception:/home/carson/robotics-xylophone-project/interbotix_ws/install/interbotix_xsarm_joy:/home/carson/robotics-xylophone-project/interbotix_ws/install/interbotix_xsarm_control:/home/carson/robotics-xylophone-project/interbotix_ws/install/interbotix_xsarm_descriptions:/home/carson/robotics-xylophone-project/interbotix_ws/install/interbotix_xs_toolbox:/home/carson/robotics-xylophone-project/interbotix_ws/install/interbotix_xs_rviz:/home/carson/robotics-xylophone-project/interbotix_ws/install/interbotix_ros_xseries:/home/carson/robotics-xylophone-project/interbotix_ws/install/interbotix_xs_sdk:/home/carson/robotics-xylophone-project/interbotix_ws/install/interbotix_xs_ros_control:/home/carson/robotics-xylophone-project/interbotix_ws/install/interbotix_perception_toolbox:/home/carson/robotics-xylophone-project/interbotix_ws/install/interbotix_perception_pipelines:/home/carson/robotics-xylophone-project/interbotix_ws/install/interbotix_xs_msgs:/home/carson/robotics-xylophone-project/interbotix_ws/install/interbotix_xs_driver:/home/carson/robotics-xylophone-project/interbotix_ws/install/interbotix_tf_tools:/home/carson/robotics-xylophone-project/interbotix_ws/install/interbotix_perception_msgs:/home/carson/robotics-xylophone-project/interbotix_ws/install/interbotix_moveit_interface_msgs:/home/carson/robotics-xylophone-project/interbotix_ws/install/interbotix_common_toolbox:/home/carson/robotics-xylophone-project/interbotix_ws/install/interbotix_common_sim:/home/carson/robotics-xylophone-project/interbotix_ws/install/dynamixel_workbench_toolbox:/home/carson/interbotix_ws/install/interbotix_ros_xsarms_examples:/home/carson/interbotix_ws/install/interbotix_xsarm_moveit_interface:/home/carson/interbotix_ws/install/interbotix_moveit_interface:/home/carson/interbotix_ws/install/moveit_visual_tools:/home/carson/interbotix_ws/install/interbotix_ros_xsarms:/home/carson/interbotix_ws/install/interbotix_xsarm_moveit:/home/carson/interbotix_ws/install/interbotix_xsarm_sim:/home/carson/interbotix_ws/install/interbotix_xsarm_ros_control:/home/carson/interbotix_ws/install/interbotix_xsarm_perception:/home/carson/interbotix_ws/install/interbotix_xsarm_joy:/home/carson/interbotix_ws/install/interbotix_xsarm_control:/home/carson/interbotix_ws/install/interbotix_xsarm_descriptions:/home/carson/interbotix_ws/install/interbotix_xs_toolbox:/home/carson/interbotix_ws/install/interbotix_xs_rviz:/home/carson/interbotix_ws/install/interbotix_ros_xseries:/home/carson/interbotix_ws/install/interbotix_xs_sdk:/home/carson/interbotix_ws/install/interbotix_xs_ros_control:/home/carson/interbotix_ws/install/interbotix_perception_toolbox:/home/carson/interbotix_ws/install/interbotix_perception_pipelines:/home/carson/interbotix_ws/install/interbotix_xs_driver:/home/carson/interbotix_ws/install/interbotix_tf_tools:/home/carson/interbotix_ws/install/interbotix_moveit_interface_msgs:/home/carson/interbotix_ws/install/interbotix_common_toolbox:/home/carson/interbotix_ws/install/interbotix_common_sim:/home/carson/interbotix_ws/install/dynamixel_workbench_toolbox:/home/carson/apriltag_ws/install/apriltag_ros:/home/carson/robotics-xylophone-project/interbotix_ws/install/interbotix_xs_modules:/home/carson/robotics-xylophone-project/interbotix_ws/install/interbotix_perception_modules:/home/carson/robotics-xylophone-project/interbotix_ws/install/interbotix_common_modules:/home/carson/interbotix_ws/install/interbotix_xs_modules:/home/carson/interbotix_ws/install/interbotix_perception_modules:/home/carson/interbotix_ws/install/interbotix_common_modules:/opt/ros/galactic LD_LIBRARY_PATH=/home/carson/interbotix_ws/install/interbotix_xs_msgs/lib:/home/carson/interbotix_ws/install/interbotix_perception_msgs/lib:/home/carson/robotics-xylophone-project/interbotix_ws/install/moveit_visual_tools/lib:/home/carson/robotics-xylophone-project/interbotix_ws/install/interbotix_xs_rviz/lib:/home/carson/robotics-xylophone-project/interbotix_ws/install/interbotix_xs_ros_control/lib:/home/carson/robotics-xylophone-project/interbotix_ws/install/interbotix_xs_msgs/lib:/home/carson/robotics-xylophone-project/interbotix_ws/install/interbotix_xs_driver/lib:/home/carson/robotics-xylophone-project/interbotix_ws/install/interbotix_tf_tools/lib:/home/carson/robotics-xylophone-project/interbotix_ws/install/interbotix_perception_msgs/lib:/home/carson/robotics-xylophone-project/interbotix_ws/install/interbotix_moveit_interface_msgs/lib:/home/carson/robotics-xylophone-project/interbotix_ws/install/dynamixel_workbench_toolbox/lib:/home/carson/interbotix_ws/install/moveit_visual_tools/lib:/home/carson/interbotix_ws/install/interbotix_xs_rviz/lib:/home/carson/interbotix_ws/install/interbotix_xs_ros_control/lib:/home/carson/interbotix_ws/install/interbotix_xs_driver/lib:/home/carson/interbotix_ws/install/interbotix_tf_tools/lib:/home/carson/interbotix_ws/install/interbotix_moveit_interface_msgs/lib:/home/carson/interbotix_ws/install/dynamixel_workbench_toolbox/lib:/home/carson/apriltag_ws/install/apriltag_ros/lib:/opt/ros/galactic/opt/yaml_cpp_vendor/lib:/opt/ros/galactic/opt/rviz_ogre_vendor/lib:/opt/ros/galactic/lib/x86_64-linux-gnu:/opt/ros/galactic/lib PYTHONPATH=/home/carson/interbotix_ws/install/interbotix_xs_msgs/lib/python3.8/site-packages:/home/carson/interbotix_ws/install/interbotix_perception_msgs/lib/python3.8/site-packages:/home/carson/interbotix_ws/install/interbotix_common_modules/lib/python3.8/site-packages:/home/carson/robotics-xylophone-project/interbotix_ws/install/interbotix_xs_modules/lib/python3.8/site-packages:/home/carson/robotics-xylophone-project/interbotix_ws/install/interbotix_perception_modules/lib/python3.8/site-packages:/home/carson/robotics-xylophone-project/interbotix_ws/install/interbotix_xs_msgs/lib/python3.8/site-packages:/home/carson/robotics-xylophone-project/interbotix_ws/install/interbotix_perception_msgs/lib/python3.8/site-packages:/home/carson/robotics-xylophone-project/interbotix_ws/install/interbotix_moveit_interface_msgs/lib/python3.8/site-packages:/home/carson/robotics-xylophone-project/interbotix_ws/install/interbotix_common_modules/lib/python3.8/site-packages:/home/carson/interbotix_ws/install/interbotix_xs_modules/lib/python3.8/site-packages:/home/carson/interbotix_ws/install/interbotix_perception_modules/lib/python3.8/site-packages:/home/carson/interbotix_ws/install/interbotix_moveit_interface_msgs/lib/python3.8/site-packages:/home/carson/apriltag_ws/install/apriltag_ros/lib/python3.8/site-packages:/opt/ros/galactic/lib/python3.8/site-packages /usr/bin/cmake --build /home/carson/interbotix_ws/build/interbotix_perception_pipelines -- -j16 -l16
[35.801s] [35m[1mScanning dependencies of target pointcloud_pipeline[0m
[36.089s] [ 50%] [32mBuilding CXX object CMakeFiles/pointcloud_pipeline.dir/src/pointcloud_pipeline.cpp.o[0m
[64.497s] [100%] [32m[1mLinking CXX executable pointcloud_pipeline[0m
[68.963s] [100%] Built target pointcloud_pipeline
[68.982s] Invoked command in '/home/carson/interbotix_ws/build/interbotix_perception_pipelines' returned '0': AMENT_PREFIX_PATH=/home/carson/interbotix_ws/install/interbotix_common_modules:/home/carson/robotics-xylophone-project/interbotix_ws/install/interbotix_ros_xsarms_examples:/home/carson/robotics-xylophone-project/interbotix_ws/install/interbotix_xsarm_moveit_interface:/home/carson/robotics-xylophone-project/interbotix_ws/install/interbotix_moveit_interface:/home/carson/robotics-xylophone-project/interbotix_ws/install/moveit_visual_tools:/home/carson/robotics-xylophone-project/interbotix_ws/install/interbotix_ros_xsarms:/home/carson/robotics-xylophone-project/interbotix_ws/install/interbotix_xsarm_moveit:/home/carson/robotics-xylophone-project/interbotix_ws/install/interbotix_xsarm_sim:/home/carson/robotics-xylophone-project/interbotix_ws/install/interbotix_xsarm_ros_control:/home/carson/robotics-xylophone-project/interbotix_ws/install/interbotix_xsarm_perception:/home/carson/robotics-xylophone-project/interbotix_ws/install/interbotix_xsarm_joy:/home/carson/robotics-xylophone-project/interbotix_ws/install/interbotix_xsarm_control:/home/carson/robotics-xylophone-project/interbotix_ws/install/interbotix_xsarm_descriptions:/home/carson/robotics-xylophone-project/interbotix_ws/install/interbotix_xs_toolbox:/home/carson/robotics-xylophone-project/interbotix_ws/install/interbotix_xs_rviz:/home/carson/robotics-xylophone-project/interbotix_ws/install/interbotix_ros_xseries:/home/carson/robotics-xylophone-project/interbotix_ws/install/interbotix_xs_sdk:/home/carson/robotics-xylophone-project/interbotix_ws/install/interbotix_xs_ros_control:/home/carson/robotics-xylophone-project/interbotix_ws/install/interbotix_xs_modules:/home/carson/robotics-xylophone-project/interbotix_ws/install/interbotix_perception_toolbox:/home/carson/robotics-xylophone-project/interbotix_ws/install/interbotix_perception_modules:/home/carson/robotics-xylophone-project/interbotix_ws/install/interbotix_perception_pipelines:/home/carson/robotics-xylophone-project/interbotix_ws/install/interbotix_xs_msgs:/home/carson/robotics-xylophone-project/interbotix_ws/install/interbotix_xs_driver:/home/carson/robotics-xylophone-project/interbotix_ws/install/interbotix_tf_tools:/home/carson/robotics-xylophone-project/interbotix_ws/install/interbotix_perception_msgs:/home/carson/robotics-xylophone-project/interbotix_ws/install/interbotix_moveit_interface_msgs:/home/carson/robotics-xylophone-project/interbotix_ws/install/interbotix_common_toolbox:/home/carson/robotics-xylophone-project/interbotix_ws/install/interbotix_common_sim:/home/carson/robotics-xylophone-project/interbotix_ws/install/interbotix_common_modules:/home/carson/robotics-xylophone-project/interbotix_ws/install/dynamixel_workbench_toolbox:/home/carson/interbotix_ws/install/interbotix_ros_xsarms_examples:/home/carson/interbotix_ws/install/interbotix_xsarm_moveit_interface:/home/carson/interbotix_ws/install/interbotix_moveit_interface:/home/carson/interbotix_ws/install/moveit_visual_tools:/home/carson/interbotix_ws/install/interbotix_ros_xsarms:/home/carson/interbotix_ws/install/interbotix_xsarm_moveit:/home/carson/interbotix_ws/install/interbotix_xsarm_sim:/home/carson/interbotix_ws/install/interbotix_xsarm_ros_control:/home/carson/interbotix_ws/install/interbotix_xsarm_perception:/home/carson/interbotix_ws/install/interbotix_xsarm_joy:/home/carson/interbotix_ws/install/interbotix_xsarm_control:/home/carson/interbotix_ws/install/interbotix_xsarm_descriptions:/home/carson/interbotix_ws/install/interbotix_xs_toolbox:/home/carson/interbotix_ws/install/interbotix_xs_rviz:/home/carson/interbotix_ws/install/interbotix_ros_xseries:/home/carson/interbotix_ws/install/interbotix_xs_sdk:/home/carson/interbotix_ws/install/interbotix_xs_ros_control:/home/carson/interbotix_ws/install/interbotix_xs_modules:/home/carson/interbotix_ws/install/interbotix_perception_toolbox:/home/carson/interbotix_ws/install/interbotix_perception_modules:/home/carson/interbotix_ws/install/interbotix_perception_pipelines:/home/carson/interbotix_ws/install/interbotix_xs_msgs:/home/carson/interbotix_ws/install/interbotix_xs_driver:/home/carson/interbotix_ws/install/interbotix_tf_tools:/home/carson/interbotix_ws/install/interbotix_perception_msgs:/home/carson/interbotix_ws/install/interbotix_moveit_interface_msgs:/home/carson/interbotix_ws/install/interbotix_common_toolbox:/home/carson/interbotix_ws/install/interbotix_common_sim:/home/carson/interbotix_ws/install/dynamixel_workbench_toolbox:/home/carson/apriltag_ws/install/apriltag_ros:/opt/ros/galactic CMAKE_PREFIX_PATH=/home/carson/interbotix_ws/install/interbotix_xs_msgs:/home/carson/interbotix_ws/install/interbotix_perception_msgs:/home/carson/robotics-xylophone-project/interbotix_ws/install/interbotix_ros_xsarms_examples:/home/carson/robotics-xylophone-project/interbotix_ws/install/interbotix_xsarm_moveit_interface:/home/carson/robotics-xylophone-project/interbotix_ws/install/interbotix_moveit_interface:/home/carson/robotics-xylophone-project/interbotix_ws/install/moveit_visual_tools:/home/carson/robotics-xylophone-project/interbotix_ws/install/interbotix_ros_xsarms:/home/carson/robotics-xylophone-project/interbotix_ws/install/interbotix_xsarm_moveit:/home/carson/robotics-xylophone-project/interbotix_ws/install/interbotix_xsarm_sim:/home/carson/robotics-xylophone-project/interbotix_ws/install/interbotix_xsarm_ros_control:/home/carson/robotics-xylophone-project/interbotix_ws/install/interbotix_xsarm_perception:/home/carson/robotics-xylophone-project/interbotix_ws/install/interbotix_xsarm_joy:/home/carson/robotics-xylophone-project/interbotix_ws/install/interbotix_xsarm_control:/home/carson/robotics-xylophone-project/interbotix_ws/install/interbotix_xsarm_descriptions:/home/carson/robotics-xylophone-project/interbotix_ws/install/interbotix_xs_toolbox:/home/carson/robotics-xylophone-project/interbotix_ws/install/interbotix_xs_rviz:/home/carson/robotics-xylophone-project/interbotix_ws/install/interbotix_ros_xseries:/home/carson/robotics-xylophone-project/interbotix_ws/install/interbotix_xs_sdk:/home/carson/robotics-xylophone-project/interbotix_ws/install/interbotix_xs_ros_control:/home/carson/robotics-xylophone-project/interbotix_ws/install/interbotix_perception_toolbox:/home/carson/robotics-xylophone-project/interbotix_ws/install/interbotix_perception_pipelines:/home/carson/robotics-xylophone-project/interbotix_ws/install/interbotix_xs_msgs:/home/carson/robotics-xylophone-project/interbotix_ws/install/interbotix_xs_driver:/home/carson/robotics-xylophone-project/interbotix_ws/install/interbotix_tf_tools:/home/carson/robotics-xylophone-project/interbotix_ws/install/interbotix_perception_msgs:/home/carson/robotics-xylophone-project/interbotix_ws/install/interbotix_moveit_interface_msgs:/home/carson/robotics-xylophone-project/interbotix_ws/install/interbotix_common_toolbox:/home/carson/robotics-xylophone-project/interbotix_ws/install/interbotix_common_sim:/home/carson/robotics-xylophone-project/interbotix_ws/install/dynamixel_workbench_toolbox:/home/carson/interbotix_ws/install/interbotix_ros_xsarms_examples:/home/carson/interbotix_ws/install/interbotix_xsarm_moveit_interface:/home/carson/interbotix_ws/install/interbotix_moveit_interface:/home/carson/interbotix_ws/install/moveit_visual_tools:/home/carson/interbotix_ws/install/interbotix_ros_xsarms:/home/carson/interbotix_ws/install/interbotix_xsarm_moveit:/home/carson/interbotix_ws/install/interbotix_xsarm_sim:/home/carson/interbotix_ws/install/interbotix_xsarm_ros_control:/home/carson/interbotix_ws/install/interbotix_xsarm_perception:/home/carson/interbotix_ws/install/interbotix_xsarm_joy:/home/carson/interbotix_ws/install/interbotix_xsarm_control:/home/carson/interbotix_ws/install/interbotix_xsarm_descriptions:/home/carson/interbotix_ws/install/interbotix_xs_toolbox:/home/carson/interbotix_ws/install/interbotix_xs_rviz:/home/carson/interbotix_ws/install/interbotix_ros_xseries:/home/carson/interbotix_ws/install/interbotix_xs_sdk:/home/carson/interbotix_ws/install/interbotix_xs_ros_control:/home/carson/interbotix_ws/install/interbotix_perception_toolbox:/home/carson/interbotix_ws/install/interbotix_perception_pipelines:/home/carson/interbotix_ws/install/interbotix_xs_driver:/home/carson/interbotix_ws/install/interbotix_tf_tools:/home/carson/interbotix_ws/install/interbotix_moveit_interface_msgs:/home/carson/interbotix_ws/install/interbotix_common_toolbox:/home/carson/interbotix_ws/install/interbotix_common_sim:/home/carson/interbotix_ws/install/dynamixel_workbench_toolbox:/home/carson/apriltag_ws/install/apriltag_ros:/home/carson/robotics-xylophone-project/interbotix_ws/install/interbotix_xs_modules:/home/carson/robotics-xylophone-project/interbotix_ws/install/interbotix_perception_modules:/home/carson/robotics-xylophone-project/interbotix_ws/install/interbotix_common_modules:/home/carson/interbotix_ws/install/interbotix_xs_modules:/home/carson/interbotix_ws/install/interbotix_perception_modules:/home/carson/interbotix_ws/install/interbotix_common_modules:/opt/ros/galactic LD_LIBRARY_PATH=/home/carson/interbotix_ws/install/interbotix_xs_msgs/lib:/home/carson/interbotix_ws/install/interbotix_perception_msgs/lib:/home/carson/robotics-xylophone-project/interbotix_ws/install/moveit_visual_tools/lib:/home/carson/robotics-xylophone-project/interbotix_ws/install/interbotix_xs_rviz/lib:/home/carson/robotics-xylophone-project/interbotix_ws/install/interbotix_xs_ros_control/lib:/home/carson/robotics-xylophone-project/interbotix_ws/install/interbotix_xs_msgs/lib:/home/carson/robotics-xylophone-project/interbotix_ws/install/interbotix_xs_driver/lib:/home/carson/robotics-xylophone-project/interbotix_ws/install/interbotix_tf_tools/lib:/home/carson/robotics-xylophone-project/interbotix_ws/install/interbotix_perception_msgs/lib:/home/carson/robotics-xylophone-project/interbotix_ws/install/interbotix_moveit_interface_msgs/lib:/home/carson/robotics-xylophone-project/interbotix_ws/install/dynamixel_workbench_toolbox/lib:/home/carson/interbotix_ws/install/moveit_visual_tools/lib:/home/carson/interbotix_ws/install/interbotix_xs_rviz/lib:/home/carson/interbotix_ws/install/interbotix_xs_ros_control/lib:/home/carson/interbotix_ws/install/interbotix_xs_driver/lib:/home/carson/interbotix_ws/install/interbotix_tf_tools/lib:/home/carson/interbotix_ws/install/interbotix_moveit_interface_msgs/lib:/home/carson/interbotix_ws/install/dynamixel_workbench_toolbox/lib:/home/carson/apriltag_ws/install/apriltag_ros/lib:/opt/ros/galactic/opt/yaml_cpp_vendor/lib:/opt/ros/galactic/opt/rviz_ogre_vendor/lib:/opt/ros/galactic/lib/x86_64-linux-gnu:/opt/ros/galactic/lib PYTHONPATH=/home/carson/interbotix_ws/install/interbotix_xs_msgs/lib/python3.8/site-packages:/home/carson/interbotix_ws/install/interbotix_perception_msgs/lib/python3.8/site-packages:/home/carson/interbotix_ws/install/interbotix_common_modules/lib/python3.8/site-packages:/home/carson/robotics-xylophone-project/interbotix_ws/install/interbotix_xs_modules/lib/python3.8/site-packages:/home/carson/robotics-xylophone-project/interbotix_ws/install/interbotix_perception_modules/lib/python3.8/site-packages:/home/carson/robotics-xylophone-project/interbotix_ws/install/interbotix_xs_msgs/lib/python3.8/site-packages:/home/carson/robotics-xylophone-project/interbotix_ws/install/interbotix_perception_msgs/lib/python3.8/site-packages:/home/carson/robotics-xylophone-project/interbotix_ws/install/interbotix_moveit_interface_msgs/lib/python3.8/site-packages:/home/carson/robotics-xylophone-project/interbotix_ws/install/interbotix_common_modules/lib/python3.8/site-packages:/home/carson/interbotix_ws/install/interbotix_xs_modules/lib/python3.8/site-packages:/home/carson/interbotix_ws/install/interbotix_perception_modules/lib/python3.8/site-packages:/home/carson/interbotix_ws/install/interbotix_moveit_interface_msgs/lib/python3.8/site-packages:/home/carson/apriltag_ws/install/apriltag_ros/lib/python3.8/site-packages:/opt/ros/galactic/lib/python3.8/site-packages /usr/bin/cmake --build /home/carson/interbotix_ws/build/interbotix_perception_pipelines -- -j16 -l16
[69.025s] Invoking command in '/home/carson/interbotix_ws/build/interbotix_perception_pipelines': AMENT_PREFIX_PATH=/home/carson/interbotix_ws/install/interbotix_common_modules:/home/carson/robotics-xylophone-project/interbotix_ws/install/interbotix_ros_xsarms_examples:/home/carson/robotics-xylophone-project/interbotix_ws/install/interbotix_xsarm_moveit_interface:/home/carson/robotics-xylophone-project/interbotix_ws/install/interbotix_moveit_interface:/home/carson/robotics-xylophone-project/interbotix_ws/install/moveit_visual_tools:/home/carson/robotics-xylophone-project/interbotix_ws/install/interbotix_ros_xsarms:/home/carson/robotics-xylophone-project/interbotix_ws/install/interbotix_xsarm_moveit:/home/carson/robotics-xylophone-project/interbotix_ws/install/interbotix_xsarm_sim:/home/carson/robotics-xylophone-project/interbotix_ws/install/interbotix_xsarm_ros_control:/home/carson/robotics-xylophone-project/interbotix_ws/install/interbotix_xsarm_perception:/home/carson/robotics-xylophone-project/interbotix_ws/install/interbotix_xsarm_joy:/home/carson/robotics-xylophone-project/interbotix_ws/install/interbotix_xsarm_control:/home/carson/robotics-xylophone-project/interbotix_ws/install/interbotix_xsarm_descriptions:/home/carson/robotics-xylophone-project/interbotix_ws/install/interbotix_xs_toolbox:/home/carson/robotics-xylophone-project/interbotix_ws/install/interbotix_xs_rviz:/home/carson/robotics-xylophone-project/interbotix_ws/install/interbotix_ros_xseries:/home/carson/robotics-xylophone-project/interbotix_ws/install/interbotix_xs_sdk:/home/carson/robotics-xylophone-project/interbotix_ws/install/interbotix_xs_ros_control:/home/carson/robotics-xylophone-project/interbotix_ws/install/interbotix_xs_modules:/home/carson/robotics-xylophone-project/interbotix_ws/install/interbotix_perception_toolbox:/home/carson/robotics-xylophone-project/interbotix_ws/install/interbotix_perception_modules:/home/carson/robotics-xylophone-project/interbotix_ws/install/interbotix_perception_pipelines:/home/carson/robotics-xylophone-project/interbotix_ws/install/interbotix_xs_msgs:/home/carson/robotics-xylophone-project/interbotix_ws/install/interbotix_xs_driver:/home/carson/robotics-xylophone-project/interbotix_ws/install/interbotix_tf_tools:/home/carson/robotics-xylophone-project/interbotix_ws/install/interbotix_perception_msgs:/home/carson/robotics-xylophone-project/interbotix_ws/install/interbotix_moveit_interface_msgs:/home/carson/robotics-xylophone-project/interbotix_ws/install/interbotix_common_toolbox:/home/carson/robotics-xylophone-project/interbotix_ws/install/interbotix_common_sim:/home/carson/robotics-xylophone-project/interbotix_ws/install/interbotix_common_modules:/home/carson/robotics-xylophone-project/interbotix_ws/install/dynamixel_workbench_toolbox:/home/carson/interbotix_ws/install/interbotix_ros_xsarms_examples:/home/carson/interbotix_ws/install/interbotix_xsarm_moveit_interface:/home/carson/interbotix_ws/install/interbotix_moveit_interface:/home/carson/interbotix_ws/install/moveit_visual_tools:/home/carson/interbotix_ws/install/interbotix_ros_xsarms:/home/carson/interbotix_ws/install/interbotix_xsarm_moveit:/home/carson/interbotix_ws/install/interbotix_xsarm_sim:/home/carson/interbotix_ws/install/interbotix_xsarm_ros_control:/home/carson/interbotix_ws/install/interbotix_xsarm_perception:/home/carson/interbotix_ws/install/interbotix_xsarm_joy:/home/carson/interbotix_ws/install/interbotix_xsarm_control:/home/carson/interbotix_ws/install/interbotix_xsarm_descriptions:/home/carson/interbotix_ws/install/interbotix_xs_toolbox:/home/carson/interbotix_ws/install/interbotix_xs_rviz:/home/carson/interbotix_ws/install/interbotix_ros_xseries:/home/carson/interbotix_ws/install/interbotix_xs_sdk:/home/carson/interbotix_ws/install/interbotix_xs_ros_control:/home/carson/interbotix_ws/install/interbotix_xs_modules:/home/carson/interbotix_ws/install/interbotix_perception_toolbox:/home/carson/interbotix_ws/install/interbotix_perception_modules:/home/carson/interbotix_ws/install/interbotix_perception_pipelines:/home/carson/interbotix_ws/install/interbotix_xs_msgs:/home/carson/interbotix_ws/install/interbotix_xs_driver:/home/carson/interbotix_ws/install/interbotix_tf_tools:/home/carson/interbotix_ws/install/interbotix_perception_msgs:/home/carson/interbotix_ws/install/interbotix_moveit_interface_msgs:/home/carson/interbotix_ws/install/interbotix_common_toolbox:/home/carson/interbotix_ws/install/interbotix_common_sim:/home/carson/interbotix_ws/install/dynamixel_workbench_toolbox:/home/carson/apriltag_ws/install/apriltag_ros:/opt/ros/galactic CMAKE_PREFIX_PATH=/home/carson/interbotix_ws/install/interbotix_xs_msgs:/home/carson/interbotix_ws/install/interbotix_perception_msgs:/home/carson/robotics-xylophone-project/interbotix_ws/install/interbotix_ros_xsarms_examples:/home/carson/robotics-xylophone-project/interbotix_ws/install/interbotix_xsarm_moveit_interface:/home/carson/robotics-xylophone-project/interbotix_ws/install/interbotix_moveit_interface:/home/carson/robotics-xylophone-project/interbotix_ws/install/moveit_visual_tools:/home/carson/robotics-xylophone-project/interbotix_ws/install/interbotix_ros_xsarms:/home/carson/robotics-xylophone-project/interbotix_ws/install/interbotix_xsarm_moveit:/home/carson/robotics-xylophone-project/interbotix_ws/install/interbotix_xsarm_sim:/home/carson/robotics-xylophone-project/interbotix_ws/install/interbotix_xsarm_ros_control:/home/carson/robotics-xylophone-project/interbotix_ws/install/interbotix_xsarm_perception:/home/carson/robotics-xylophone-project/interbotix_ws/install/interbotix_xsarm_joy:/home/carson/robotics-xylophone-project/interbotix_ws/install/interbotix_xsarm_control:/home/carson/robotics-xylophone-project/interbotix_ws/install/interbotix_xsarm_descriptions:/home/carson/robotics-xylophone-project/interbotix_ws/install/interbotix_xs_toolbox:/home/carson/robotics-xylophone-project/interbotix_ws/install/interbotix_xs_rviz:/home/carson/robotics-xylophone-project/interbotix_ws/install/interbotix_ros_xseries:/home/carson/robotics-xylophone-project/interbotix_ws/install/interbotix_xs_sdk:/home/carson/robotics-xylophone-project/interbotix_ws/install/interbotix_xs_ros_control:/home/carson/robotics-xylophone-project/interbotix_ws/install/interbotix_perception_toolbox:/home/carson/robotics-xylophone-project/interbotix_ws/install/interbotix_perception_pipelines:/home/carson/robotics-xylophone-project/interbotix_ws/install/interbotix_xs_msgs:/home/carson/robotics-xylophone-project/interbotix_ws/install/interbotix_xs_driver:/home/carson/robotics-xylophone-project/interbotix_ws/install/interbotix_tf_tools:/home/carson/robotics-xylophone-project/interbotix_ws/install/interbotix_perception_msgs:/home/carson/robotics-xylophone-project/interbotix_ws/install/interbotix_moveit_interface_msgs:/home/carson/robotics-xylophone-project/interbotix_ws/install/interbotix_common_toolbox:/home/carson/robotics-xylophone-project/interbotix_ws/install/interbotix_common_sim:/home/carson/robotics-xylophone-project/interbotix_ws/install/dynamixel_workbench_toolbox:/home/carson/interbotix_ws/install/interbotix_ros_xsarms_examples:/home/carson/interbotix_ws/install/interbotix_xsarm_moveit_interface:/home/carson/interbotix_ws/install/interbotix_moveit_interface:/home/carson/interbotix_ws/install/moveit_visual_tools:/home/carson/interbotix_ws/install/interbotix_ros_xsarms:/home/carson/interbotix_ws/install/interbotix_xsarm_moveit:/home/carson/interbotix_ws/install/interbotix_xsarm_sim:/home/carson/interbotix_ws/install/interbotix_xsarm_ros_control:/home/carson/interbotix_ws/install/interbotix_xsarm_perception:/home/carson/interbotix_ws/install/interbotix_xsarm_joy:/home/carson/interbotix_ws/install/interbotix_xsarm_control:/home/carson/interbotix_ws/install/interbotix_xsarm_descriptions:/home/carson/interbotix_ws/install/interbotix_xs_toolbox:/home/carson/interbotix_ws/install/interbotix_xs_rviz:/home/carson/interbotix_ws/install/interbotix_ros_xseries:/home/carson/interbotix_ws/install/interbotix_xs_sdk:/home/carson/interbotix_ws/install/interbotix_xs_ros_control:/home/carson/interbotix_ws/install/interbotix_perception_toolbox:/home/carson/interbotix_ws/install/interbotix_perception_pipelines:/home/carson/interbotix_ws/install/interbotix_xs_driver:/home/carson/interbotix_ws/install/interbotix_tf_tools:/home/carson/interbotix_ws/install/interbotix_moveit_interface_msgs:/home/carson/interbotix_ws/install/interbotix_common_toolbox:/home/carson/interbotix_ws/install/interbotix_common_sim:/home/carson/interbotix_ws/install/dynamixel_workbench_toolbox:/home/carson/apriltag_ws/install/apriltag_ros:/home/carson/robotics-xylophone-project/interbotix_ws/install/interbotix_xs_modules:/home/carson/robotics-xylophone-project/interbotix_ws/install/interbotix_perception_modules:/home/carson/robotics-xylophone-project/interbotix_ws/install/interbotix_common_modules:/home/carson/interbotix_ws/install/interbotix_xs_modules:/home/carson/interbotix_ws/install/interbotix_perception_modules:/home/carson/interbotix_ws/install/interbotix_common_modules:/opt/ros/galactic LD_LIBRARY_PATH=/home/carson/interbotix_ws/install/interbotix_xs_msgs/lib:/home/carson/interbotix_ws/install/interbotix_perception_msgs/lib:/home/carson/robotics-xylophone-project/interbotix_ws/install/moveit_visual_tools/lib:/home/carson/robotics-xylophone-project/interbotix_ws/install/interbotix_xs_rviz/lib:/home/carson/robotics-xylophone-project/interbotix_ws/install/interbotix_xs_ros_control/lib:/home/carson/robotics-xylophone-project/interbotix_ws/install/interbotix_xs_msgs/lib:/home/carson/robotics-xylophone-project/interbotix_ws/install/interbotix_xs_driver/lib:/home/carson/robotics-xylophone-project/interbotix_ws/install/interbotix_tf_tools/lib:/home/carson/robotics-xylophone-project/interbotix_ws/install/interbotix_perception_msgs/lib:/home/carson/robotics-xylophone-project/interbotix_ws/install/interbotix_moveit_interface_msgs/lib:/home/carson/robotics-xylophone-project/interbotix_ws/install/dynamixel_workbench_toolbox/lib:/home/carson/interbotix_ws/install/moveit_visual_tools/lib:/home/carson/interbotix_ws/install/interbotix_xs_rviz/lib:/home/carson/interbotix_ws/install/interbotix_xs_ros_control/lib:/home/carson/interbotix_ws/install/interbotix_xs_driver/lib:/home/carson/interbotix_ws/install/interbotix_tf_tools/lib:/home/carson/interbotix_ws/install/interbotix_moveit_interface_msgs/lib:/home/carson/interbotix_ws/install/dynamixel_workbench_toolbox/lib:/home/carson/apriltag_ws/install/apriltag_ros/lib:/opt/ros/galactic/opt/yaml_cpp_vendor/lib:/opt/ros/galactic/opt/rviz_ogre_vendor/lib:/opt/ros/galactic/lib/x86_64-linux-gnu:/opt/ros/galactic/lib PYTHONPATH=/home/carson/interbotix_ws/install/interbotix_xs_msgs/lib/python3.8/site-packages:/home/carson/interbotix_ws/install/interbotix_perception_msgs/lib/python3.8/site-packages:/home/carson/interbotix_ws/install/interbotix_common_modules/lib/python3.8/site-packages:/home/carson/robotics-xylophone-project/interbotix_ws/install/interbotix_xs_modules/lib/python3.8/site-packages:/home/carson/robotics-xylophone-project/interbotix_ws/install/interbotix_perception_modules/lib/python3.8/site-packages:/home/carson/robotics-xylophone-project/interbotix_ws/install/interbotix_xs_msgs/lib/python3.8/site-packages:/home/carson/robotics-xylophone-project/interbotix_ws/install/interbotix_perception_msgs/lib/python3.8/site-packages:/home/carson/robotics-xylophone-project/interbotix_ws/install/interbotix_moveit_interface_msgs/lib/python3.8/site-packages:/home/carson/robotics-xylophone-project/interbotix_ws/install/interbotix_common_modules/lib/python3.8/site-packages:/home/carson/interbotix_ws/install/interbotix_xs_modules/lib/python3.8/site-packages:/home/carson/interbotix_ws/install/interbotix_perception_modules/lib/python3.8/site-packages:/home/carson/interbotix_ws/install/interbotix_moveit_interface_msgs/lib/python3.8/site-packages:/home/carson/apriltag_ws/install/apriltag_ros/lib/python3.8/site-packages:/opt/ros/galactic/lib/python3.8/site-packages /usr/bin/cmake --install /home/carson/interbotix_ws/build/interbotix_perception_pipelines
[69.035s] -- Install configuration: ""
[69.036s] -- Installing: /home/carson/interbotix_ws/install/interbotix_perception_pipelines/lib/interbotix_perception_pipelines/pointcloud_pipeline
[69.040s] -- Set runtime path of "/home/carson/interbotix_ws/install/interbotix_perception_pipelines/lib/interbotix_perception_pipelines/pointcloud_pipeline" to ""
[69.040s] -- Installing: /home/carson/interbotix_ws/install/interbotix_perception_pipelines/share/ament_index/resource_index/package_run_dependencies/interbotix_perception_pipelines
[69.041s] -- Installing: /home/carson/interbotix_ws/install/interbotix_perception_pipelines/share/ament_index/resource_index/parent_prefix_path/interbotix_perception_pipelines
[69.041s] -- Installing: /home/carson/interbotix_ws/install/interbotix_perception_pipelines/share/interbotix_perception_pipelines/environment/ament_prefix_path.sh
[69.042s] -- Installing: /home/carson/interbotix_ws/install/interbotix_perception_pipelines/share/interbotix_perception_pipelines/environment/ament_prefix_path.dsv
[69.042s] -- Installing: /home/carson/interbotix_ws/install/interbotix_perception_pipelines/share/interbotix_perception_pipelines/environment/path.sh
[69.042s] -- Installing: /home/carson/interbotix_ws/install/interbotix_perception_pipelines/share/interbotix_perception_pipelines/environment/path.dsv
[69.043s] -- Installing: /home/carson/interbotix_ws/install/interbotix_perception_pipelines/share/interbotix_perception_pipelines/local_setup.bash
[69.043s] -- Installing: /home/carson/interbotix_ws/install/interbotix_perception_pipelines/share/interbotix_perception_pipelines/local_setup.sh
[69.044s] -- Installing: /home/carson/interbotix_ws/install/interbotix_perception_pipelines/share/interbotix_perception_pipelines/local_setup.zsh
[69.044s] -- Installing: /home/carson/interbotix_ws/install/interbotix_perception_pipelines/share/interbotix_perception_pipelines/local_setup.dsv
[69.044s] -- Installing: /home/carson/interbotix_ws/install/interbotix_perception_pipelines/share/interbotix_perception_pipelines/package.dsv
[69.044s] -- Installing: /home/carson/interbotix_ws/install/interbotix_perception_pipelines/share/ament_index/resource_index/packages/interbotix_perception_pipelines
[69.045s] -- Installing: /home/carson/interbotix_ws/install/interbotix_perception_pipelines/share/interbotix_perception_pipelines/cmake/interbotix_perception_pipelinesConfig.cmake
[69.045s] -- Installing: /home/carson/interbotix_ws/install/interbotix_perception_pipelines/share/interbotix_perception_pipelines/cmake/interbotix_perception_pipelinesConfig-version.cmake
[69.046s] -- Installing: /home/carson/interbotix_ws/install/interbotix_perception_pipelines/share/interbotix_perception_pipelines/package.xml
[69.050s] Invoked command in '/home/carson/interbotix_ws/build/interbotix_perception_pipelines' returned '0': AMENT_PREFIX_PATH=/home/carson/interbotix_ws/install/interbotix_common_modules:/home/carson/robotics-xylophone-project/interbotix_ws/install/interbotix_ros_xsarms_examples:/home/carson/robotics-xylophone-project/interbotix_ws/install/interbotix_xsarm_moveit_interface:/home/carson/robotics-xylophone-project/interbotix_ws/install/interbotix_moveit_interface:/home/carson/robotics-xylophone-project/interbotix_ws/install/moveit_visual_tools:/home/carson/robotics-xylophone-project/interbotix_ws/install/interbotix_ros_xsarms:/home/carson/robotics-xylophone-project/interbotix_ws/install/interbotix_xsarm_moveit:/home/carson/robotics-xylophone-project/interbotix_ws/install/interbotix_xsarm_sim:/home/carson/robotics-xylophone-project/interbotix_ws/install/interbotix_xsarm_ros_control:/home/carson/robotics-xylophone-project/interbotix_ws/install/interbotix_xsarm_perception:/home/carson/robotics-xylophone-project/interbotix_ws/install/interbotix_xsarm_joy:/home/carson/robotics-xylophone-project/interbotix_ws/install/interbotix_xsarm_control:/home/carson/robotics-xylophone-project/interbotix_ws/install/interbotix_xsarm_descriptions:/home/carson/robotics-xylophone-project/interbotix_ws/install/interbotix_xs_toolbox:/home/carson/robotics-xylophone-project/interbotix_ws/install/interbotix_xs_rviz:/home/carson/robotics-xylophone-project/interbotix_ws/install/interbotix_ros_xseries:/home/carson/robotics-xylophone-project/interbotix_ws/install/interbotix_xs_sdk:/home/carson/robotics-xylophone-project/interbotix_ws/install/interbotix_xs_ros_control:/home/carson/robotics-xylophone-project/interbotix_ws/install/interbotix_xs_modules:/home/carson/robotics-xylophone-project/interbotix_ws/install/interbotix_perception_toolbox:/home/carson/robotics-xylophone-project/interbotix_ws/install/interbotix_perception_modules:/home/carson/robotics-xylophone-project/interbotix_ws/install/interbotix_perception_pipelines:/home/carson/robotics-xylophone-project/interbotix_ws/install/interbotix_xs_msgs:/home/carson/robotics-xylophone-project/interbotix_ws/install/interbotix_xs_driver:/home/carson/robotics-xylophone-project/interbotix_ws/install/interbotix_tf_tools:/home/carson/robotics-xylophone-project/interbotix_ws/install/interbotix_perception_msgs:/home/carson/robotics-xylophone-project/interbotix_ws/install/interbotix_moveit_interface_msgs:/home/carson/robotics-xylophone-project/interbotix_ws/install/interbotix_common_toolbox:/home/carson/robotics-xylophone-project/interbotix_ws/install/interbotix_common_sim:/home/carson/robotics-xylophone-project/interbotix_ws/install/interbotix_common_modules:/home/carson/robotics-xylophone-project/interbotix_ws/install/dynamixel_workbench_toolbox:/home/carson/interbotix_ws/install/interbotix_ros_xsarms_examples:/home/carson/interbotix_ws/install/interbotix_xsarm_moveit_interface:/home/carson/interbotix_ws/install/interbotix_moveit_interface:/home/carson/interbotix_ws/install/moveit_visual_tools:/home/carson/interbotix_ws/install/interbotix_ros_xsarms:/home/carson/interbotix_ws/install/interbotix_xsarm_moveit:/home/carson/interbotix_ws/install/interbotix_xsarm_sim:/home/carson/interbotix_ws/install/interbotix_xsarm_ros_control:/home/carson/interbotix_ws/install/interbotix_xsarm_perception:/home/carson/interbotix_ws/install/interbotix_xsarm_joy:/home/carson/interbotix_ws/install/interbotix_xsarm_control:/home/carson/interbotix_ws/install/interbotix_xsarm_descriptions:/home/carson/interbotix_ws/install/interbotix_xs_toolbox:/home/carson/interbotix_ws/install/interbotix_xs_rviz:/home/carson/interbotix_ws/install/interbotix_ros_xseries:/home/carson/interbotix_ws/install/interbotix_xs_sdk:/home/carson/interbotix_ws/install/interbotix_xs_ros_control:/home/carson/interbotix_ws/install/interbotix_xs_modules:/home/carson/interbotix_ws/install/interbotix_perception_toolbox:/home/carson/interbotix_ws/install/interbotix_perception_modules:/home/carson/interbotix_ws/install/interbotix_perception_pipelines:/home/carson/interbotix_ws/install/interbotix_xs_msgs:/home/carson/interbotix_ws/install/interbotix_xs_driver:/home/carson/interbotix_ws/install/interbotix_tf_tools:/home/carson/interbotix_ws/install/interbotix_perception_msgs:/home/carson/interbotix_ws/install/interbotix_moveit_interface_msgs:/home/carson/interbotix_ws/install/interbotix_common_toolbox:/home/carson/interbotix_ws/install/interbotix_common_sim:/home/carson/interbotix_ws/install/dynamixel_workbench_toolbox:/home/carson/apriltag_ws/install/apriltag_ros:/opt/ros/galactic CMAKE_PREFIX_PATH=/home/carson/interbotix_ws/install/interbotix_xs_msgs:/home/carson/interbotix_ws/install/interbotix_perception_msgs:/home/carson/robotics-xylophone-project/interbotix_ws/install/interbotix_ros_xsarms_examples:/home/carson/robotics-xylophone-project/interbotix_ws/install/interbotix_xsarm_moveit_interface:/home/carson/robotics-xylophone-project/interbotix_ws/install/interbotix_moveit_interface:/home/carson/robotics-xylophone-project/interbotix_ws/install/moveit_visual_tools:/home/carson/robotics-xylophone-project/interbotix_ws/install/interbotix_ros_xsarms:/home/carson/robotics-xylophone-project/interbotix_ws/install/interbotix_xsarm_moveit:/home/carson/robotics-xylophone-project/interbotix_ws/install/interbotix_xsarm_sim:/home/carson/robotics-xylophone-project/interbotix_ws/install/interbotix_xsarm_ros_control:/home/carson/robotics-xylophone-project/interbotix_ws/install/interbotix_xsarm_perception:/home/carson/robotics-xylophone-project/interbotix_ws/install/interbotix_xsarm_joy:/home/carson/robotics-xylophone-project/interbotix_ws/install/interbotix_xsarm_control:/home/carson/robotics-xylophone-project/interbotix_ws/install/interbotix_xsarm_descriptions:/home/carson/robotics-xylophone-project/interbotix_ws/install/interbotix_xs_toolbox:/home/carson/robotics-xylophone-project/interbotix_ws/install/interbotix_xs_rviz:/home/carson/robotics-xylophone-project/interbotix_ws/install/interbotix_ros_xseries:/home/carson/robotics-xylophone-project/interbotix_ws/install/interbotix_xs_sdk:/home/carson/robotics-xylophone-project/interbotix_ws/install/interbotix_xs_ros_control:/home/carson/robotics-xylophone-project/interbotix_ws/install/interbotix_perception_toolbox:/home/carson/robotics-xylophone-project/interbotix_ws/install/interbotix_perception_pipelines:/home/carson/robotics-xylophone-project/interbotix_ws/install/interbotix_xs_msgs:/home/carson/robotics-xylophone-project/interbotix_ws/install/interbotix_xs_driver:/home/carson/robotics-xylophone-project/interbotix_ws/install/interbotix_tf_tools:/home/carson/robotics-xylophone-project/interbotix_ws/install/interbotix_perception_msgs:/home/carson/robotics-xylophone-project/interbotix_ws/install/interbotix_moveit_interface_msgs:/home/carson/robotics-xylophone-project/interbotix_ws/install/interbotix_common_toolbox:/home/carson/robotics-xylophone-project/interbotix_ws/install/interbotix_common_sim:/home/carson/robotics-xylophone-project/interbotix_ws/install/dynamixel_workbench_toolbox:/home/carson/interbotix_ws/install/interbotix_ros_xsarms_examples:/home/carson/interbotix_ws/install/interbotix_xsarm_moveit_interface:/home/carson/interbotix_ws/install/interbotix_moveit_interface:/home/carson/interbotix_ws/install/moveit_visual_tools:/home/carson/interbotix_ws/install/interbotix_ros_xsarms:/home/carson/interbotix_ws/install/interbotix_xsarm_moveit:/home/carson/interbotix_ws/install/interbotix_xsarm_sim:/home/carson/interbotix_ws/install/interbotix_xsarm_ros_control:/home/carson/interbotix_ws/install/interbotix_xsarm_perception:/home/carson/interbotix_ws/install/interbotix_xsarm_joy:/home/carson/interbotix_ws/install/interbotix_xsarm_control:/home/carson/interbotix_ws/install/interbotix_xsarm_descriptions:/home/carson/interbotix_ws/install/interbotix_xs_toolbox:/home/carson/interbotix_ws/install/interbotix_xs_rviz:/home/carson/interbotix_ws/install/interbotix_ros_xseries:/home/carson/interbotix_ws/install/interbotix_xs_sdk:/home/carson/interbotix_ws/install/interbotix_xs_ros_control:/home/carson/interbotix_ws/install/interbotix_perception_toolbox:/home/carson/interbotix_ws/install/interbotix_perception_pipelines:/home/carson/interbotix_ws/install/interbotix_xs_driver:/home/carson/interbotix_ws/install/interbotix_tf_tools:/home/carson/interbotix_ws/install/interbotix_moveit_interface_msgs:/home/carson/interbotix_ws/install/interbotix_common_toolbox:/home/carson/interbotix_ws/install/interbotix_common_sim:/home/carson/interbotix_ws/install/dynamixel_workbench_toolbox:/home/carson/apriltag_ws/install/apriltag_ros:/home/carson/robotics-xylophone-project/interbotix_ws/install/interbotix_xs_modules:/home/carson/robotics-xylophone-project/interbotix_ws/install/interbotix_perception_modules:/home/carson/robotics-xylophone-project/interbotix_ws/install/interbotix_common_modules:/home/carson/interbotix_ws/install/interbotix_xs_modules:/home/carson/interbotix_ws/install/interbotix_perception_modules:/home/carson/interbotix_ws/install/interbotix_common_modules:/opt/ros/galactic LD_LIBRARY_PATH=/home/carson/interbotix_ws/install/interbotix_xs_msgs/lib:/home/carson/interbotix_ws/install/interbotix_perception_msgs/lib:/home/carson/robotics-xylophone-project/interbotix_ws/install/moveit_visual_tools/lib:/home/carson/robotics-xylophone-project/interbotix_ws/install/interbotix_xs_rviz/lib:/home/carson/robotics-xylophone-project/interbotix_ws/install/interbotix_xs_ros_control/lib:/home/carson/robotics-xylophone-project/interbotix_ws/install/interbotix_xs_msgs/lib:/home/carson/robotics-xylophone-project/interbotix_ws/install/interbotix_xs_driver/lib:/home/carson/robotics-xylophone-project/interbotix_ws/install/interbotix_tf_tools/lib:/home/carson/robotics-xylophone-project/interbotix_ws/install/interbotix_perception_msgs/lib:/home/carson/robotics-xylophone-project/interbotix_ws/install/interbotix_moveit_interface_msgs/lib:/home/carson/robotics-xylophone-project/interbotix_ws/install/dynamixel_workbench_toolbox/lib:/home/carson/interbotix_ws/install/moveit_visual_tools/lib:/home/carson/interbotix_ws/install/interbotix_xs_rviz/lib:/home/carson/interbotix_ws/install/interbotix_xs_ros_control/lib:/home/carson/interbotix_ws/install/interbotix_xs_driver/lib:/home/carson/interbotix_ws/install/interbotix_tf_tools/lib:/home/carson/interbotix_ws/install/interbotix_moveit_interface_msgs/lib:/home/carson/interbotix_ws/install/dynamixel_workbench_toolbox/lib:/home/carson/apriltag_ws/install/apriltag_ros/lib:/opt/ros/galactic/opt/yaml_cpp_vendor/lib:/opt/ros/galactic/opt/rviz_ogre_vendor/lib:/opt/ros/galactic/lib/x86_64-linux-gnu:/opt/ros/galactic/lib PYTHONPATH=/home/carson/interbotix_ws/install/interbotix_xs_msgs/lib/python3.8/site-packages:/home/carson/interbotix_ws/install/interbotix_perception_msgs/lib/python3.8/site-packages:/home/carson/interbotix_ws/install/interbotix_common_modules/lib/python3.8/site-packages:/home/carson/robotics-xylophone-project/interbotix_ws/install/interbotix_xs_modules/lib/python3.8/site-packages:/home/carson/robotics-xylophone-project/interbotix_ws/install/interbotix_perception_modules/lib/python3.8/site-packages:/home/carson/robotics-xylophone-project/interbotix_ws/install/interbotix_xs_msgs/lib/python3.8/site-packages:/home/carson/robotics-xylophone-project/interbotix_ws/install/interbotix_perception_msgs/lib/python3.8/site-packages:/home/carson/robotics-xylophone-project/interbotix_ws/install/interbotix_moveit_interface_msgs/lib/python3.8/site-packages:/home/carson/robotics-xylophone-project/interbotix_ws/install/interbotix_common_modules/lib/python3.8/site-packages:/home/carson/interbotix_ws/install/interbotix_xs_modules/lib/python3.8/site-packages:/home/carson/interbotix_ws/install/interbotix_perception_modules/lib/python3.8/site-packages:/home/carson/interbotix_ws/install/interbotix_moveit_interface_msgs/lib/python3.8/site-packages:/home/carson/apriltag_ws/install/apriltag_ros/lib/python3.8/site-packages:/opt/ros/galactic/lib/python3.8/site-packages /usr/bin/cmake --install /home/carson/interbotix_ws/build/interbotix_perception_pipelines
