/home/carson/interbotix_ws/install/interbotix_xs_modules/lib/python3.8/site-packages/interbotix_xs_modules/__init__.py
/home/carson/interbotix_ws/install/interbotix_xs_modules/lib/python3.8/site-packages/interbotix_xs_modules/xs_launch/xs_launch.py
/home/carson/interbotix_ws/install/interbotix_xs_modules/lib/python3.8/site-packages/interbotix_xs_modules/xs_launch/__init__.py
/home/carson/interbotix_ws/install/interbotix_xs_modules/lib/python3.8/site-packages/interbotix_xs_modules/xs_robot/create3.py
/home/carson/interbotix_ws/install/interbotix_xs_modules/lib/python3.8/site-packages/interbotix_xs_modules/xs_robot/mr_descriptions.py
/home/carson/interbotix_ws/install/interbotix_xs_modules/lib/python3.8/site-packages/interbotix_xs_modules/xs_robot/turret.py
/home/carson/interbotix_ws/install/interbotix_xs_modules/lib/python3.8/site-packages/interbotix_xs_modules/xs_robot/core.py
/home/carson/interbotix_ws/install/interbotix_xs_modules/lib/python3.8/site-packages/interbotix_xs_modules/xs_robot/locobot.py
/home/carson/interbotix_ws/install/interbotix_xs_modules/lib/python3.8/site-packages/interbotix_xs_modules/xs_robot/gripper.py
/home/carson/interbotix_ws/install/interbotix_xs_modules/lib/python3.8/site-packages/interbotix_xs_modules/xs_robot/hexapod.py
/home/carson/interbotix_ws/install/interbotix_xs_modules/lib/python3.8/site-packages/interbotix_xs_modules/xs_robot/mobile_base.py
/home/carson/interbotix_ws/install/interbotix_xs_modules/lib/python3.8/site-packages/interbotix_xs_modules/xs_robot/arm.py
/home/carson/interbotix_ws/install/interbotix_xs_modules/lib/python3.8/site-packages/interbotix_xs_modules/xs_robot/__init__.py
/home/carson/interbotix_ws/install/interbotix_xs_modules/lib/python3.8/site-packages/interbotix_xs_modules/xs_robot/kobuki.py
/home/carson/interbotix_ws/install/interbotix_xs_modules/lib/python3.8/site-packages/interbotix_xs_modules/xs_common/xs_common.py
/home/carson/interbotix_ws/install/interbotix_xs_modules/lib/python3.8/site-packages/interbotix_xs_modules/xs_common/__init__.py
/home/carson/interbotix_ws/install/interbotix_xs_modules/lib/python3.8/site-packages/interbotix_xs_modules/__pycache__/__init__.cpython-38.pyc
/home/carson/interbotix_ws/install/interbotix_xs_modules/lib/python3.8/site-packages/interbotix_xs_modules/xs_launch/__pycache__/xs_launch.cpython-38.pyc
/home/carson/interbotix_ws/install/interbotix_xs_modules/lib/python3.8/site-packages/interbotix_xs_modules/xs_launch/__pycache__/__init__.cpython-38.pyc
/home/carson/interbotix_ws/install/interbotix_xs_modules/lib/python3.8/site-packages/interbotix_xs_modules/xs_robot/__pycache__/create3.cpython-38.pyc
/home/carson/interbotix_ws/install/interbotix_xs_modules/lib/python3.8/site-packages/interbotix_xs_modules/xs_robot/__pycache__/mr_descriptions.cpython-38.pyc
/home/carson/interbotix_ws/install/interbotix_xs_modules/lib/python3.8/site-packages/interbotix_xs_modules/xs_robot/__pycache__/turret.cpython-38.pyc
/home/carson/interbotix_ws/install/interbotix_xs_modules/lib/python3.8/site-packages/interbotix_xs_modules/xs_robot/__pycache__/core.cpython-38.pyc
/home/carson/interbotix_ws/install/interbotix_xs_modules/lib/python3.8/site-packages/interbotix_xs_modules/xs_robot/__pycache__/locobot.cpython-38.pyc
/home/carson/interbotix_ws/install/interbotix_xs_modules/lib/python3.8/site-packages/interbotix_xs_modules/xs_robot/__pycache__/gripper.cpython-38.pyc
/home/carson/interbotix_ws/install/interbotix_xs_modules/lib/python3.8/site-packages/interbotix_xs_modules/xs_robot/__pycache__/hexapod.cpython-38.pyc
/home/carson/interbotix_ws/install/interbotix_xs_modules/lib/python3.8/site-packages/interbotix_xs_modules/xs_robot/__pycache__/mobile_base.cpython-38.pyc
/home/carson/interbotix_ws/install/interbotix_xs_modules/lib/python3.8/site-packages/interbotix_xs_modules/xs_robot/__pycache__/arm.cpython-38.pyc
/home/carson/interbotix_ws/install/interbotix_xs_modules/lib/python3.8/site-packages/interbotix_xs_modules/xs_robot/__pycache__/__init__.cpython-38.pyc
/home/carson/interbotix_ws/install/interbotix_xs_modules/lib/python3.8/site-packages/interbotix_xs_modules/xs_robot/__pycache__/kobuki.cpython-38.pyc
/home/carson/interbotix_ws/install/interbotix_xs_modules/lib/python3.8/site-packages/interbotix_xs_modules/xs_common/__pycache__/xs_common.cpython-38.pyc
/home/carson/interbotix_ws/install/interbotix_xs_modules/lib/python3.8/site-packages/interbotix_xs_modules/xs_common/__pycache__/__init__.cpython-38.pyc
/home/carson/interbotix_ws/install/interbotix_xs_modules/share/ament_index/resource_index/packages/interbotix_xs_modules
/home/carson/interbotix_ws/install/interbotix_xs_modules/share/interbotix_xs_modules/package.xml
/home/carson/interbotix_ws/install/interbotix_xs_modules/lib/python3.8/site-packages/interbotix_xs_modules-0.0.0-py3.8.egg-info/top_level.txt
/home/carson/interbotix_ws/install/interbotix_xs_modules/lib/python3.8/site-packages/interbotix_xs_modules-0.0.0-py3.8.egg-info/dependency_links.txt
/home/carson/interbotix_ws/install/interbotix_xs_modules/lib/python3.8/site-packages/interbotix_xs_modules-0.0.0-py3.8.egg-info/entry_points.txt
/home/carson/interbotix_ws/install/interbotix_xs_modules/lib/python3.8/site-packages/interbotix_xs_modules-0.0.0-py3.8.egg-info/SOURCES.txt
/home/carson/interbotix_ws/install/interbotix_xs_modules/lib/python3.8/site-packages/interbotix_xs_modules-0.0.0-py3.8.egg-info/requires.txt
/home/carson/interbotix_ws/install/interbotix_xs_modules/lib/python3.8/site-packages/interbotix_xs_modules-0.0.0-py3.8.egg-info/PKG-INFO
/home/carson/interbotix_ws/install/interbotix_xs_modules/lib/python3.8/site-packages/interbotix_xs_modules-0.0.0-py3.8.egg-info/zip-safe
