/home/carson/interbotix_ws/install/interbotix_common_modules/lib/python3.8/site-packages/interbotix_common_modules/__init__.py
/home/carson/interbotix_ws/install/interbotix_common_modules/lib/python3.8/site-packages/interbotix_common_modules/py_common/params.py
/home/carson/interbotix_ws/install/interbotix_common_modules/lib/python3.8/site-packages/interbotix_common_modules/py_common/__init__.py
/home/carson/interbotix_ws/install/interbotix_common_modules/lib/python3.8/site-packages/interbotix_common_modules/launch/and_condition.py
/home/carson/interbotix_ws/install/interbotix_common_modules/lib/python3.8/site-packages/interbotix_common_modules/launch/or_condition.py
/home/carson/interbotix_ws/install/interbotix_common_modules/lib/python3.8/site-packages/interbotix_common_modules/launch/__init__.py
/home/carson/interbotix_ws/install/interbotix_common_modules/lib/python3.8/site-packages/interbotix_common_modules/angle_manipulation/__init__.py
/home/carson/interbotix_ws/install/interbotix_common_modules/lib/python3.8/site-packages/interbotix_common_modules/angle_manipulation/angle_manipulation.py
/home/carson/interbotix_ws/install/interbotix_common_modules/lib/python3.8/site-packages/interbotix_common_modules/__pycache__/__init__.cpython-38.pyc
/home/carson/interbotix_ws/install/interbotix_common_modules/lib/python3.8/site-packages/interbotix_common_modules/py_common/__pycache__/params.cpython-38.pyc
/home/carson/interbotix_ws/install/interbotix_common_modules/lib/python3.8/site-packages/interbotix_common_modules/py_common/__pycache__/__init__.cpython-38.pyc
/home/carson/interbotix_ws/install/interbotix_common_modules/lib/python3.8/site-packages/interbotix_common_modules/launch/__pycache__/and_condition.cpython-38.pyc
/home/carson/interbotix_ws/install/interbotix_common_modules/lib/python3.8/site-packages/interbotix_common_modules/launch/__pycache__/or_condition.cpython-38.pyc
/home/carson/interbotix_ws/install/interbotix_common_modules/lib/python3.8/site-packages/interbotix_common_modules/launch/__pycache__/__init__.cpython-38.pyc
/home/carson/interbotix_ws/install/interbotix_common_modules/lib/python3.8/site-packages/interbotix_common_modules/angle_manipulation/__pycache__/__init__.cpython-38.pyc
/home/carson/interbotix_ws/install/interbotix_common_modules/lib/python3.8/site-packages/interbotix_common_modules/angle_manipulation/__pycache__/angle_manipulation.cpython-38.pyc
/home/carson/interbotix_ws/install/interbotix_common_modules/share/ament_index/resource_index/packages/interbotix_common_modules
/home/carson/interbotix_ws/install/interbotix_common_modules/share/interbotix_common_modules/package.xml
/home/carson/interbotix_ws/install/interbotix_common_modules/lib/python3.8/site-packages/interbotix_common_modules-0.0.0-py3.8.egg-info/top_level.txt
/home/carson/interbotix_ws/install/interbotix_common_modules/lib/python3.8/site-packages/interbotix_common_modules-0.0.0-py3.8.egg-info/dependency_links.txt
/home/carson/interbotix_ws/install/interbotix_common_modules/lib/python3.8/site-packages/interbotix_common_modules-0.0.0-py3.8.egg-info/entry_points.txt
/home/carson/interbotix_ws/install/interbotix_common_modules/lib/python3.8/site-packages/interbotix_common_modules-0.0.0-py3.8.egg-info/SOURCES.txt
/home/carson/interbotix_ws/install/interbotix_common_modules/lib/python3.8/site-packages/interbotix_common_modules-0.0.0-py3.8.egg-info/requires.txt
/home/carson/interbotix_ws/install/interbotix_common_modules/lib/python3.8/site-packages/interbotix_common_modules-0.0.0-py3.8.egg-info/PKG-INFO
/home/carson/interbotix_ws/install/interbotix_common_modules/lib/python3.8/site-packages/interbotix_common_modules-0.0.0-py3.8.egg-info/zip-safe
