-- The C compiler identification is GNU 9.4.0
-- The CXX compiler identification is GNU 9.4.0
-- Check for working C compiler: /usr/bin/cc
-- Check for working C compiler: /usr/bin/cc -- works
-- Detecting C compiler ABI info
-- Detecting C compiler ABI info - done
-- Detecting C compile features
-- Detecting C compile features - done
-- Check for working CXX compiler: /usr/bin/c++
-- Check for working CXX compiler: /usr/bin/c++ -- works
-- Detecting CXX compiler ABI info
-- Detecting CXX compiler ABI info - done
-- Detecting CXX compile features
-- Detecting CXX compile features - done
-- Found ament_cmake: 1.1.6 (/opt/ros/galactic/share/ament_cmake/cmake)
-- Found PythonInterp: /usr/bin/python3 (found suitable version "3.8.10", minimum required is "3") 
-- Using PYTHON_EXECUTABLE: /usr/bin/python3
-- Found robot_state_publisher: 2.5.3 (/opt/ros/galactic/share/robot_state_publisher/cmake)
-- Using all available rosidl_typesupport_c: rosidl_typesupport_fastrtps_c;rosidl_typesupport_introspection_c
-- Found rosidl_adapter: 2.2.3 (/opt/ros/galactic/share/rosidl_adapter/cmake)
-- Found OpenSSL: /usr/lib/x86_64-linux-gnu/libcrypto.so (found version "1.1.1f")  
-- Found FastRTPS: /opt/ros/galactic/include  
-- Using all available rosidl_typesupport_cpp: rosidl_typesupport_fastrtps_cpp;rosidl_typesupport_introspection_cpp
-- Found eigen3_cmake_module: 0.1.1 (/opt/ros/galactic/share/eigen3_cmake_module/cmake)
-- Found Eigen3: TRUE (found version "3.3.7") 
-- Found rmw_implementation_cmake: 3.3.1 (/opt/ros/galactic/share/rmw_implementation_cmake/cmake)
-- Found rmw_cyclonedds_cpp: 0.22.6 (/opt/ros/galactic/share/rmw_cyclonedds_cpp/cmake)
-- Using RMW implementation 'rmw_cyclonedds_cpp' as default
-- Looking for pthread.h
-- Looking for pthread.h - found
-- Performing Test CMAKE_HAVE_LIBC_PTHREAD
-- Performing Test CMAKE_HAVE_LIBC_PTHREAD - Failed
-- Looking for pthread_create in pthreads
-- Looking for pthread_create in pthreads - not found
-- Looking for pthread_create in pthread
-- Looking for pthread_create in pthread - found
-- Found Threads: TRUE  
-- Found rviz2: 8.5.2 (/opt/ros/galactic/share/rviz2/cmake)
-- Found xacro: 2.0.7 (/opt/ros/galactic/share/xacro/cmake)
-- Found ament_lint_auto: 0.10.7 (/opt/ros/galactic/share/ament_lint_auto/cmake)
-- Added test 'copyright' to check source files copyright and LICENSE
-- Added test 'flake8' to check Python code syntax and style conventions
-- Added test 'lint_cmake' to check CMake code style
-- Added test 'pep257' to check Python code against some of the style conventions in PEP 257
-- Added test 'xmllint' to check XML markup files
-- Configuring done
-- Generating done
-- Build files have been written to: /home/carson/interbotix_ws/build/interbotix_xsarm_descriptions
-- Install configuration: ""
-- Installing: /home/carson/interbotix_ws/install/interbotix_xsarm_descriptions/share/interbotix_xsarm_descriptions//urdf
-- Installing: /home/carson/interbotix_ws/install/interbotix_xsarm_descriptions/share/interbotix_xsarm_descriptions//urdf/vx300.urdf.xacro
-- Installing: /home/carson/interbotix_ws/install/interbotix_xsarm_descriptions/share/interbotix_xsarm_descriptions//urdf/px150.urdf.xacro
-- Installing: /home/carson/interbotix_ws/install/interbotix_xsarm_descriptions/share/interbotix_xsarm_descriptions//urdf/control.urdf.xacro
-- Installing: /home/carson/interbotix_ws/install/interbotix_xsarm_descriptions/share/interbotix_xsarm_descriptions//urdf/wx250s.urdf.xacro
-- Installing: /home/carson/interbotix_ws/install/interbotix_xsarm_descriptions/share/interbotix_xsarm_descriptions//urdf/mobile_px100.urdf.xacro
-- Installing: /home/carson/interbotix_ws/install/interbotix_xsarm_descriptions/share/interbotix_xsarm_descriptions//urdf/mobile_wx250s.urdf.xacro
-- Installing: /home/carson/interbotix_ws/install/interbotix_xsarm_descriptions/share/interbotix_xsarm_descriptions//urdf/mobile_wx200.urdf.xacro
-- Installing: /home/carson/interbotix_ws/install/interbotix_xsarm_descriptions/share/interbotix_xsarm_descriptions//urdf/ar_tag.urdf.xacro
-- Installing: /home/carson/interbotix_ws/install/interbotix_xsarm_descriptions/share/interbotix_xsarm_descriptions//urdf/wx250.urdf.xacro
-- Installing: /home/carson/interbotix_ws/install/interbotix_xsarm_descriptions/share/interbotix_xsarm_descriptions//urdf/rx150.urdf.xacro
-- Installing: /home/carson/interbotix_ws/install/interbotix_xsarm_descriptions/share/interbotix_xsarm_descriptions//urdf/wx200.urdf.xacro
-- Installing: /home/carson/interbotix_ws/install/interbotix_xsarm_descriptions/share/interbotix_xsarm_descriptions//urdf/rx200.urdf.xacro
-- Installing: /home/carson/interbotix_ws/install/interbotix_xsarm_descriptions/share/interbotix_xsarm_descriptions//urdf/vx300s.urdf.xacro
-- Installing: /home/carson/interbotix_ws/install/interbotix_xsarm_descriptions/share/interbotix_xsarm_descriptions//urdf/vx250.urdf.xacro
-- Installing: /home/carson/interbotix_ws/install/interbotix_xsarm_descriptions/share/interbotix_xsarm_descriptions//urdf/gazebo_configs.urdf.xacro
-- Installing: /home/carson/interbotix_ws/install/interbotix_xsarm_descriptions/share/interbotix_xsarm_descriptions//urdf/px100.urdf.xacro
-- Installing: /home/carson/interbotix_ws/install/interbotix_xsarm_descriptions/share/interbotix_xsarm_descriptions//launch
-- Installing: /home/carson/interbotix_ws/install/interbotix_xsarm_descriptions/share/interbotix_xsarm_descriptions//launch/remote_view.launch.py
-- Installing: /home/carson/interbotix_ws/install/interbotix_xsarm_descriptions/share/interbotix_xsarm_descriptions//launch/xsarm_description.launch.py
-- Installing: /home/carson/interbotix_ws/install/interbotix_xsarm_descriptions/share/interbotix_xsarm_descriptions//meshes
-- Installing: /home/carson/interbotix_ws/install/interbotix_xsarm_descriptions/share/interbotix_xsarm_descriptions//meshes/mobile_wx200_meshes
-- Installing: /home/carson/interbotix_ws/install/interbotix_xsarm_descriptions/share/interbotix_xsarm_descriptions//meshes/mobile_wx200_meshes/upper_arm.stl
-- Installing: /home/carson/interbotix_ws/install/interbotix_xsarm_descriptions/share/interbotix_xsarm_descriptions//meshes/mobile_wx200_meshes/wrist.stl
-- Installing: /home/carson/interbotix_ws/install/interbotix_xsarm_descriptions/share/interbotix_xsarm_descriptions//meshes/mobile_wx200_meshes/gripper.stl
-- Installing: /home/carson/interbotix_ws/install/interbotix_xsarm_descriptions/share/interbotix_xsarm_descriptions//meshes/mobile_wx200_meshes/gripper_finger.stl
-- Installing: /home/carson/interbotix_ws/install/interbotix_xsarm_descriptions/share/interbotix_xsarm_descriptions//meshes/mobile_wx200_meshes/base.stl
-- Installing: /home/carson/interbotix_ws/install/interbotix_xsarm_descriptions/share/interbotix_xsarm_descriptions//meshes/mobile_wx200_meshes/forearm.stl
-- Installing: /home/carson/interbotix_ws/install/interbotix_xsarm_descriptions/share/interbotix_xsarm_descriptions//meshes/mobile_wx200_meshes/shoulder.stl
-- Installing: /home/carson/interbotix_ws/install/interbotix_xsarm_descriptions/share/interbotix_xsarm_descriptions//meshes/mobile_wx200_meshes/gripper_bar.stl
-- Installing: /home/carson/interbotix_ws/install/interbotix_xsarm_descriptions/share/interbotix_xsarm_descriptions//meshes/mobile_wx200_meshes/gripper_prop.stl
-- Installing: /home/carson/interbotix_ws/install/interbotix_xsarm_descriptions/share/interbotix_xsarm_descriptions//meshes/wx200_meshes
-- Installing: /home/carson/interbotix_ws/install/interbotix_xsarm_descriptions/share/interbotix_xsarm_descriptions//meshes/wx200_meshes/upper_arm.stl
-- Installing: /home/carson/interbotix_ws/install/interbotix_xsarm_descriptions/share/interbotix_xsarm_descriptions//meshes/wx200_meshes/wrist.stl
-- Installing: /home/carson/interbotix_ws/install/interbotix_xsarm_descriptions/share/interbotix_xsarm_descriptions//meshes/wx200_meshes/gripper.stl
-- Installing: /home/carson/interbotix_ws/install/interbotix_xsarm_descriptions/share/interbotix_xsarm_descriptions//meshes/wx200_meshes/gripper_finger.stl
-- Installing: /home/carson/interbotix_ws/install/interbotix_xsarm_descriptions/share/interbotix_xsarm_descriptions//meshes/wx200_meshes/base.stl
-- Installing: /home/carson/interbotix_ws/install/interbotix_xsarm_descriptions/share/interbotix_xsarm_descriptions//meshes/wx200_meshes/forearm.stl
-- Installing: /home/carson/interbotix_ws/install/interbotix_xsarm_descriptions/share/interbotix_xsarm_descriptions//meshes/wx200_meshes/shoulder.stl
-- Installing: /home/carson/interbotix_ws/install/interbotix_xsarm_descriptions/share/interbotix_xsarm_descriptions//meshes/wx200_meshes/gripper_bar.stl
-- Installing: /home/carson/interbotix_ws/install/interbotix_xsarm_descriptions/share/interbotix_xsarm_descriptions//meshes/wx200_meshes/gripper_prop.stl
-- Installing: /home/carson/interbotix_ws/install/interbotix_xsarm_descriptions/share/interbotix_xsarm_descriptions//meshes/vx250_meshes
-- Installing: /home/carson/interbotix_ws/install/interbotix_xsarm_descriptions/share/interbotix_xsarm_descriptions//meshes/vx250_meshes/upper_arm.stl
-- Installing: /home/carson/interbotix_ws/install/interbotix_xsarm_descriptions/share/interbotix_xsarm_descriptions//meshes/vx250_meshes/wrist.stl
-- Installing: /home/carson/interbotix_ws/install/interbotix_xsarm_descriptions/share/interbotix_xsarm_descriptions//meshes/vx250_meshes/gripper.stl
-- Installing: /home/carson/interbotix_ws/install/interbotix_xsarm_descriptions/share/interbotix_xsarm_descriptions//meshes/vx250_meshes/gripper_finger.stl
-- Installing: /home/carson/interbotix_ws/install/interbotix_xsarm_descriptions/share/interbotix_xsarm_descriptions//meshes/vx250_meshes/base.stl
-- Installing: /home/carson/interbotix_ws/install/interbotix_xsarm_descriptions/share/interbotix_xsarm_descriptions//meshes/vx250_meshes/forearm.stl
-- Installing: /home/carson/interbotix_ws/install/interbotix_xsarm_descriptions/share/interbotix_xsarm_descriptions//meshes/vx250_meshes/shoulder.stl
-- Installing: /home/carson/interbotix_ws/install/interbotix_xsarm_descriptions/share/interbotix_xsarm_descriptions//meshes/vx250_meshes/gripper_bar.stl
-- Installing: /home/carson/interbotix_ws/install/interbotix_xsarm_descriptions/share/interbotix_xsarm_descriptions//meshes/vx250_meshes/gripper_prop.stl
-- Installing: /home/carson/interbotix_ws/install/interbotix_xsarm_descriptions/share/interbotix_xsarm_descriptions//meshes/vx300_meshes
-- Installing: /home/carson/interbotix_ws/install/interbotix_xsarm_descriptions/share/interbotix_xsarm_descriptions//meshes/vx300_meshes/upper_arm.stl
-- Installing: /home/carson/interbotix_ws/install/interbotix_xsarm_descriptions/share/interbotix_xsarm_descriptions//meshes/vx300_meshes/wrist.stl
-- Installing: /home/carson/interbotix_ws/install/interbotix_xsarm_descriptions/share/interbotix_xsarm_descriptions//meshes/vx300_meshes/gripper.stl
-- Installing: /home/carson/interbotix_ws/install/interbotix_xsarm_descriptions/share/interbotix_xsarm_descriptions//meshes/vx300_meshes/gripper_finger.stl
-- Installing: /home/carson/interbotix_ws/install/interbotix_xsarm_descriptions/share/interbotix_xsarm_descriptions//meshes/vx300_meshes/base.stl
-- Installing: /home/carson/interbotix_ws/install/interbotix_xsarm_descriptions/share/interbotix_xsarm_descriptions//meshes/vx300_meshes/forearm.stl
-- Installing: /home/carson/interbotix_ws/install/interbotix_xsarm_descriptions/share/interbotix_xsarm_descriptions//meshes/vx300_meshes/shoulder.stl
-- Installing: /home/carson/interbotix_ws/install/interbotix_xsarm_descriptions/share/interbotix_xsarm_descriptions//meshes/vx300_meshes/gripper_bar.stl
-- Installing: /home/carson/interbotix_ws/install/interbotix_xsarm_descriptions/share/interbotix_xsarm_descriptions//meshes/vx300_meshes/gripper_prop.stl
-- Installing: /home/carson/interbotix_ws/install/interbotix_xsarm_descriptions/share/interbotix_xsarm_descriptions//meshes/mobile_px100_meshes
-- Installing: /home/carson/interbotix_ws/install/interbotix_xsarm_descriptions/share/interbotix_xsarm_descriptions//meshes/mobile_px100_meshes/upper_arm.stl
-- Installing: /home/carson/interbotix_ws/install/interbotix_xsarm_descriptions/share/interbotix_xsarm_descriptions//meshes/mobile_px100_meshes/gripper.stl
-- Installing: /home/carson/interbotix_ws/install/interbotix_xsarm_descriptions/share/interbotix_xsarm_descriptions//meshes/mobile_px100_meshes/gripper_finger.stl
-- Installing: /home/carson/interbotix_ws/install/interbotix_xsarm_descriptions/share/interbotix_xsarm_descriptions//meshes/mobile_px100_meshes/base.stl
-- Installing: /home/carson/interbotix_ws/install/interbotix_xsarm_descriptions/share/interbotix_xsarm_descriptions//meshes/mobile_px100_meshes/forearm.stl
-- Installing: /home/carson/interbotix_ws/install/interbotix_xsarm_descriptions/share/interbotix_xsarm_descriptions//meshes/mobile_px100_meshes/shoulder.stl
-- Installing: /home/carson/interbotix_ws/install/interbotix_xsarm_descriptions/share/interbotix_xsarm_descriptions//meshes/mobile_px100_meshes/gripper_bar.stl
-- Installing: /home/carson/interbotix_ws/install/interbotix_xsarm_descriptions/share/interbotix_xsarm_descriptions//meshes/mobile_px100_meshes/gripper_prop.stl
-- Installing: /home/carson/interbotix_ws/install/interbotix_xsarm_descriptions/share/interbotix_xsarm_descriptions//meshes/vx300s_meshes
-- Installing: /home/carson/interbotix_ws/install/interbotix_xsarm_descriptions/share/interbotix_xsarm_descriptions//meshes/vx300s_meshes/upper_arm.stl
-- Installing: /home/carson/interbotix_ws/install/interbotix_xsarm_descriptions/share/interbotix_xsarm_descriptions//meshes/vx300s_meshes/wrist.stl
-- Installing: /home/carson/interbotix_ws/install/interbotix_xsarm_descriptions/share/interbotix_xsarm_descriptions//meshes/vx300s_meshes/gripper.stl
-- Installing: /home/carson/interbotix_ws/install/interbotix_xsarm_descriptions/share/interbotix_xsarm_descriptions//meshes/vx300s_meshes/lower_forearm.stl
-- Installing: /home/carson/interbotix_ws/install/interbotix_xsarm_descriptions/share/interbotix_xsarm_descriptions//meshes/vx300s_meshes/gripper_finger.stl
-- Installing: /home/carson/interbotix_ws/install/interbotix_xsarm_descriptions/share/interbotix_xsarm_descriptions//meshes/vx300s_meshes/base.stl
-- Installing: /home/carson/interbotix_ws/install/interbotix_xsarm_descriptions/share/interbotix_xsarm_descriptions//meshes/vx300s_meshes/upper_forearm.stl
-- Installing: /home/carson/interbotix_ws/install/interbotix_xsarm_descriptions/share/interbotix_xsarm_descriptions//meshes/vx300s_meshes/shoulder.stl
-- Installing: /home/carson/interbotix_ws/install/interbotix_xsarm_descriptions/share/interbotix_xsarm_descriptions//meshes/vx300s_meshes/gripper_bar.stl
-- Installing: /home/carson/interbotix_ws/install/interbotix_xsarm_descriptions/share/interbotix_xsarm_descriptions//meshes/vx300s_meshes/gripper_prop.stl
-- Installing: /home/carson/interbotix_ws/install/interbotix_xsarm_descriptions/share/interbotix_xsarm_descriptions//meshes/px100_meshes
-- Installing: /home/carson/interbotix_ws/install/interbotix_xsarm_descriptions/share/interbotix_xsarm_descriptions//meshes/px100_meshes/upper_arm.stl
-- Installing: /home/carson/interbotix_ws/install/interbotix_xsarm_descriptions/share/interbotix_xsarm_descriptions//meshes/px100_meshes/gripper.stl
-- Installing: /home/carson/interbotix_ws/install/interbotix_xsarm_descriptions/share/interbotix_xsarm_descriptions//meshes/px100_meshes/gripper_finger.stl
-- Installing: /home/carson/interbotix_ws/install/interbotix_xsarm_descriptions/share/interbotix_xsarm_descriptions//meshes/px100_meshes/base.stl
-- Installing: /home/carson/interbotix_ws/install/interbotix_xsarm_descriptions/share/interbotix_xsarm_descriptions//meshes/px100_meshes/forearm.stl
-- Installing: /home/carson/interbotix_ws/install/interbotix_xsarm_descriptions/share/interbotix_xsarm_descriptions//meshes/px100_meshes/shoulder.stl
-- Installing: /home/carson/interbotix_ws/install/interbotix_xsarm_descriptions/share/interbotix_xsarm_descriptions//meshes/px100_meshes/gripper_bar.stl
-- Installing: /home/carson/interbotix_ws/install/interbotix_xsarm_descriptions/share/interbotix_xsarm_descriptions//meshes/px100_meshes/gripper_prop.stl
-- Installing: /home/carson/interbotix_ws/install/interbotix_xsarm_descriptions/share/interbotix_xsarm_descriptions//meshes/wx250_meshes
-- Installing: /home/carson/interbotix_ws/install/interbotix_xsarm_descriptions/share/interbotix_xsarm_descriptions//meshes/wx250_meshes/upper_arm.stl
-- Installing: /home/carson/interbotix_ws/install/interbotix_xsarm_descriptions/share/interbotix_xsarm_descriptions//meshes/wx250_meshes/wrist.stl
-- Installing: /home/carson/interbotix_ws/install/interbotix_xsarm_descriptions/share/interbotix_xsarm_descriptions//meshes/wx250_meshes/gripper.stl
-- Installing: /home/carson/interbotix_ws/install/interbotix_xsarm_descriptions/share/interbotix_xsarm_descriptions//meshes/wx250_meshes/gripper_finger.stl
-- Installing: /home/carson/interbotix_ws/install/interbotix_xsarm_descriptions/share/interbotix_xsarm_descriptions//meshes/wx250_meshes/base.stl
-- Installing: /home/carson/interbotix_ws/install/interbotix_xsarm_descriptions/share/interbotix_xsarm_descriptions//meshes/wx250_meshes/forearm.stl
-- Installing: /home/carson/interbotix_ws/install/interbotix_xsarm_descriptions/share/interbotix_xsarm_descriptions//meshes/wx250_meshes/shoulder.stl
-- Installing: /home/carson/interbotix_ws/install/interbotix_xsarm_descriptions/share/interbotix_xsarm_descriptions//meshes/wx250_meshes/gripper_bar.stl
-- Installing: /home/carson/interbotix_ws/install/interbotix_xsarm_descriptions/share/interbotix_xsarm_descriptions//meshes/wx250_meshes/gripper_prop.stl
-- Installing: /home/carson/interbotix_ws/install/interbotix_xsarm_descriptions/share/interbotix_xsarm_descriptions//meshes/interbotix_black.png
-- Installing: /home/carson/interbotix_ws/install/interbotix_xsarm_descriptions/share/interbotix_xsarm_descriptions//meshes/rx150_meshes
-- Installing: /home/carson/interbotix_ws/install/interbotix_xsarm_descriptions/share/interbotix_xsarm_descriptions//meshes/rx150_meshes/upper_arm.stl
-- Installing: /home/carson/interbotix_ws/install/interbotix_xsarm_descriptions/share/interbotix_xsarm_descriptions//meshes/rx150_meshes/wrist.stl
-- Installing: /home/carson/interbotix_ws/install/interbotix_xsarm_descriptions/share/interbotix_xsarm_descriptions//meshes/rx150_meshes/gripper.stl
-- Installing: /home/carson/interbotix_ws/install/interbotix_xsarm_descriptions/share/interbotix_xsarm_descriptions//meshes/rx150_meshes/gripper_finger.stl
-- Installing: /home/carson/interbotix_ws/install/interbotix_xsarm_descriptions/share/interbotix_xsarm_descriptions//meshes/rx150_meshes/base.stl
-- Installing: /home/carson/interbotix_ws/install/interbotix_xsarm_descriptions/share/interbotix_xsarm_descriptions//meshes/rx150_meshes/forearm.stl
-- Installing: /home/carson/interbotix_ws/install/interbotix_xsarm_descriptions/share/interbotix_xsarm_descriptions//meshes/rx150_meshes/shoulder.stl
-- Installing: /home/carson/interbotix_ws/install/interbotix_xsarm_descriptions/share/interbotix_xsarm_descriptions//meshes/rx150_meshes/gripper_bar.stl
-- Installing: /home/carson/interbotix_ws/install/interbotix_xsarm_descriptions/share/interbotix_xsarm_descriptions//meshes/rx150_meshes/gripper_prop.stl
-- Installing: /home/carson/interbotix_ws/install/interbotix_xsarm_descriptions/share/interbotix_xsarm_descriptions//meshes/wx250s_meshes
-- Installing: /home/carson/interbotix_ws/install/interbotix_xsarm_descriptions/share/interbotix_xsarm_descriptions//meshes/wx250s_meshes/upper_arm.stl
-- Installing: /home/carson/interbotix_ws/install/interbotix_xsarm_descriptions/share/interbotix_xsarm_descriptions//meshes/wx250s_meshes/wrist.stl
-- Installing: /home/carson/interbotix_ws/install/interbotix_xsarm_descriptions/share/interbotix_xsarm_descriptions//meshes/wx250s_meshes/gripper.stl
-- Installing: /home/carson/interbotix_ws/install/interbotix_xsarm_descriptions/share/interbotix_xsarm_descriptions//meshes/wx250s_meshes/lower_forearm.stl
-- Installing: /home/carson/interbotix_ws/install/interbotix_xsarm_descriptions/share/interbotix_xsarm_descriptions//meshes/wx250s_meshes/gripper_finger.stl
-- Installing: /home/carson/interbotix_ws/install/interbotix_xsarm_descriptions/share/interbotix_xsarm_descriptions//meshes/wx250s_meshes/base.stl
-- Installing: /home/carson/interbotix_ws/install/interbotix_xsarm_descriptions/share/interbotix_xsarm_descriptions//meshes/wx250s_meshes/upper_forearm.stl
-- Installing: /home/carson/interbotix_ws/install/interbotix_xsarm_descriptions/share/interbotix_xsarm_descriptions//meshes/wx250s_meshes/shoulder.stl
-- Installing: /home/carson/interbotix_ws/install/interbotix_xsarm_descriptions/share/interbotix_xsarm_descriptions//meshes/wx250s_meshes/gripper_bar.stl
-- Installing: /home/carson/interbotix_ws/install/interbotix_xsarm_descriptions/share/interbotix_xsarm_descriptions//meshes/wx250s_meshes/gripper_prop.stl
-- Installing: /home/carson/interbotix_ws/install/interbotix_xsarm_descriptions/share/interbotix_xsarm_descriptions//meshes/px150_meshes
-- Installing: /home/carson/interbotix_ws/install/interbotix_xsarm_descriptions/share/interbotix_xsarm_descriptions//meshes/px150_meshes/upper_arm.stl
-- Installing: /home/carson/interbotix_ws/install/interbotix_xsarm_descriptions/share/interbotix_xsarm_descriptions//meshes/px150_meshes/wrist.stl
-- Installing: /home/carson/interbotix_ws/install/interbotix_xsarm_descriptions/share/interbotix_xsarm_descriptions//meshes/px150_meshes/gripper.stl
-- Installing: /home/carson/interbotix_ws/install/interbotix_xsarm_descriptions/share/interbotix_xsarm_descriptions//meshes/px150_meshes/gripper_finger.stl
-- Installing: /home/carson/interbotix_ws/install/interbotix_xsarm_descriptions/share/interbotix_xsarm_descriptions//meshes/px150_meshes/base.stl
-- Installing: /home/carson/interbotix_ws/install/interbotix_xsarm_descriptions/share/interbotix_xsarm_descriptions//meshes/px150_meshes/forearm.stl
-- Installing: /home/carson/interbotix_ws/install/interbotix_xsarm_descriptions/share/interbotix_xsarm_descriptions//meshes/px150_meshes/shoulder.stl
-- Installing: /home/carson/interbotix_ws/install/interbotix_xsarm_descriptions/share/interbotix_xsarm_descriptions//meshes/px150_meshes/gripper_bar.stl
-- Installing: /home/carson/interbotix_ws/install/interbotix_xsarm_descriptions/share/interbotix_xsarm_descriptions//meshes/px150_meshes/gripper_prop.stl
-- Installing: /home/carson/interbotix_ws/install/interbotix_xsarm_descriptions/share/interbotix_xsarm_descriptions//meshes/mobile_wx250s_meshes
-- Installing: /home/carson/interbotix_ws/install/interbotix_xsarm_descriptions/share/interbotix_xsarm_descriptions//meshes/mobile_wx250s_meshes/upper_arm.stl
-- Installing: /home/carson/interbotix_ws/install/interbotix_xsarm_descriptions/share/interbotix_xsarm_descriptions//meshes/mobile_wx250s_meshes/wrist.stl
-- Installing: /home/carson/interbotix_ws/install/interbotix_xsarm_descriptions/share/interbotix_xsarm_descriptions//meshes/mobile_wx250s_meshes/gripper.stl
-- Installing: /home/carson/interbotix_ws/install/interbotix_xsarm_descriptions/share/interbotix_xsarm_descriptions//meshes/mobile_wx250s_meshes/lower_forearm.stl
-- Installing: /home/carson/interbotix_ws/install/interbotix_xsarm_descriptions/share/interbotix_xsarm_descriptions//meshes/mobile_wx250s_meshes/gripper_finger.stl
-- Installing: /home/carson/interbotix_ws/install/interbotix_xsarm_descriptions/share/interbotix_xsarm_descriptions//meshes/mobile_wx250s_meshes/base.stl
-- Installing: /home/carson/interbotix_ws/install/interbotix_xsarm_descriptions/share/interbotix_xsarm_descriptions//meshes/mobile_wx250s_meshes/upper_forearm.stl
-- Installing: /home/carson/interbotix_ws/install/interbotix_xsarm_descriptions/share/interbotix_xsarm_descriptions//meshes/mobile_wx250s_meshes/shoulder.stl
-- Installing: /home/carson/interbotix_ws/install/interbotix_xsarm_descriptions/share/interbotix_xsarm_descriptions//meshes/mobile_wx250s_meshes/gripper_bar.stl
-- Installing: /home/carson/interbotix_ws/install/interbotix_xsarm_descriptions/share/interbotix_xsarm_descriptions//meshes/mobile_wx250s_meshes/gripper_prop.stl
-- Installing: /home/carson/interbotix_ws/install/interbotix_xsarm_descriptions/share/interbotix_xsarm_descriptions//meshes/rx200_meshes
-- Installing: /home/carson/interbotix_ws/install/interbotix_xsarm_descriptions/share/interbotix_xsarm_descriptions//meshes/rx200_meshes/upper_arm.stl
-- Installing: /home/carson/interbotix_ws/install/interbotix_xsarm_descriptions/share/interbotix_xsarm_descriptions//meshes/rx200_meshes/wrist.stl
-- Installing: /home/carson/interbotix_ws/install/interbotix_xsarm_descriptions/share/interbotix_xsarm_descriptions//meshes/rx200_meshes/gripper.stl
-- Installing: /home/carson/interbotix_ws/install/interbotix_xsarm_descriptions/share/interbotix_xsarm_descriptions//meshes/rx200_meshes/gripper_finger.stl
-- Installing: /home/carson/interbotix_ws/install/interbotix_xsarm_descriptions/share/interbotix_xsarm_descriptions//meshes/rx200_meshes/base.stl
-- Installing: /home/carson/interbotix_ws/install/interbotix_xsarm_descriptions/share/interbotix_xsarm_descriptions//meshes/rx200_meshes/forearm.stl
-- Installing: /home/carson/interbotix_ws/install/interbotix_xsarm_descriptions/share/interbotix_xsarm_descriptions//meshes/rx200_meshes/shoulder.stl
-- Installing: /home/carson/interbotix_ws/install/interbotix_xsarm_descriptions/share/interbotix_xsarm_descriptions//meshes/rx200_meshes/gripper_bar.stl
-- Installing: /home/carson/interbotix_ws/install/interbotix_xsarm_descriptions/share/interbotix_xsarm_descriptions//meshes/rx200_meshes/gripper_prop.stl
-- Installing: /home/carson/interbotix_ws/install/interbotix_xsarm_descriptions/share/interbotix_xsarm_descriptions//meshes/ar_tag.stl
-- Installing: /home/carson/interbotix_ws/install/interbotix_xsarm_descriptions/share/interbotix_xsarm_descriptions//rviz
-- Installing: /home/carson/interbotix_ws/install/interbotix_xsarm_descriptions/share/interbotix_xsarm_descriptions//rviz/xsarm_description.rviz
-- Installing: /home/carson/interbotix_ws/install/interbotix_xsarm_descriptions/share/ament_index/resource_index/package_run_dependencies/interbotix_xsarm_descriptions
-- Installing: /home/carson/interbotix_ws/install/interbotix_xsarm_descriptions/share/ament_index/resource_index/parent_prefix_path/interbotix_xsarm_descriptions
-- Installing: /home/carson/interbotix_ws/install/interbotix_xsarm_descriptions/share/interbotix_xsarm_descriptions/environment/ament_prefix_path.sh
-- Installing: /home/carson/interbotix_ws/install/interbotix_xsarm_descriptions/share/interbotix_xsarm_descriptions/environment/ament_prefix_path.dsv
-- Installing: /home/carson/interbotix_ws/install/interbotix_xsarm_descriptions/share/interbotix_xsarm_descriptions/environment/path.sh
-- Installing: /home/carson/interbotix_ws/install/interbotix_xsarm_descriptions/share/interbotix_xsarm_descriptions/environment/path.dsv
-- Installing: /home/carson/interbotix_ws/install/interbotix_xsarm_descriptions/share/interbotix_xsarm_descriptions/local_setup.bash
-- Installing: /home/carson/interbotix_ws/install/interbotix_xsarm_descriptions/share/interbotix_xsarm_descriptions/local_setup.sh
-- Installing: /home/carson/interbotix_ws/install/interbotix_xsarm_descriptions/share/interbotix_xsarm_descriptions/local_setup.zsh
-- Installing: /home/carson/interbotix_ws/install/interbotix_xsarm_descriptions/share/interbotix_xsarm_descriptions/local_setup.dsv
-- Installing: /home/carson/interbotix_ws/install/interbotix_xsarm_descriptions/share/interbotix_xsarm_descriptions/package.dsv
-- Installing: /home/carson/interbotix_ws/install/interbotix_xsarm_descriptions/share/ament_index/resource_index/packages/interbotix_xsarm_descriptions
-- Installing: /home/carson/interbotix_ws/install/interbotix_xsarm_descriptions/share/interbotix_xsarm_descriptions/cmake/interbotix_xsarm_descriptionsConfig.cmake
-- Installing: /home/carson/interbotix_ws/install/interbotix_xsarm_descriptions/share/interbotix_xsarm_descriptions/cmake/interbotix_xsarm_descriptionsConfig-version.cmake
-- Installing: /home/carson/interbotix_ws/install/interbotix_xsarm_descriptions/share/interbotix_xsarm_descriptions/package.xml
